Determining if the function crc32c_value exists in the crc32c failed with the following output:
Change Dir: /home/ec2-user/s3/S3C++/CMakeFiles/CMakeTmp

Run Build Command(s):/usr/bin/gmake -f Makefile cmTC_069a8/fast && /usr/bin/gmake  -f CMakeFiles/cmTC_069a8.dir/build.make CMakeFiles/cmTC_069a8.dir/build
gmake[1]: Entering directory '/home/ec2-user/s3/S3C++/CMakeFiles/CMakeTmp'
Building C object CMakeFiles/cmTC_069a8.dir/CheckFunctionExists.c.o
/usr/bin/cc   -DCHECK_FUNCTION_EXISTS=crc32c_value -std=c11 -o CMakeFiles/cmTC_069a8.dir/CheckFunctionExists.c.o -c /usr/share/cmake/Modules/CheckFunctionExists.c
Linking C executable cmTC_069a8
/usr/bin/cmake -E cmake_link_script CMakeFiles/cmTC_069a8.dir/link.txt --verbose=1
/usr/bin/cc  -DCHECK_FUNCTION_EXISTS=crc32c_value CMakeFiles/cmTC_069a8.dir/CheckFunctionExists.c.o -o cmTC_069a8  -lcrc32c 
/usr/bin/ld: cannot find -lcrc32c: No such file or directory
collect2: error: ld returned 1 exit status
gmake[1]: *** [CMakeFiles/cmTC_069a8.dir/build.make:99: cmTC_069a8] Error 1
gmake[1]: Leaving directory '/home/ec2-user/s3/S3C++/CMakeFiles/CMakeTmp'
gmake: *** [Makefile:127: cmTC_069a8/fast] Error 2



Determining if the function snappy_compress exists in the snappy failed with the following output:
Change Dir: /home/ec2-user/s3/S3C++/CMakeFiles/CMakeTmp

Run Build Command(s):/usr/bin/gmake -f Makefile cmTC_5e69c/fast && /usr/bin/gmake  -f CMakeFiles/cmTC_5e69c.dir/build.make CMakeFiles/cmTC_5e69c.dir/build
gmake[1]: Entering directory '/home/ec2-user/s3/S3C++/CMakeFiles/CMakeTmp'
Building C object CMakeFiles/cmTC_5e69c.dir/CheckFunctionExists.c.o
/usr/bin/cc   -DCHECK_FUNCTION_EXISTS=snappy_compress -std=c11 -o CMakeFiles/cmTC_5e69c.dir/CheckFunctionExists.c.o -c /usr/share/cmake/Modules/CheckFunctionExists.c
Linking C executable cmTC_5e69c
/usr/bin/cmake -E cmake_link_script CMakeFiles/cmTC_5e69c.dir/link.txt --verbose=1
/usr/bin/cc  -DCHECK_FUNCTION_EXISTS=snappy_compress CMakeFiles/cmTC_5e69c.dir/CheckFunctionExists.c.o -o cmTC_5e69c  -lsnappy 
/usr/bin/ld: cannot find -lsnappy: No such file or directory
collect2: error: ld returned 1 exit status
gmake[1]: *** [CMakeFiles/cmTC_5e69c.dir/build.make:99: cmTC_5e69c] Error 1
gmake[1]: Leaving directory '/home/ec2-user/s3/S3C++/CMakeFiles/CMakeTmp'
gmake: *** [Makefile:127: cmTC_5e69c/fast] Error 2



Determining if the function zstd_compress exists in the zstd failed with the following output:
Change Dir: /home/ec2-user/s3/S3C++/CMakeFiles/CMakeTmp

Run Build Command(s):/usr/bin/gmake -f Makefile cmTC_60d96/fast && /usr/bin/gmake  -f CMakeFiles/cmTC_60d96.dir/build.make CMakeFiles/cmTC_60d96.dir/build
gmake[1]: Entering directory '/home/ec2-user/s3/S3C++/CMakeFiles/CMakeTmp'
Building C object CMakeFiles/cmTC_60d96.dir/CheckFunctionExists.c.o
/usr/bin/cc   -DCHECK_FUNCTION_EXISTS=zstd_compress -std=c11 -o CMakeFiles/cmTC_60d96.dir/CheckFunctionExists.c.o -c /usr/share/cmake/Modules/CheckFunctionExists.c
Linking C executable cmTC_60d96
/usr/bin/cmake -E cmake_link_script CMakeFiles/cmTC_60d96.dir/link.txt --verbose=1
/usr/bin/cc  -DCHECK_FUNCTION_EXISTS=zstd_compress CMakeFiles/cmTC_60d96.dir/CheckFunctionExists.c.o -o cmTC_60d96  -lzstd 
/usr/bin/ld: cannot find -lzstd: No such file or directory
collect2: error: ld returned 1 exit status
gmake[1]: *** [CMakeFiles/cmTC_60d96.dir/build.make:99: cmTC_60d96] Error 1
gmake[1]: Leaving directory '/home/ec2-user/s3/S3C++/CMakeFiles/CMakeTmp'
gmake: *** [Makefile:127: cmTC_60d96/fast] Error 2



Determining if the function malloc exists in the tcmalloc failed with the following output:
Change Dir: /home/ec2-user/s3/S3C++/CMakeFiles/CMakeTmp

Run Build Command(s):/usr/bin/gmake -f Makefile cmTC_04da9/fast && /usr/bin/gmake  -f CMakeFiles/cmTC_04da9.dir/build.make CMakeFiles/cmTC_04da9.dir/build
gmake[1]: Entering directory '/home/ec2-user/s3/S3C++/CMakeFiles/CMakeTmp'
Building C object CMakeFiles/cmTC_04da9.dir/CheckFunctionExists.c.o
/usr/bin/cc   -DCHECK_FUNCTION_EXISTS=malloc -std=c11 -o CMakeFiles/cmTC_04da9.dir/CheckFunctionExists.c.o -c /usr/share/cmake/Modules/CheckFunctionExists.c
<command-line>: warning: conflicting types for built-in function ‘malloc’; expected ‘void *(long unsigned int)’ [-Wbuiltin-declaration-mismatch]
/usr/share/cmake/Modules/CheckFunctionExists.c:7:3: note: in expansion of macro ‘CHECK_FUNCTION_EXISTS’
    7 |   CHECK_FUNCTION_EXISTS(void);
      |   ^~~~~~~~~~~~~~~~~~~~~
/usr/share/cmake/Modules/CheckFunctionExists.c:1:1: note: ‘malloc’ is declared in header ‘<stdlib.h>’
  +++ |+#include <stdlib.h>
    1 | #ifdef CHECK_FUNCTION_EXISTS
Linking C executable cmTC_04da9
/usr/bin/cmake -E cmake_link_script CMakeFiles/cmTC_04da9.dir/link.txt --verbose=1
/usr/bin/cc  -DCHECK_FUNCTION_EXISTS=malloc CMakeFiles/cmTC_04da9.dir/CheckFunctionExists.c.o -o cmTC_04da9  -ltcmalloc 
/usr/bin/ld: cannot find -ltcmalloc: No such file or directory
collect2: error: ld returned 1 exit status
gmake[1]: *** [CMakeFiles/cmTC_04da9.dir/build.make:99: cmTC_04da9] Error 1
gmake[1]: Leaving directory '/home/ec2-user/s3/S3C++/CMakeFiles/CMakeTmp'
gmake: *** [Makefile:127: cmTC_04da9/fast] Error 2



Determining if the F_FULLFSYNC exist failed with the following output:
Change Dir: /home/ec2-user/s3/S3C++/CMakeFiles/CMakeTmp

Run Build Command(s):/usr/bin/gmake -f Makefile cmTC_9699e/fast && /usr/bin/gmake  -f CMakeFiles/cmTC_9699e.dir/build.make CMakeFiles/cmTC_9699e.dir/build
gmake[1]: Entering directory '/home/ec2-user/s3/S3C++/CMakeFiles/CMakeTmp'
Building CXX object CMakeFiles/cmTC_9699e.dir/CheckSymbolExists.cxx.o
/usr/bin/c++   -std=gnu++17 -o CMakeFiles/cmTC_9699e.dir/CheckSymbolExists.cxx.o -c /home/ec2-user/s3/S3C++/CMakeFiles/CMakeTmp/CheckSymbolExists.cxx
/home/ec2-user/s3/S3C++/CMakeFiles/CMakeTmp/CheckSymbolExists.cxx: In function ‘int main(int, char**)’:
/home/ec2-user/s3/S3C++/CMakeFiles/CMakeTmp/CheckSymbolExists.cxx:8:19: error: ‘F_FULLFSYNC’ was not declared in this scope
    8 |   return ((int*)(&F_FULLFSYNC))[argc];
      |                   ^~~~~~~~~~~
gmake[1]: *** [CMakeFiles/cmTC_9699e.dir/build.make:78: CMakeFiles/cmTC_9699e.dir/CheckSymbolExists.cxx.o] Error 1
gmake[1]: Leaving directory '/home/ec2-user/s3/S3C++/CMakeFiles/CMakeTmp'
gmake: *** [Makefile:127: cmTC_9699e/fast] Error 2


File /home/ec2-user/s3/S3C++/CMakeFiles/CMakeTmp/CheckSymbolExists.cxx:
/* */
#include <fcntl.h>

int main(int argc, char** argv)
{
  (void)argv;
#ifndef F_FULLFSYNC
  return ((int*)(&F_FULLFSYNC))[argc];
#else
  (void)argc;
  return 0;
#endif
}
Performing C++ SOURCE FILE Test HAVE_CLANG_THREAD_SAFETY failed with the following output:
Change Dir: /home/ec2-user/s3/S3C++/CMakeFiles/CMakeTmp

Run Build Command(s):/usr/bin/gmake -f Makefile cmTC_e390e/fast && /usr/bin/gmake  -f CMakeFiles/cmTC_e390e.dir/build.make CMakeFiles/cmTC_e390e.dir/build
gmake[1]: Entering directory '/home/ec2-user/s3/S3C++/CMakeFiles/CMakeTmp'
Building CXX object CMakeFiles/cmTC_e390e.dir/src.cxx.o
/usr/bin/c++ -DHAVE_CLANG_THREAD_SAFETY  -fno-exceptions -fno-rtti    -Wthread-safety -std=gnu++17 -o CMakeFiles/cmTC_e390e.dir/src.cxx.o -c /home/ec2-user/s3/S3C++/CMakeFiles/CMakeTmp/src.cxx
c++: error: unrecognized command-line option '-Wthread-safety'
gmake[1]: *** [CMakeFiles/cmTC_e390e.dir/build.make:78: CMakeFiles/cmTC_e390e.dir/src.cxx.o] Error 1
gmake[1]: Leaving directory '/home/ec2-user/s3/S3C++/CMakeFiles/CMakeTmp'
gmake: *** [Makefile:127: cmTC_e390e/fast] Error 2


Source file was:
int main() { return 0; }
Performing C++ SOURCE FILE Test HAVE_CXX_FLAG_WSHORTEN_64_TO_32 failed with the following output:
Change Dir: /home/ec2-user/s3/S3C++/CMakeFiles/CMakeTmp

Run Build Command(s):/usr/bin/gmake -f Makefile cmTC_909ba/fast && /usr/bin/gmake  -f CMakeFiles/cmTC_909ba.dir/build.make CMakeFiles/cmTC_909ba.dir/build
gmake[1]: Entering directory '/home/ec2-user/s3/S3C++/CMakeFiles/CMakeTmp'
Building CXX object CMakeFiles/cmTC_909ba.dir/src.cxx.o
/usr/bin/c++ -DHAVE_CXX_FLAG_WSHORTEN_64_TO_32  -fno-exceptions -fno-rtti  -Wall  -Wextra  -Wshadow  -Wfloat-equal  -Werror  -Wsuggest-override  -pedantic  -pedantic-errors  -Wshorten-64-to-32   -Wshorten-64-to-32 -std=c++11 -o CMakeFiles/cmTC_909ba.dir/src.cxx.o -c /home/ec2-user/s3/S3C++/CMakeFiles/CMakeTmp/src.cxx
c++: error: unrecognized command-line option '-Wshorten-64-to-32'
c++: error: unrecognized command-line option '-Wshorten-64-to-32'
gmake[1]: *** [CMakeFiles/cmTC_909ba.dir/build.make:78: CMakeFiles/cmTC_909ba.dir/src.cxx.o] Error 1
gmake[1]: Leaving directory '/home/ec2-user/s3/S3C++/CMakeFiles/CMakeTmp'
gmake: *** [Makefile:127: cmTC_909ba/fast] Error 2


Source file was:
int main() { return 0; }
Performing C++ SOURCE FILE Test HAVE_CXX_FLAG_WD654 failed with the following output:
Change Dir: /home/ec2-user/s3/S3C++/CMakeFiles/CMakeTmp

Run Build Command(s):/usr/bin/gmake -f Makefile cmTC_2362f/fast && /usr/bin/gmake  -f CMakeFiles/cmTC_2362f.dir/build.make CMakeFiles/cmTC_2362f.dir/build
gmake[1]: Entering directory '/home/ec2-user/s3/S3C++/CMakeFiles/CMakeTmp'
Building CXX object CMakeFiles/cmTC_2362f.dir/src.cxx.o
/usr/bin/c++ -DHAVE_CXX_FLAG_WD654  -fno-exceptions -fno-rtti  -Wall  -Wextra  -Wshadow  -Wfloat-equal  -Werror  -Wsuggest-override  -pedantic  -pedantic-errors  -fstrict-aliasing  -Wno-deprecated-declarations  -Wno-deprecated  -fno-exceptions  -Wstrict-aliasing  -wd654   -wd654 -std=c++11 -o CMakeFiles/cmTC_2362f.dir/src.cxx.o -c /home/ec2-user/s3/S3C++/CMakeFiles/CMakeTmp/src.cxx
c++: error: unrecognized command-line option '-wd654'
c++: error: unrecognized command-line option '-wd654'
gmake[1]: *** [CMakeFiles/cmTC_2362f.dir/build.make:78: CMakeFiles/cmTC_2362f.dir/src.cxx.o] Error 1
gmake[1]: Leaving directory '/home/ec2-user/s3/S3C++/CMakeFiles/CMakeTmp'
gmake: *** [Makefile:127: cmTC_2362f/fast] Error 2


Source file was:
int main() { return 0; }
Performing C++ SOURCE FILE Test HAVE_CXX_FLAG_WTHREAD_SAFETY failed with the following output:
Change Dir: /home/ec2-user/s3/S3C++/CMakeFiles/CMakeTmp

Run Build Command(s):/usr/bin/gmake -f Makefile cmTC_3afaf/fast && /usr/bin/gmake  -f CMakeFiles/cmTC_3afaf.dir/build.make CMakeFiles/cmTC_3afaf.dir/build
gmake[1]: Entering directory '/home/ec2-user/s3/S3C++/CMakeFiles/CMakeTmp'
Building CXX object CMakeFiles/cmTC_3afaf.dir/src.cxx.o
/usr/bin/c++ -DHAVE_CXX_FLAG_WTHREAD_SAFETY  -fno-exceptions -fno-rtti  -Wall  -Wextra  -Wshadow  -Wfloat-equal  -Werror  -Wsuggest-override  -pedantic  -pedantic-errors  -fstrict-aliasing  -Wno-deprecated-declarations  -Wno-deprecated  -fno-exceptions  -Wstrict-aliasing  -Wthread-safety   -Wthread-safety -std=c++11 -o CMakeFiles/cmTC_3afaf.dir/src.cxx.o -c /home/ec2-user/s3/S3C++/CMakeFiles/CMakeTmp/src.cxx
c++: error: unrecognized command-line option '-Wthread-safety'
c++: error: unrecognized command-line option '-Wthread-safety'
gmake[1]: *** [CMakeFiles/cmTC_3afaf.dir/build.make:78: CMakeFiles/cmTC_3afaf.dir/src.cxx.o] Error 1
gmake[1]: Leaving directory '/home/ec2-user/s3/S3C++/CMakeFiles/CMakeTmp'
gmake: *** [Makefile:127: cmTC_3afaf/fast] Error 2


Source file was:
int main() { return 0; }
Determining if the function sqlite3_open exists in the sqlite3 failed with the following output:
Change Dir: /home/ec2-user/s3/S3C++/CMakeFiles/CMakeTmp

Run Build Command(s):/usr/bin/gmake -f Makefile cmTC_eaa40/fast && /usr/bin/gmake  -f CMakeFiles/cmTC_eaa40.dir/build.make CMakeFiles/cmTC_eaa40.dir/build
gmake[1]: Entering directory '/home/ec2-user/s3/S3C++/CMakeFiles/CMakeTmp'
Building C object CMakeFiles/cmTC_eaa40.dir/CheckFunctionExists.c.o
/usr/bin/cc   -Wstrict-prototypes -DCHECK_FUNCTION_EXISTS=sqlite3_open -std=c11 -o CMakeFiles/cmTC_eaa40.dir/CheckFunctionExists.c.o -c /usr/share/cmake/Modules/CheckFunctionExists.c
Linking C executable cmTC_eaa40
/usr/bin/cmake -E cmake_link_script CMakeFiles/cmTC_eaa40.dir/link.txt --verbose=1
/usr/bin/cc  -Wstrict-prototypes -DCHECK_FUNCTION_EXISTS=sqlite3_open CMakeFiles/cmTC_eaa40.dir/CheckFunctionExists.c.o -o cmTC_eaa40  -lsqlite3 
/usr/bin/ld: cannot find -lsqlite3: No such file or directory
collect2: error: ld returned 1 exit status
gmake[1]: *** [CMakeFiles/cmTC_eaa40.dir/build.make:99: cmTC_eaa40] Error 1
gmake[1]: Leaving directory '/home/ec2-user/s3/S3C++/CMakeFiles/CMakeTmp'
gmake: *** [Makefile:127: cmTC_eaa40/fast] Error 2



Performing C++ SOURCE FILE Test HAVE_KYOTOCABINET failed with the following output:
Change Dir: /home/ec2-user/s3/S3C++/CMakeFiles/CMakeTmp

Run Build Command(s):/usr/bin/gmake -f Makefile cmTC_371c0/fast && /usr/bin/gmake  -f CMakeFiles/cmTC_371c0.dir/build.make CMakeFiles/cmTC_371c0.dir/build
gmake[1]: Entering directory '/home/ec2-user/s3/S3C++/CMakeFiles/CMakeTmp'
Building CXX object CMakeFiles/cmTC_371c0.dir/src.cxx.o
/usr/bin/c++ -DHAVE_KYOTOCABINET  -fno-exceptions -fno-rtti  -std=gnu++17 -o CMakeFiles/cmTC_371c0.dir/src.cxx.o -c /home/ec2-user/s3/S3C++/CMakeFiles/CMakeTmp/src.cxx
/home/ec2-user/s3/S3C++/CMakeFiles/CMakeTmp/src.cxx:2:10: fatal error: kcpolydb.h: No such file or directory
    2 | #include <kcpolydb.h>
      |          ^~~~~~~~~~~~
compilation terminated.
gmake[1]: *** [CMakeFiles/cmTC_371c0.dir/build.make:78: CMakeFiles/cmTC_371c0.dir/src.cxx.o] Error 1
gmake[1]: Leaving directory '/home/ec2-user/s3/S3C++/CMakeFiles/CMakeTmp'
gmake: *** [Makefile:127: cmTC_371c0/fast] Error 2


Source file was:

#include <kcpolydb.h>

int main() {
  kyotocabinet::TreeDB* db = new kyotocabinet::TreeDB();
  delete db;
  return 0;
}
  
