Determining if the function crc32c_value exists in the crc32c failed with the following output:
Change Dir: /home/ec2-user/s3/S3C++/build/CMakeFiles/CMakeTmp

Run Build Command(s):/usr/bin/gmake -f Makefile cmTC_3857b/fast && /usr/bin/gmake  -f CMakeFiles/cmTC_3857b.dir/build.make CMakeFiles/cmTC_3857b.dir/build
gmake[1]: Entering directory '/home/ec2-user/s3/S3C++/build/CMakeFiles/CMakeTmp'
Building C object CMakeFiles/cmTC_3857b.dir/CheckFunctionExists.c.o
/usr/bin/cc   -DCHECK_FUNCTION_EXISTS=crc32c_value -std=c11 -o CMakeFiles/cmTC_3857b.dir/CheckFunctionExists.c.o -c /usr/share/cmake/Modules/CheckFunctionExists.c
Linking C executable cmTC_3857b
/usr/bin/cmake -E cmake_link_script CMakeFiles/cmTC_3857b.dir/link.txt --verbose=1
/usr/bin/cc  -DCHECK_FUNCTION_EXISTS=crc32c_value CMakeFiles/cmTC_3857b.dir/CheckFunctionExists.c.o -o cmTC_3857b  -lcrc32c 
/usr/bin/ld: cannot find -lcrc32c: No such file or directory
collect2: error: ld returned 1 exit status
gmake[1]: *** [CMakeFiles/cmTC_3857b.dir/build.make:99: cmTC_3857b] Error 1
gmake[1]: Leaving directory '/home/ec2-user/s3/S3C++/build/CMakeFiles/CMakeTmp'
gmake: *** [Makefile:127: cmTC_3857b/fast] Error 2



Determining if the function snappy_compress exists in the snappy failed with the following output:
Change Dir: /home/ec2-user/s3/S3C++/build/CMakeFiles/CMakeTmp

Run Build Command(s):/usr/bin/gmake -f Makefile cmTC_66491/fast && /usr/bin/gmake  -f CMakeFiles/cmTC_66491.dir/build.make CMakeFiles/cmTC_66491.dir/build
gmake[1]: Entering directory '/home/ec2-user/s3/S3C++/build/CMakeFiles/CMakeTmp'
Building C object CMakeFiles/cmTC_66491.dir/CheckFunctionExists.c.o
/usr/bin/cc   -DCHECK_FUNCTION_EXISTS=snappy_compress -std=c11 -o CMakeFiles/cmTC_66491.dir/CheckFunctionExists.c.o -c /usr/share/cmake/Modules/CheckFunctionExists.c
Linking C executable cmTC_66491
/usr/bin/cmake -E cmake_link_script CMakeFiles/cmTC_66491.dir/link.txt --verbose=1
/usr/bin/cc  -DCHECK_FUNCTION_EXISTS=snappy_compress CMakeFiles/cmTC_66491.dir/CheckFunctionExists.c.o -o cmTC_66491  -lsnappy 
/usr/bin/ld: cannot find -lsnappy: No such file or directory
collect2: error: ld returned 1 exit status
gmake[1]: *** [CMakeFiles/cmTC_66491.dir/build.make:99: cmTC_66491] Error 1
gmake[1]: Leaving directory '/home/ec2-user/s3/S3C++/build/CMakeFiles/CMakeTmp'
gmake: *** [Makefile:127: cmTC_66491/fast] Error 2



Determining if the function zstd_compress exists in the zstd failed with the following output:
Change Dir: /home/ec2-user/s3/S3C++/build/CMakeFiles/CMakeTmp

Run Build Command(s):/usr/bin/gmake -f Makefile cmTC_a09ba/fast && /usr/bin/gmake  -f CMakeFiles/cmTC_a09ba.dir/build.make CMakeFiles/cmTC_a09ba.dir/build
gmake[1]: Entering directory '/home/ec2-user/s3/S3C++/build/CMakeFiles/CMakeTmp'
Building C object CMakeFiles/cmTC_a09ba.dir/CheckFunctionExists.c.o
/usr/bin/cc   -DCHECK_FUNCTION_EXISTS=zstd_compress -std=c11 -o CMakeFiles/cmTC_a09ba.dir/CheckFunctionExists.c.o -c /usr/share/cmake/Modules/CheckFunctionExists.c
Linking C executable cmTC_a09ba
/usr/bin/cmake -E cmake_link_script CMakeFiles/cmTC_a09ba.dir/link.txt --verbose=1
/usr/bin/cc  -DCHECK_FUNCTION_EXISTS=zstd_compress CMakeFiles/cmTC_a09ba.dir/CheckFunctionExists.c.o -o cmTC_a09ba  -lzstd 
/usr/bin/ld: CMakeFiles/cmTC_a09ba.dir/CheckFunctionExists.c.o: in function `main':
CheckFunctionExists.c:(.text+0x10): undefined reference to `zstd_compress'
collect2: error: ld returned 1 exit status
gmake[1]: *** [CMakeFiles/cmTC_a09ba.dir/build.make:99: cmTC_a09ba] Error 1
gmake[1]: Leaving directory '/home/ec2-user/s3/S3C++/build/CMakeFiles/CMakeTmp'
gmake: *** [Makefile:127: cmTC_a09ba/fast] Error 2



Determining if the function malloc exists in the tcmalloc failed with the following output:
Change Dir: /home/ec2-user/s3/S3C++/build/CMakeFiles/CMakeTmp

Run Build Command(s):/usr/bin/gmake -f Makefile cmTC_6cac8/fast && /usr/bin/gmake  -f CMakeFiles/cmTC_6cac8.dir/build.make CMakeFiles/cmTC_6cac8.dir/build
gmake[1]: Entering directory '/home/ec2-user/s3/S3C++/build/CMakeFiles/CMakeTmp'
Building C object CMakeFiles/cmTC_6cac8.dir/CheckFunctionExists.c.o
/usr/bin/cc   -DCHECK_FUNCTION_EXISTS=malloc -std=c11 -o CMakeFiles/cmTC_6cac8.dir/CheckFunctionExists.c.o -c /usr/share/cmake/Modules/CheckFunctionExists.c
<command-line>: warning: conflicting types for built-in function ‘malloc’; expected ‘void *(long unsigned int)’ [-Wbuiltin-declaration-mismatch]
/usr/share/cmake/Modules/CheckFunctionExists.c:7:3: note: in expansion of macro ‘CHECK_FUNCTION_EXISTS’
    7 |   CHECK_FUNCTION_EXISTS(void);
      |   ^~~~~~~~~~~~~~~~~~~~~
/usr/share/cmake/Modules/CheckFunctionExists.c:1:1: note: ‘malloc’ is declared in header ‘<stdlib.h>’
  +++ |+#include <stdlib.h>
    1 | #ifdef CHECK_FUNCTION_EXISTS
Linking C executable cmTC_6cac8
/usr/bin/cmake -E cmake_link_script CMakeFiles/cmTC_6cac8.dir/link.txt --verbose=1
/usr/bin/cc  -DCHECK_FUNCTION_EXISTS=malloc CMakeFiles/cmTC_6cac8.dir/CheckFunctionExists.c.o -o cmTC_6cac8  -ltcmalloc 
/usr/bin/ld: cannot find -ltcmalloc: No such file or directory
collect2: error: ld returned 1 exit status
gmake[1]: *** [CMakeFiles/cmTC_6cac8.dir/build.make:99: cmTC_6cac8] Error 1
gmake[1]: Leaving directory '/home/ec2-user/s3/S3C++/build/CMakeFiles/CMakeTmp'
gmake: *** [Makefile:127: cmTC_6cac8/fast] Error 2



Determining if the F_FULLFSYNC exist failed with the following output:
Change Dir: /home/ec2-user/s3/S3C++/build/CMakeFiles/CMakeTmp

Run Build Command(s):/usr/bin/gmake -f Makefile cmTC_ccf75/fast && /usr/bin/gmake  -f CMakeFiles/cmTC_ccf75.dir/build.make CMakeFiles/cmTC_ccf75.dir/build
gmake[1]: Entering directory '/home/ec2-user/s3/S3C++/build/CMakeFiles/CMakeTmp'
Building CXX object CMakeFiles/cmTC_ccf75.dir/CheckSymbolExists.cxx.o
/usr/bin/c++   -std=gnu++17 -o CMakeFiles/cmTC_ccf75.dir/CheckSymbolExists.cxx.o -c /home/ec2-user/s3/S3C++/build/CMakeFiles/CMakeTmp/CheckSymbolExists.cxx
/home/ec2-user/s3/S3C++/build/CMakeFiles/CMakeTmp/CheckSymbolExists.cxx: In function ‘int main(int, char**)’:
/home/ec2-user/s3/S3C++/build/CMakeFiles/CMakeTmp/CheckSymbolExists.cxx:8:19: error: ‘F_FULLFSYNC’ was not declared in this scope
    8 |   return ((int*)(&F_FULLFSYNC))[argc];
      |                   ^~~~~~~~~~~
gmake[1]: *** [CMakeFiles/cmTC_ccf75.dir/build.make:78: CMakeFiles/cmTC_ccf75.dir/CheckSymbolExists.cxx.o] Error 1
gmake[1]: Leaving directory '/home/ec2-user/s3/S3C++/build/CMakeFiles/CMakeTmp'
gmake: *** [Makefile:127: cmTC_ccf75/fast] Error 2


File /home/ec2-user/s3/S3C++/build/CMakeFiles/CMakeTmp/CheckSymbolExists.cxx:
/* */
#include <fcntl.h>

int main(int argc, char** argv)
{
  (void)argv;
#ifndef F_FULLFSYNC
  return ((int*)(&F_FULLFSYNC))[argc];
#else
  (void)argc;
  return 0;
#endif
}
Performing C++ SOURCE FILE Test HAVE_CLANG_THREAD_SAFETY failed with the following output:
Change Dir: /home/ec2-user/s3/S3C++/build/CMakeFiles/CMakeTmp

Run Build Command(s):/usr/bin/gmake -f Makefile cmTC_d123b/fast && /usr/bin/gmake  -f CMakeFiles/cmTC_d123b.dir/build.make CMakeFiles/cmTC_d123b.dir/build
gmake[1]: Entering directory '/home/ec2-user/s3/S3C++/build/CMakeFiles/CMakeTmp'
Building CXX object CMakeFiles/cmTC_d123b.dir/src.cxx.o
/usr/bin/c++ -DHAVE_CLANG_THREAD_SAFETY  -fno-exceptions -fno-rtti    -Wthread-safety -std=gnu++17 -o CMakeFiles/cmTC_d123b.dir/src.cxx.o -c /home/ec2-user/s3/S3C++/build/CMakeFiles/CMakeTmp/src.cxx
c++: error: unrecognized command-line option '-Wthread-safety'
gmake[1]: *** [CMakeFiles/cmTC_d123b.dir/build.make:78: CMakeFiles/cmTC_d123b.dir/src.cxx.o] Error 1
gmake[1]: Leaving directory '/home/ec2-user/s3/S3C++/build/CMakeFiles/CMakeTmp'
gmake: *** [Makefile:127: cmTC_d123b/fast] Error 2


Source file was:
int main() { return 0; }
Performing C++ SOURCE FILE Test HAVE_CXX_FLAG_WSHORTEN_64_TO_32 failed with the following output:
Change Dir: /home/ec2-user/s3/S3C++/build/CMakeFiles/CMakeTmp

Run Build Command(s):/usr/bin/gmake -f Makefile cmTC_aee68/fast && /usr/bin/gmake  -f CMakeFiles/cmTC_aee68.dir/build.make CMakeFiles/cmTC_aee68.dir/build
gmake[1]: Entering directory '/home/ec2-user/s3/S3C++/build/CMakeFiles/CMakeTmp'
Building CXX object CMakeFiles/cmTC_aee68.dir/src.cxx.o
/usr/bin/c++ -DHAVE_CXX_FLAG_WSHORTEN_64_TO_32  -fno-exceptions -fno-rtti  -Wall  -Wextra  -Wshadow  -Wfloat-equal  -Werror  -Wsuggest-override  -pedantic  -pedantic-errors  -Wshorten-64-to-32   -Wshorten-64-to-32 -std=c++11 -o CMakeFiles/cmTC_aee68.dir/src.cxx.o -c /home/ec2-user/s3/S3C++/build/CMakeFiles/CMakeTmp/src.cxx
c++: error: unrecognized command-line option '-Wshorten-64-to-32'
c++: error: unrecognized command-line option '-Wshorten-64-to-32'
gmake[1]: *** [CMakeFiles/cmTC_aee68.dir/build.make:78: CMakeFiles/cmTC_aee68.dir/src.cxx.o] Error 1
gmake[1]: Leaving directory '/home/ec2-user/s3/S3C++/build/CMakeFiles/CMakeTmp'
gmake: *** [Makefile:127: cmTC_aee68/fast] Error 2


Source file was:
int main() { return 0; }
Performing C++ SOURCE FILE Test HAVE_CXX_FLAG_WD654 failed with the following output:
Change Dir: /home/ec2-user/s3/S3C++/build/CMakeFiles/CMakeTmp

Run Build Command(s):/usr/bin/gmake -f Makefile cmTC_c4f8f/fast && /usr/bin/gmake  -f CMakeFiles/cmTC_c4f8f.dir/build.make CMakeFiles/cmTC_c4f8f.dir/build
gmake[1]: Entering directory '/home/ec2-user/s3/S3C++/build/CMakeFiles/CMakeTmp'
Building CXX object CMakeFiles/cmTC_c4f8f.dir/src.cxx.o
/usr/bin/c++ -DHAVE_CXX_FLAG_WD654  -fno-exceptions -fno-rtti  -Wall  -Wextra  -Wshadow  -Wfloat-equal  -Werror  -Wsuggest-override  -pedantic  -pedantic-errors  -fstrict-aliasing  -Wno-deprecated-declarations  -Wno-deprecated  -fno-exceptions  -Wstrict-aliasing  -wd654   -wd654 -std=c++11 -o CMakeFiles/cmTC_c4f8f.dir/src.cxx.o -c /home/ec2-user/s3/S3C++/build/CMakeFiles/CMakeTmp/src.cxx
c++: error: unrecognized command-line option '-wd654'
c++: error: unrecognized command-line option '-wd654'
gmake[1]: *** [CMakeFiles/cmTC_c4f8f.dir/build.make:78: CMakeFiles/cmTC_c4f8f.dir/src.cxx.o] Error 1
gmake[1]: Leaving directory '/home/ec2-user/s3/S3C++/build/CMakeFiles/CMakeTmp'
gmake: *** [Makefile:127: cmTC_c4f8f/fast] Error 2


Source file was:
int main() { return 0; }
Performing C++ SOURCE FILE Test HAVE_CXX_FLAG_WTHREAD_SAFETY failed with the following output:
Change Dir: /home/ec2-user/s3/S3C++/build/CMakeFiles/CMakeTmp

Run Build Command(s):/usr/bin/gmake -f Makefile cmTC_87055/fast && /usr/bin/gmake  -f CMakeFiles/cmTC_87055.dir/build.make CMakeFiles/cmTC_87055.dir/build
gmake[1]: Entering directory '/home/ec2-user/s3/S3C++/build/CMakeFiles/CMakeTmp'
Building CXX object CMakeFiles/cmTC_87055.dir/src.cxx.o
/usr/bin/c++ -DHAVE_CXX_FLAG_WTHREAD_SAFETY  -fno-exceptions -fno-rtti  -Wall  -Wextra  -Wshadow  -Wfloat-equal  -Werror  -Wsuggest-override  -pedantic  -pedantic-errors  -fstrict-aliasing  -Wno-deprecated-declarations  -Wno-deprecated  -fno-exceptions  -Wstrict-aliasing  -Wthread-safety   -Wthread-safety -std=c++11 -o CMakeFiles/cmTC_87055.dir/src.cxx.o -c /home/ec2-user/s3/S3C++/build/CMakeFiles/CMakeTmp/src.cxx
c++: error: unrecognized command-line option '-Wthread-safety'
c++: error: unrecognized command-line option '-Wthread-safety'
gmake[1]: *** [CMakeFiles/cmTC_87055.dir/build.make:78: CMakeFiles/cmTC_87055.dir/src.cxx.o] Error 1
gmake[1]: Leaving directory '/home/ec2-user/s3/S3C++/build/CMakeFiles/CMakeTmp'
gmake: *** [Makefile:127: cmTC_87055/fast] Error 2


Source file was:
int main() { return 0; }
Determining if the function sqlite3_open exists in the sqlite3 failed with the following output:
Change Dir: /home/ec2-user/s3/S3C++/build/CMakeFiles/CMakeTmp

Run Build Command(s):/usr/bin/gmake -f Makefile cmTC_a0db6/fast && /usr/bin/gmake  -f CMakeFiles/cmTC_a0db6.dir/build.make CMakeFiles/cmTC_a0db6.dir/build
gmake[1]: Entering directory '/home/ec2-user/s3/S3C++/build/CMakeFiles/CMakeTmp'
Building C object CMakeFiles/cmTC_a0db6.dir/CheckFunctionExists.c.o
/usr/bin/cc   -Wstrict-prototypes -DCHECK_FUNCTION_EXISTS=sqlite3_open -std=c11 -o CMakeFiles/cmTC_a0db6.dir/CheckFunctionExists.c.o -c /usr/share/cmake/Modules/CheckFunctionExists.c
Linking C executable cmTC_a0db6
/usr/bin/cmake -E cmake_link_script CMakeFiles/cmTC_a0db6.dir/link.txt --verbose=1
/usr/bin/cc  -Wstrict-prototypes -DCHECK_FUNCTION_EXISTS=sqlite3_open CMakeFiles/cmTC_a0db6.dir/CheckFunctionExists.c.o -o cmTC_a0db6  -lsqlite3 
/usr/bin/ld: cannot find -lsqlite3: No such file or directory
collect2: error: ld returned 1 exit status
gmake[1]: *** [CMakeFiles/cmTC_a0db6.dir/build.make:99: cmTC_a0db6] Error 1
gmake[1]: Leaving directory '/home/ec2-user/s3/S3C++/build/CMakeFiles/CMakeTmp'
gmake: *** [Makefile:127: cmTC_a0db6/fast] Error 2



Performing C++ SOURCE FILE Test HAVE_KYOTOCABINET failed with the following output:
Change Dir: /home/ec2-user/s3/S3C++/build/CMakeFiles/CMakeTmp

Run Build Command(s):/usr/bin/gmake -f Makefile cmTC_eb9c6/fast && /usr/bin/gmake  -f CMakeFiles/cmTC_eb9c6.dir/build.make CMakeFiles/cmTC_eb9c6.dir/build
gmake[1]: Entering directory '/home/ec2-user/s3/S3C++/build/CMakeFiles/CMakeTmp'
Building CXX object CMakeFiles/cmTC_eb9c6.dir/src.cxx.o
/usr/bin/c++ -DHAVE_KYOTOCABINET  -fno-exceptions -fno-rtti  -std=gnu++17 -o CMakeFiles/cmTC_eb9c6.dir/src.cxx.o -c /home/ec2-user/s3/S3C++/build/CMakeFiles/CMakeTmp/src.cxx
/home/ec2-user/s3/S3C++/build/CMakeFiles/CMakeTmp/src.cxx:2:10: fatal error: kcpolydb.h: No such file or directory
    2 | #include <kcpolydb.h>
      |          ^~~~~~~~~~~~
compilation terminated.
gmake[1]: *** [CMakeFiles/cmTC_eb9c6.dir/build.make:78: CMakeFiles/cmTC_eb9c6.dir/src.cxx.o] Error 1
gmake[1]: Leaving directory '/home/ec2-user/s3/S3C++/build/CMakeFiles/CMakeTmp'
gmake: *** [Makefile:127: cmTC_eb9c6/fast] Error 2


Source file was:

#include <kcpolydb.h>

int main() {
  kyotocabinet::TreeDB* db = new kyotocabinet::TreeDB();
  delete db;
  return 0;
}
  
Determining if the function crc32c_value exists in the crc32c failed with the following output:
Change Dir: /home/ec2-user/s3/S3C++/build/CMakeFiles/CMakeTmp

Run Build Command(s):/usr/bin/gmake -f Makefile cmTC_f21b7/fast && /usr/bin/gmake  -f CMakeFiles/cmTC_f21b7.dir/build.make CMakeFiles/cmTC_f21b7.dir/build
gmake[1]: Entering directory '/home/ec2-user/s3/S3C++/build/CMakeFiles/CMakeTmp'
Building C object CMakeFiles/cmTC_f21b7.dir/CheckFunctionExists.c.o
/usr/bin/cc   -DCHECK_FUNCTION_EXISTS=crc32c_value -std=c11 -o CMakeFiles/cmTC_f21b7.dir/CheckFunctionExists.c.o -c /usr/share/cmake/Modules/CheckFunctionExists.c
Linking C executable cmTC_f21b7
/usr/bin/cmake -E cmake_link_script CMakeFiles/cmTC_f21b7.dir/link.txt --verbose=1
/usr/bin/cc  -DCHECK_FUNCTION_EXISTS=crc32c_value CMakeFiles/cmTC_f21b7.dir/CheckFunctionExists.c.o -o cmTC_f21b7  -lcrc32c 
/usr/bin/ld: cannot find -lcrc32c: No such file or directory
collect2: error: ld returned 1 exit status
gmake[1]: *** [CMakeFiles/cmTC_f21b7.dir/build.make:99: cmTC_f21b7] Error 1
gmake[1]: Leaving directory '/home/ec2-user/s3/S3C++/build/CMakeFiles/CMakeTmp'
gmake: *** [Makefile:127: cmTC_f21b7/fast] Error 2



Determining if the function snappy_compress exists in the snappy failed with the following output:
Change Dir: /home/ec2-user/s3/S3C++/build/CMakeFiles/CMakeTmp

Run Build Command(s):/usr/bin/gmake -f Makefile cmTC_e5acf/fast && /usr/bin/gmake  -f CMakeFiles/cmTC_e5acf.dir/build.make CMakeFiles/cmTC_e5acf.dir/build
gmake[1]: Entering directory '/home/ec2-user/s3/S3C++/build/CMakeFiles/CMakeTmp'
Building C object CMakeFiles/cmTC_e5acf.dir/CheckFunctionExists.c.o
/usr/bin/cc   -DCHECK_FUNCTION_EXISTS=snappy_compress -std=c11 -o CMakeFiles/cmTC_e5acf.dir/CheckFunctionExists.c.o -c /usr/share/cmake/Modules/CheckFunctionExists.c
Linking C executable cmTC_e5acf
/usr/bin/cmake -E cmake_link_script CMakeFiles/cmTC_e5acf.dir/link.txt --verbose=1
/usr/bin/cc  -DCHECK_FUNCTION_EXISTS=snappy_compress CMakeFiles/cmTC_e5acf.dir/CheckFunctionExists.c.o -o cmTC_e5acf  -lsnappy 
/usr/bin/ld: cannot find -lsnappy: No such file or directory
collect2: error: ld returned 1 exit status
gmake[1]: *** [CMakeFiles/cmTC_e5acf.dir/build.make:99: cmTC_e5acf] Error 1
gmake[1]: Leaving directory '/home/ec2-user/s3/S3C++/build/CMakeFiles/CMakeTmp'
gmake: *** [Makefile:127: cmTC_e5acf/fast] Error 2



Determining if the function zstd_compress exists in the zstd failed with the following output:
Change Dir: /home/ec2-user/s3/S3C++/build/CMakeFiles/CMakeTmp

Run Build Command(s):/usr/bin/gmake -f Makefile cmTC_8fe4d/fast && /usr/bin/gmake  -f CMakeFiles/cmTC_8fe4d.dir/build.make CMakeFiles/cmTC_8fe4d.dir/build
gmake[1]: Entering directory '/home/ec2-user/s3/S3C++/build/CMakeFiles/CMakeTmp'
Building C object CMakeFiles/cmTC_8fe4d.dir/CheckFunctionExists.c.o
/usr/bin/cc   -DCHECK_FUNCTION_EXISTS=zstd_compress -std=c11 -o CMakeFiles/cmTC_8fe4d.dir/CheckFunctionExists.c.o -c /usr/share/cmake/Modules/CheckFunctionExists.c
Linking C executable cmTC_8fe4d
/usr/bin/cmake -E cmake_link_script CMakeFiles/cmTC_8fe4d.dir/link.txt --verbose=1
/usr/bin/cc  -DCHECK_FUNCTION_EXISTS=zstd_compress CMakeFiles/cmTC_8fe4d.dir/CheckFunctionExists.c.o -o cmTC_8fe4d  -lzstd 
/usr/bin/ld: CMakeFiles/cmTC_8fe4d.dir/CheckFunctionExists.c.o: in function `main':
CheckFunctionExists.c:(.text+0x10): undefined reference to `zstd_compress'
collect2: error: ld returned 1 exit status
gmake[1]: *** [CMakeFiles/cmTC_8fe4d.dir/build.make:99: cmTC_8fe4d] Error 1
gmake[1]: Leaving directory '/home/ec2-user/s3/S3C++/build/CMakeFiles/CMakeTmp'
gmake: *** [Makefile:127: cmTC_8fe4d/fast] Error 2



Determining if the function malloc exists in the tcmalloc failed with the following output:
Change Dir: /home/ec2-user/s3/S3C++/build/CMakeFiles/CMakeTmp

Run Build Command(s):/usr/bin/gmake -f Makefile cmTC_8fd70/fast && /usr/bin/gmake  -f CMakeFiles/cmTC_8fd70.dir/build.make CMakeFiles/cmTC_8fd70.dir/build
gmake[1]: Entering directory '/home/ec2-user/s3/S3C++/build/CMakeFiles/CMakeTmp'
Building C object CMakeFiles/cmTC_8fd70.dir/CheckFunctionExists.c.o
/usr/bin/cc   -DCHECK_FUNCTION_EXISTS=malloc -std=c11 -o CMakeFiles/cmTC_8fd70.dir/CheckFunctionExists.c.o -c /usr/share/cmake/Modules/CheckFunctionExists.c
<command-line>: warning: conflicting types for built-in function ‘malloc’; expected ‘void *(long unsigned int)’ [-Wbuiltin-declaration-mismatch]
/usr/share/cmake/Modules/CheckFunctionExists.c:7:3: note: in expansion of macro ‘CHECK_FUNCTION_EXISTS’
    7 |   CHECK_FUNCTION_EXISTS(void);
      |   ^~~~~~~~~~~~~~~~~~~~~
/usr/share/cmake/Modules/CheckFunctionExists.c:1:1: note: ‘malloc’ is declared in header ‘<stdlib.h>’
  +++ |+#include <stdlib.h>
    1 | #ifdef CHECK_FUNCTION_EXISTS
Linking C executable cmTC_8fd70
/usr/bin/cmake -E cmake_link_script CMakeFiles/cmTC_8fd70.dir/link.txt --verbose=1
/usr/bin/cc  -DCHECK_FUNCTION_EXISTS=malloc CMakeFiles/cmTC_8fd70.dir/CheckFunctionExists.c.o -o cmTC_8fd70  -ltcmalloc 
/usr/bin/ld: cannot find -ltcmalloc: No such file or directory
collect2: error: ld returned 1 exit status
gmake[1]: *** [CMakeFiles/cmTC_8fd70.dir/build.make:99: cmTC_8fd70] Error 1
gmake[1]: Leaving directory '/home/ec2-user/s3/S3C++/build/CMakeFiles/CMakeTmp'
gmake: *** [Makefile:127: cmTC_8fd70/fast] Error 2



Determining if the F_FULLFSYNC exist failed with the following output:
Change Dir: /home/ec2-user/s3/S3C++/build/CMakeFiles/CMakeTmp

Run Build Command(s):/usr/bin/gmake -f Makefile cmTC_b6d52/fast && /usr/bin/gmake  -f CMakeFiles/cmTC_b6d52.dir/build.make CMakeFiles/cmTC_b6d52.dir/build
gmake[1]: Entering directory '/home/ec2-user/s3/S3C++/build/CMakeFiles/CMakeTmp'
Building CXX object CMakeFiles/cmTC_b6d52.dir/CheckSymbolExists.cxx.o
/usr/bin/c++   -std=gnu++17 -o CMakeFiles/cmTC_b6d52.dir/CheckSymbolExists.cxx.o -c /home/ec2-user/s3/S3C++/build/CMakeFiles/CMakeTmp/CheckSymbolExists.cxx
/home/ec2-user/s3/S3C++/build/CMakeFiles/CMakeTmp/CheckSymbolExists.cxx: In function ‘int main(int, char**)’:
/home/ec2-user/s3/S3C++/build/CMakeFiles/CMakeTmp/CheckSymbolExists.cxx:8:19: error: ‘F_FULLFSYNC’ was not declared in this scope
    8 |   return ((int*)(&F_FULLFSYNC))[argc];
      |                   ^~~~~~~~~~~
gmake[1]: *** [CMakeFiles/cmTC_b6d52.dir/build.make:78: CMakeFiles/cmTC_b6d52.dir/CheckSymbolExists.cxx.o] Error 1
gmake[1]: Leaving directory '/home/ec2-user/s3/S3C++/build/CMakeFiles/CMakeTmp'
gmake: *** [Makefile:127: cmTC_b6d52/fast] Error 2


File /home/ec2-user/s3/S3C++/build/CMakeFiles/CMakeTmp/CheckSymbolExists.cxx:
/* */
#include <fcntl.h>

int main(int argc, char** argv)
{
  (void)argv;
#ifndef F_FULLFSYNC
  return ((int*)(&F_FULLFSYNC))[argc];
#else
  (void)argc;
  return 0;
#endif
}
Performing C++ SOURCE FILE Test HAVE_CLANG_THREAD_SAFETY failed with the following output:
Change Dir: /home/ec2-user/s3/S3C++/build/CMakeFiles/CMakeTmp

Run Build Command(s):/usr/bin/gmake -f Makefile cmTC_b81f6/fast && /usr/bin/gmake  -f CMakeFiles/cmTC_b81f6.dir/build.make CMakeFiles/cmTC_b81f6.dir/build
gmake[1]: Entering directory '/home/ec2-user/s3/S3C++/build/CMakeFiles/CMakeTmp'
Building CXX object CMakeFiles/cmTC_b81f6.dir/src.cxx.o
/usr/bin/c++ -DHAVE_CLANG_THREAD_SAFETY  -fno-exceptions -fno-rtti    -Wthread-safety -std=gnu++17 -o CMakeFiles/cmTC_b81f6.dir/src.cxx.o -c /home/ec2-user/s3/S3C++/build/CMakeFiles/CMakeTmp/src.cxx
c++: error: unrecognized command-line option '-Wthread-safety'
gmake[1]: *** [CMakeFiles/cmTC_b81f6.dir/build.make:78: CMakeFiles/cmTC_b81f6.dir/src.cxx.o] Error 1
gmake[1]: Leaving directory '/home/ec2-user/s3/S3C++/build/CMakeFiles/CMakeTmp'
gmake: *** [Makefile:127: cmTC_b81f6/fast] Error 2


Source file was:
int main() { return 0; }
Performing C++ SOURCE FILE Test HAVE_CXX_FLAG_WSHORTEN_64_TO_32 failed with the following output:
Change Dir: /home/ec2-user/s3/S3C++/build/CMakeFiles/CMakeTmp

Run Build Command(s):/usr/bin/gmake -f Makefile cmTC_bc649/fast && /usr/bin/gmake  -f CMakeFiles/cmTC_bc649.dir/build.make CMakeFiles/cmTC_bc649.dir/build
gmake[1]: Entering directory '/home/ec2-user/s3/S3C++/build/CMakeFiles/CMakeTmp'
Building CXX object CMakeFiles/cmTC_bc649.dir/src.cxx.o
/usr/bin/c++ -DHAVE_CXX_FLAG_WSHORTEN_64_TO_32  -fno-exceptions -fno-rtti  -Wall  -Wextra  -Wshadow  -Wfloat-equal  -Werror  -Wsuggest-override  -pedantic  -pedantic-errors  -Wshorten-64-to-32   -Wshorten-64-to-32 -std=c++11 -o CMakeFiles/cmTC_bc649.dir/src.cxx.o -c /home/ec2-user/s3/S3C++/build/CMakeFiles/CMakeTmp/src.cxx
c++: error: unrecognized command-line option '-Wshorten-64-to-32'
c++: error: unrecognized command-line option '-Wshorten-64-to-32'
gmake[1]: *** [CMakeFiles/cmTC_bc649.dir/build.make:78: CMakeFiles/cmTC_bc649.dir/src.cxx.o] Error 1
gmake[1]: Leaving directory '/home/ec2-user/s3/S3C++/build/CMakeFiles/CMakeTmp'
gmake: *** [Makefile:127: cmTC_bc649/fast] Error 2


Source file was:
int main() { return 0; }
Performing C++ SOURCE FILE Test HAVE_CXX_FLAG_WD654 failed with the following output:
Change Dir: /home/ec2-user/s3/S3C++/build/CMakeFiles/CMakeTmp

Run Build Command(s):/usr/bin/gmake -f Makefile cmTC_e3d95/fast && /usr/bin/gmake  -f CMakeFiles/cmTC_e3d95.dir/build.make CMakeFiles/cmTC_e3d95.dir/build
gmake[1]: Entering directory '/home/ec2-user/s3/S3C++/build/CMakeFiles/CMakeTmp'
Building CXX object CMakeFiles/cmTC_e3d95.dir/src.cxx.o
/usr/bin/c++ -DHAVE_CXX_FLAG_WD654  -fno-exceptions -fno-rtti  -Wall  -Wextra  -Wshadow  -Wfloat-equal  -Werror  -Wsuggest-override  -pedantic  -pedantic-errors  -fstrict-aliasing  -Wno-deprecated-declarations  -Wno-deprecated  -fno-exceptions  -Wstrict-aliasing  -wd654   -wd654 -std=c++11 -o CMakeFiles/cmTC_e3d95.dir/src.cxx.o -c /home/ec2-user/s3/S3C++/build/CMakeFiles/CMakeTmp/src.cxx
c++: error: unrecognized command-line option '-wd654'
c++: error: unrecognized command-line option '-wd654'
gmake[1]: *** [CMakeFiles/cmTC_e3d95.dir/build.make:78: CMakeFiles/cmTC_e3d95.dir/src.cxx.o] Error 1
gmake[1]: Leaving directory '/home/ec2-user/s3/S3C++/build/CMakeFiles/CMakeTmp'
gmake: *** [Makefile:127: cmTC_e3d95/fast] Error 2


Source file was:
int main() { return 0; }
Performing C++ SOURCE FILE Test HAVE_CXX_FLAG_WTHREAD_SAFETY failed with the following output:
Change Dir: /home/ec2-user/s3/S3C++/build/CMakeFiles/CMakeTmp

Run Build Command(s):/usr/bin/gmake -f Makefile cmTC_c4109/fast && /usr/bin/gmake  -f CMakeFiles/cmTC_c4109.dir/build.make CMakeFiles/cmTC_c4109.dir/build
gmake[1]: Entering directory '/home/ec2-user/s3/S3C++/build/CMakeFiles/CMakeTmp'
Building CXX object CMakeFiles/cmTC_c4109.dir/src.cxx.o
/usr/bin/c++ -DHAVE_CXX_FLAG_WTHREAD_SAFETY  -fno-exceptions -fno-rtti  -Wall  -Wextra  -Wshadow  -Wfloat-equal  -Werror  -Wsuggest-override  -pedantic  -pedantic-errors  -fstrict-aliasing  -Wno-deprecated-declarations  -Wno-deprecated  -fno-exceptions  -Wstrict-aliasing  -Wthread-safety   -Wthread-safety -std=c++11 -o CMakeFiles/cmTC_c4109.dir/src.cxx.o -c /home/ec2-user/s3/S3C++/build/CMakeFiles/CMakeTmp/src.cxx
c++: error: unrecognized command-line option '-Wthread-safety'
c++: error: unrecognized command-line option '-Wthread-safety'
gmake[1]: *** [CMakeFiles/cmTC_c4109.dir/build.make:78: CMakeFiles/cmTC_c4109.dir/src.cxx.o] Error 1
gmake[1]: Leaving directory '/home/ec2-user/s3/S3C++/build/CMakeFiles/CMakeTmp'
gmake: *** [Makefile:127: cmTC_c4109/fast] Error 2


Source file was:
int main() { return 0; }
Determining if the function sqlite3_open exists in the sqlite3 failed with the following output:
Change Dir: /home/ec2-user/s3/S3C++/build/CMakeFiles/CMakeTmp

Run Build Command(s):/usr/bin/gmake -f Makefile cmTC_09dfe/fast && /usr/bin/gmake  -f CMakeFiles/cmTC_09dfe.dir/build.make CMakeFiles/cmTC_09dfe.dir/build
gmake[1]: Entering directory '/home/ec2-user/s3/S3C++/build/CMakeFiles/CMakeTmp'
Building C object CMakeFiles/cmTC_09dfe.dir/CheckFunctionExists.c.o
/usr/bin/cc   -Wstrict-prototypes -DCHECK_FUNCTION_EXISTS=sqlite3_open -std=c11 -o CMakeFiles/cmTC_09dfe.dir/CheckFunctionExists.c.o -c /usr/share/cmake/Modules/CheckFunctionExists.c
Linking C executable cmTC_09dfe
/usr/bin/cmake -E cmake_link_script CMakeFiles/cmTC_09dfe.dir/link.txt --verbose=1
/usr/bin/cc  -Wstrict-prototypes -DCHECK_FUNCTION_EXISTS=sqlite3_open CMakeFiles/cmTC_09dfe.dir/CheckFunctionExists.c.o -o cmTC_09dfe  -lsqlite3 
/usr/bin/ld: cannot find -lsqlite3: No such file or directory
collect2: error: ld returned 1 exit status
gmake[1]: *** [CMakeFiles/cmTC_09dfe.dir/build.make:99: cmTC_09dfe] Error 1
gmake[1]: Leaving directory '/home/ec2-user/s3/S3C++/build/CMakeFiles/CMakeTmp'
gmake: *** [Makefile:127: cmTC_09dfe/fast] Error 2



Performing C++ SOURCE FILE Test HAVE_KYOTOCABINET failed with the following output:
Change Dir: /home/ec2-user/s3/S3C++/build/CMakeFiles/CMakeTmp

Run Build Command(s):/usr/bin/gmake -f Makefile cmTC_e6d09/fast && /usr/bin/gmake  -f CMakeFiles/cmTC_e6d09.dir/build.make CMakeFiles/cmTC_e6d09.dir/build
gmake[1]: Entering directory '/home/ec2-user/s3/S3C++/build/CMakeFiles/CMakeTmp'
Building CXX object CMakeFiles/cmTC_e6d09.dir/src.cxx.o
/usr/bin/c++ -DHAVE_KYOTOCABINET  -fno-exceptions -fno-rtti  -std=gnu++17 -o CMakeFiles/cmTC_e6d09.dir/src.cxx.o -c /home/ec2-user/s3/S3C++/build/CMakeFiles/CMakeTmp/src.cxx
/home/ec2-user/s3/S3C++/build/CMakeFiles/CMakeTmp/src.cxx:2:10: fatal error: kcpolydb.h: No such file or directory
    2 | #include <kcpolydb.h>
      |          ^~~~~~~~~~~~
compilation terminated.
gmake[1]: *** [CMakeFiles/cmTC_e6d09.dir/build.make:78: CMakeFiles/cmTC_e6d09.dir/src.cxx.o] Error 1
gmake[1]: Leaving directory '/home/ec2-user/s3/S3C++/build/CMakeFiles/CMakeTmp'
gmake: *** [Makefile:127: cmTC_e6d09/fast] Error 2


Source file was:

#include <kcpolydb.h>

int main() {
  kyotocabinet::TreeDB* db = new kyotocabinet::TreeDB();
  delete db;
  return 0;
}
  
Determining if the function crc32c_value exists in the crc32c failed with the following output:
Change Dir: /home/ec2-user/s3/S3C++/build/CMakeFiles/CMakeTmp

Run Build Command(s):/usr/bin/gmake -f Makefile cmTC_2a044/fast && /usr/bin/gmake  -f CMakeFiles/cmTC_2a044.dir/build.make CMakeFiles/cmTC_2a044.dir/build
gmake[1]: Entering directory '/home/ec2-user/s3/S3C++/build/CMakeFiles/CMakeTmp'
Building C object CMakeFiles/cmTC_2a044.dir/CheckFunctionExists.c.o
/usr/bin/cc   -DCHECK_FUNCTION_EXISTS=crc32c_value -std=c11 -o CMakeFiles/cmTC_2a044.dir/CheckFunctionExists.c.o -c /usr/share/cmake/Modules/CheckFunctionExists.c
Linking C executable cmTC_2a044
/usr/bin/cmake -E cmake_link_script CMakeFiles/cmTC_2a044.dir/link.txt --verbose=1
/usr/bin/cc  -DCHECK_FUNCTION_EXISTS=crc32c_value CMakeFiles/cmTC_2a044.dir/CheckFunctionExists.c.o -o cmTC_2a044  -lcrc32c 
/usr/bin/ld: cannot find -lcrc32c: No such file or directory
collect2: error: ld returned 1 exit status
gmake[1]: *** [CMakeFiles/cmTC_2a044.dir/build.make:99: cmTC_2a044] Error 1
gmake[1]: Leaving directory '/home/ec2-user/s3/S3C++/build/CMakeFiles/CMakeTmp'
gmake: *** [Makefile:127: cmTC_2a044/fast] Error 2



Determining if the function snappy_compress exists in the snappy failed with the following output:
Change Dir: /home/ec2-user/s3/S3C++/build/CMakeFiles/CMakeTmp

Run Build Command(s):/usr/bin/gmake -f Makefile cmTC_c0f15/fast && /usr/bin/gmake  -f CMakeFiles/cmTC_c0f15.dir/build.make CMakeFiles/cmTC_c0f15.dir/build
gmake[1]: Entering directory '/home/ec2-user/s3/S3C++/build/CMakeFiles/CMakeTmp'
Building C object CMakeFiles/cmTC_c0f15.dir/CheckFunctionExists.c.o
/usr/bin/cc   -DCHECK_FUNCTION_EXISTS=snappy_compress -std=c11 -o CMakeFiles/cmTC_c0f15.dir/CheckFunctionExists.c.o -c /usr/share/cmake/Modules/CheckFunctionExists.c
Linking C executable cmTC_c0f15
/usr/bin/cmake -E cmake_link_script CMakeFiles/cmTC_c0f15.dir/link.txt --verbose=1
/usr/bin/cc  -DCHECK_FUNCTION_EXISTS=snappy_compress CMakeFiles/cmTC_c0f15.dir/CheckFunctionExists.c.o -o cmTC_c0f15  -lsnappy 
/usr/bin/ld: cannot find -lsnappy: No such file or directory
collect2: error: ld returned 1 exit status
gmake[1]: *** [CMakeFiles/cmTC_c0f15.dir/build.make:99: cmTC_c0f15] Error 1
gmake[1]: Leaving directory '/home/ec2-user/s3/S3C++/build/CMakeFiles/CMakeTmp'
gmake: *** [Makefile:127: cmTC_c0f15/fast] Error 2



Determining if the function zstd_compress exists in the zstd failed with the following output:
Change Dir: /home/ec2-user/s3/S3C++/build/CMakeFiles/CMakeTmp

Run Build Command(s):/usr/bin/gmake -f Makefile cmTC_00670/fast && /usr/bin/gmake  -f CMakeFiles/cmTC_00670.dir/build.make CMakeFiles/cmTC_00670.dir/build
gmake[1]: Entering directory '/home/ec2-user/s3/S3C++/build/CMakeFiles/CMakeTmp'
Building C object CMakeFiles/cmTC_00670.dir/CheckFunctionExists.c.o
/usr/bin/cc   -DCHECK_FUNCTION_EXISTS=zstd_compress -std=c11 -o CMakeFiles/cmTC_00670.dir/CheckFunctionExists.c.o -c /usr/share/cmake/Modules/CheckFunctionExists.c
Linking C executable cmTC_00670
/usr/bin/cmake -E cmake_link_script CMakeFiles/cmTC_00670.dir/link.txt --verbose=1
/usr/bin/cc  -DCHECK_FUNCTION_EXISTS=zstd_compress CMakeFiles/cmTC_00670.dir/CheckFunctionExists.c.o -o cmTC_00670  -lzstd 
/usr/bin/ld: CMakeFiles/cmTC_00670.dir/CheckFunctionExists.c.o: in function `main':
CheckFunctionExists.c:(.text+0x10): undefined reference to `zstd_compress'
collect2: error: ld returned 1 exit status
gmake[1]: *** [CMakeFiles/cmTC_00670.dir/build.make:99: cmTC_00670] Error 1
gmake[1]: Leaving directory '/home/ec2-user/s3/S3C++/build/CMakeFiles/CMakeTmp'
gmake: *** [Makefile:127: cmTC_00670/fast] Error 2



Determining if the function malloc exists in the tcmalloc failed with the following output:
Change Dir: /home/ec2-user/s3/S3C++/build/CMakeFiles/CMakeTmp

Run Build Command(s):/usr/bin/gmake -f Makefile cmTC_c935d/fast && /usr/bin/gmake  -f CMakeFiles/cmTC_c935d.dir/build.make CMakeFiles/cmTC_c935d.dir/build
gmake[1]: Entering directory '/home/ec2-user/s3/S3C++/build/CMakeFiles/CMakeTmp'
Building C object CMakeFiles/cmTC_c935d.dir/CheckFunctionExists.c.o
/usr/bin/cc   -DCHECK_FUNCTION_EXISTS=malloc -std=c11 -o CMakeFiles/cmTC_c935d.dir/CheckFunctionExists.c.o -c /usr/share/cmake/Modules/CheckFunctionExists.c
<command-line>: warning: conflicting types for built-in function ‘malloc’; expected ‘void *(long unsigned int)’ [-Wbuiltin-declaration-mismatch]
/usr/share/cmake/Modules/CheckFunctionExists.c:7:3: note: in expansion of macro ‘CHECK_FUNCTION_EXISTS’
    7 |   CHECK_FUNCTION_EXISTS(void);
      |   ^~~~~~~~~~~~~~~~~~~~~
/usr/share/cmake/Modules/CheckFunctionExists.c:1:1: note: ‘malloc’ is declared in header ‘<stdlib.h>’
  +++ |+#include <stdlib.h>
    1 | #ifdef CHECK_FUNCTION_EXISTS
Linking C executable cmTC_c935d
/usr/bin/cmake -E cmake_link_script CMakeFiles/cmTC_c935d.dir/link.txt --verbose=1
/usr/bin/cc  -DCHECK_FUNCTION_EXISTS=malloc CMakeFiles/cmTC_c935d.dir/CheckFunctionExists.c.o -o cmTC_c935d  -ltcmalloc 
/usr/bin/ld: cannot find -ltcmalloc: No such file or directory
collect2: error: ld returned 1 exit status
gmake[1]: *** [CMakeFiles/cmTC_c935d.dir/build.make:99: cmTC_c935d] Error 1
gmake[1]: Leaving directory '/home/ec2-user/s3/S3C++/build/CMakeFiles/CMakeTmp'
gmake: *** [Makefile:127: cmTC_c935d/fast] Error 2



Determining if the F_FULLFSYNC exist failed with the following output:
Change Dir: /home/ec2-user/s3/S3C++/build/CMakeFiles/CMakeTmp

Run Build Command(s):/usr/bin/gmake -f Makefile cmTC_9c489/fast && /usr/bin/gmake  -f CMakeFiles/cmTC_9c489.dir/build.make CMakeFiles/cmTC_9c489.dir/build
gmake[1]: Entering directory '/home/ec2-user/s3/S3C++/build/CMakeFiles/CMakeTmp'
Building CXX object CMakeFiles/cmTC_9c489.dir/CheckSymbolExists.cxx.o
/usr/bin/c++   -std=gnu++17 -o CMakeFiles/cmTC_9c489.dir/CheckSymbolExists.cxx.o -c /home/ec2-user/s3/S3C++/build/CMakeFiles/CMakeTmp/CheckSymbolExists.cxx
/home/ec2-user/s3/S3C++/build/CMakeFiles/CMakeTmp/CheckSymbolExists.cxx: In function ‘int main(int, char**)’:
/home/ec2-user/s3/S3C++/build/CMakeFiles/CMakeTmp/CheckSymbolExists.cxx:8:19: error: ‘F_FULLFSYNC’ was not declared in this scope
    8 |   return ((int*)(&F_FULLFSYNC))[argc];
      |                   ^~~~~~~~~~~
gmake[1]: *** [CMakeFiles/cmTC_9c489.dir/build.make:78: CMakeFiles/cmTC_9c489.dir/CheckSymbolExists.cxx.o] Error 1
gmake[1]: Leaving directory '/home/ec2-user/s3/S3C++/build/CMakeFiles/CMakeTmp'
gmake: *** [Makefile:127: cmTC_9c489/fast] Error 2


File /home/ec2-user/s3/S3C++/build/CMakeFiles/CMakeTmp/CheckSymbolExists.cxx:
/* */
#include <fcntl.h>

int main(int argc, char** argv)
{
  (void)argv;
#ifndef F_FULLFSYNC
  return ((int*)(&F_FULLFSYNC))[argc];
#else
  (void)argc;
  return 0;
#endif
}
Performing C++ SOURCE FILE Test HAVE_CLANG_THREAD_SAFETY failed with the following output:
Change Dir: /home/ec2-user/s3/S3C++/build/CMakeFiles/CMakeTmp

Run Build Command(s):/usr/bin/gmake -f Makefile cmTC_66d22/fast && /usr/bin/gmake  -f CMakeFiles/cmTC_66d22.dir/build.make CMakeFiles/cmTC_66d22.dir/build
gmake[1]: Entering directory '/home/ec2-user/s3/S3C++/build/CMakeFiles/CMakeTmp'
Building CXX object CMakeFiles/cmTC_66d22.dir/src.cxx.o
/usr/bin/c++ -DHAVE_CLANG_THREAD_SAFETY  -fno-exceptions -fno-rtti    -Wthread-safety -std=gnu++17 -o CMakeFiles/cmTC_66d22.dir/src.cxx.o -c /home/ec2-user/s3/S3C++/build/CMakeFiles/CMakeTmp/src.cxx
c++: error: unrecognized command-line option '-Wthread-safety'
gmake[1]: *** [CMakeFiles/cmTC_66d22.dir/build.make:78: CMakeFiles/cmTC_66d22.dir/src.cxx.o] Error 1
gmake[1]: Leaving directory '/home/ec2-user/s3/S3C++/build/CMakeFiles/CMakeTmp'
gmake: *** [Makefile:127: cmTC_66d22/fast] Error 2


Source file was:
int main() { return 0; }
Performing C++ SOURCE FILE Test HAVE_CXX_FLAG_WSHORTEN_64_TO_32 failed with the following output:
Change Dir: /home/ec2-user/s3/S3C++/build/CMakeFiles/CMakeTmp

Run Build Command(s):/usr/bin/gmake -f Makefile cmTC_e23e7/fast && /usr/bin/gmake  -f CMakeFiles/cmTC_e23e7.dir/build.make CMakeFiles/cmTC_e23e7.dir/build
gmake[1]: Entering directory '/home/ec2-user/s3/S3C++/build/CMakeFiles/CMakeTmp'
Building CXX object CMakeFiles/cmTC_e23e7.dir/src.cxx.o
/usr/bin/c++ -DHAVE_CXX_FLAG_WSHORTEN_64_TO_32  -fno-exceptions -fno-rtti  -Wall  -Wextra  -Wshadow  -Wfloat-equal  -Werror  -Wsuggest-override  -pedantic  -pedantic-errors  -Wshorten-64-to-32   -Wshorten-64-to-32 -std=c++11 -o CMakeFiles/cmTC_e23e7.dir/src.cxx.o -c /home/ec2-user/s3/S3C++/build/CMakeFiles/CMakeTmp/src.cxx
c++: error: unrecognized command-line option '-Wshorten-64-to-32'
c++: error: unrecognized command-line option '-Wshorten-64-to-32'
gmake[1]: *** [CMakeFiles/cmTC_e23e7.dir/build.make:78: CMakeFiles/cmTC_e23e7.dir/src.cxx.o] Error 1
gmake[1]: Leaving directory '/home/ec2-user/s3/S3C++/build/CMakeFiles/CMakeTmp'
gmake: *** [Makefile:127: cmTC_e23e7/fast] Error 2


Source file was:
int main() { return 0; }
Performing C++ SOURCE FILE Test HAVE_CXX_FLAG_WD654 failed with the following output:
Change Dir: /home/ec2-user/s3/S3C++/build/CMakeFiles/CMakeTmp

Run Build Command(s):/usr/bin/gmake -f Makefile cmTC_c0cc4/fast && /usr/bin/gmake  -f CMakeFiles/cmTC_c0cc4.dir/build.make CMakeFiles/cmTC_c0cc4.dir/build
gmake[1]: Entering directory '/home/ec2-user/s3/S3C++/build/CMakeFiles/CMakeTmp'
Building CXX object CMakeFiles/cmTC_c0cc4.dir/src.cxx.o
/usr/bin/c++ -DHAVE_CXX_FLAG_WD654  -fno-exceptions -fno-rtti  -Wall  -Wextra  -Wshadow  -Wfloat-equal  -Werror  -Wsuggest-override  -pedantic  -pedantic-errors  -fstrict-aliasing  -Wno-deprecated-declarations  -Wno-deprecated  -fno-exceptions  -Wstrict-aliasing  -wd654   -wd654 -std=c++11 -o CMakeFiles/cmTC_c0cc4.dir/src.cxx.o -c /home/ec2-user/s3/S3C++/build/CMakeFiles/CMakeTmp/src.cxx
c++: error: unrecognized command-line option '-wd654'
c++: error: unrecognized command-line option '-wd654'
gmake[1]: *** [CMakeFiles/cmTC_c0cc4.dir/build.make:78: CMakeFiles/cmTC_c0cc4.dir/src.cxx.o] Error 1
gmake[1]: Leaving directory '/home/ec2-user/s3/S3C++/build/CMakeFiles/CMakeTmp'
gmake: *** [Makefile:127: cmTC_c0cc4/fast] Error 2


Source file was:
int main() { return 0; }
Performing C++ SOURCE FILE Test HAVE_CXX_FLAG_WTHREAD_SAFETY failed with the following output:
Change Dir: /home/ec2-user/s3/S3C++/build/CMakeFiles/CMakeTmp

Run Build Command(s):/usr/bin/gmake -f Makefile cmTC_f6027/fast && /usr/bin/gmake  -f CMakeFiles/cmTC_f6027.dir/build.make CMakeFiles/cmTC_f6027.dir/build
gmake[1]: Entering directory '/home/ec2-user/s3/S3C++/build/CMakeFiles/CMakeTmp'
Building CXX object CMakeFiles/cmTC_f6027.dir/src.cxx.o
/usr/bin/c++ -DHAVE_CXX_FLAG_WTHREAD_SAFETY  -fno-exceptions -fno-rtti  -Wall  -Wextra  -Wshadow  -Wfloat-equal  -Werror  -Wsuggest-override  -pedantic  -pedantic-errors  -fstrict-aliasing  -Wno-deprecated-declarations  -Wno-deprecated  -fno-exceptions  -Wstrict-aliasing  -Wthread-safety   -Wthread-safety -std=c++11 -o CMakeFiles/cmTC_f6027.dir/src.cxx.o -c /home/ec2-user/s3/S3C++/build/CMakeFiles/CMakeTmp/src.cxx
c++: error: unrecognized command-line option '-Wthread-safety'
c++: error: unrecognized command-line option '-Wthread-safety'
gmake[1]: *** [CMakeFiles/cmTC_f6027.dir/build.make:78: CMakeFiles/cmTC_f6027.dir/src.cxx.o] Error 1
gmake[1]: Leaving directory '/home/ec2-user/s3/S3C++/build/CMakeFiles/CMakeTmp'
gmake: *** [Makefile:127: cmTC_f6027/fast] Error 2


Source file was:
int main() { return 0; }
Determining if the function sqlite3_open exists in the sqlite3 failed with the following output:
Change Dir: /home/ec2-user/s3/S3C++/build/CMakeFiles/CMakeTmp

Run Build Command(s):/usr/bin/gmake -f Makefile cmTC_1658d/fast && /usr/bin/gmake  -f CMakeFiles/cmTC_1658d.dir/build.make CMakeFiles/cmTC_1658d.dir/build
gmake[1]: Entering directory '/home/ec2-user/s3/S3C++/build/CMakeFiles/CMakeTmp'
Building C object CMakeFiles/cmTC_1658d.dir/CheckFunctionExists.c.o
/usr/bin/cc   -Wstrict-prototypes -DCHECK_FUNCTION_EXISTS=sqlite3_open -std=c11 -o CMakeFiles/cmTC_1658d.dir/CheckFunctionExists.c.o -c /usr/share/cmake/Modules/CheckFunctionExists.c
Linking C executable cmTC_1658d
/usr/bin/cmake -E cmake_link_script CMakeFiles/cmTC_1658d.dir/link.txt --verbose=1
/usr/bin/cc  -Wstrict-prototypes -DCHECK_FUNCTION_EXISTS=sqlite3_open CMakeFiles/cmTC_1658d.dir/CheckFunctionExists.c.o -o cmTC_1658d  -lsqlite3 
/usr/bin/ld: cannot find -lsqlite3: No such file or directory
collect2: error: ld returned 1 exit status
gmake[1]: *** [CMakeFiles/cmTC_1658d.dir/build.make:99: cmTC_1658d] Error 1
gmake[1]: Leaving directory '/home/ec2-user/s3/S3C++/build/CMakeFiles/CMakeTmp'
gmake: *** [Makefile:127: cmTC_1658d/fast] Error 2



Performing C++ SOURCE FILE Test HAVE_KYOTOCABINET failed with the following output:
Change Dir: /home/ec2-user/s3/S3C++/build/CMakeFiles/CMakeTmp

Run Build Command(s):/usr/bin/gmake -f Makefile cmTC_ccc16/fast && /usr/bin/gmake  -f CMakeFiles/cmTC_ccc16.dir/build.make CMakeFiles/cmTC_ccc16.dir/build
gmake[1]: Entering directory '/home/ec2-user/s3/S3C++/build/CMakeFiles/CMakeTmp'
Building CXX object CMakeFiles/cmTC_ccc16.dir/src.cxx.o
/usr/bin/c++ -DHAVE_KYOTOCABINET  -fno-exceptions -fno-rtti  -std=gnu++17 -o CMakeFiles/cmTC_ccc16.dir/src.cxx.o -c /home/ec2-user/s3/S3C++/build/CMakeFiles/CMakeTmp/src.cxx
/home/ec2-user/s3/S3C++/build/CMakeFiles/CMakeTmp/src.cxx:2:10: fatal error: kcpolydb.h: No such file or directory
    2 | #include <kcpolydb.h>
      |          ^~~~~~~~~~~~
compilation terminated.
gmake[1]: *** [CMakeFiles/cmTC_ccc16.dir/build.make:78: CMakeFiles/cmTC_ccc16.dir/src.cxx.o] Error 1
gmake[1]: Leaving directory '/home/ec2-user/s3/S3C++/build/CMakeFiles/CMakeTmp'
gmake: *** [Makefile:127: cmTC_ccc16/fast] Error 2


Source file was:

#include <kcpolydb.h>

int main() {
  kyotocabinet::TreeDB* db = new kyotocabinet::TreeDB();
  delete db;
  return 0;
}
  
Determining if the function crc32c_value exists in the crc32c failed with the following output:
Change Dir: /home/ec2-user/s3/S3C++/build/CMakeFiles/CMakeTmp

Run Build Command(s):/usr/bin/gmake -f Makefile cmTC_faef9/fast && /usr/bin/gmake  -f CMakeFiles/cmTC_faef9.dir/build.make CMakeFiles/cmTC_faef9.dir/build
gmake[1]: Entering directory '/home/ec2-user/s3/S3C++/build/CMakeFiles/CMakeTmp'
Building C object CMakeFiles/cmTC_faef9.dir/CheckFunctionExists.c.o
/usr/bin/cc   -DCHECK_FUNCTION_EXISTS=crc32c_value -std=c11 -o CMakeFiles/cmTC_faef9.dir/CheckFunctionExists.c.o -c /usr/share/cmake/Modules/CheckFunctionExists.c
Linking C executable cmTC_faef9
/usr/bin/cmake -E cmake_link_script CMakeFiles/cmTC_faef9.dir/link.txt --verbose=1
/usr/bin/cc  -DCHECK_FUNCTION_EXISTS=crc32c_value CMakeFiles/cmTC_faef9.dir/CheckFunctionExists.c.o -o cmTC_faef9  -lcrc32c 
/usr/bin/ld: cannot find -lcrc32c: No such file or directory
collect2: error: ld returned 1 exit status
gmake[1]: *** [CMakeFiles/cmTC_faef9.dir/build.make:99: cmTC_faef9] Error 1
gmake[1]: Leaving directory '/home/ec2-user/s3/S3C++/build/CMakeFiles/CMakeTmp'
gmake: *** [Makefile:127: cmTC_faef9/fast] Error 2



Determining if the function snappy_compress exists in the snappy failed with the following output:
Change Dir: /home/ec2-user/s3/S3C++/build/CMakeFiles/CMakeTmp

Run Build Command(s):/usr/bin/gmake -f Makefile cmTC_bc245/fast && /usr/bin/gmake  -f CMakeFiles/cmTC_bc245.dir/build.make CMakeFiles/cmTC_bc245.dir/build
gmake[1]: Entering directory '/home/ec2-user/s3/S3C++/build/CMakeFiles/CMakeTmp'
Building C object CMakeFiles/cmTC_bc245.dir/CheckFunctionExists.c.o
/usr/bin/cc   -DCHECK_FUNCTION_EXISTS=snappy_compress -std=c11 -o CMakeFiles/cmTC_bc245.dir/CheckFunctionExists.c.o -c /usr/share/cmake/Modules/CheckFunctionExists.c
Linking C executable cmTC_bc245
/usr/bin/cmake -E cmake_link_script CMakeFiles/cmTC_bc245.dir/link.txt --verbose=1
/usr/bin/cc  -DCHECK_FUNCTION_EXISTS=snappy_compress CMakeFiles/cmTC_bc245.dir/CheckFunctionExists.c.o -o cmTC_bc245  -lsnappy 
/usr/bin/ld: cannot find -lsnappy: No such file or directory
collect2: error: ld returned 1 exit status
gmake[1]: *** [CMakeFiles/cmTC_bc245.dir/build.make:99: cmTC_bc245] Error 1
gmake[1]: Leaving directory '/home/ec2-user/s3/S3C++/build/CMakeFiles/CMakeTmp'
gmake: *** [Makefile:127: cmTC_bc245/fast] Error 2



Determining if the function zstd_compress exists in the zstd failed with the following output:
Change Dir: /home/ec2-user/s3/S3C++/build/CMakeFiles/CMakeTmp

Run Build Command(s):/usr/bin/gmake -f Makefile cmTC_9c136/fast && /usr/bin/gmake  -f CMakeFiles/cmTC_9c136.dir/build.make CMakeFiles/cmTC_9c136.dir/build
gmake[1]: Entering directory '/home/ec2-user/s3/S3C++/build/CMakeFiles/CMakeTmp'
Building C object CMakeFiles/cmTC_9c136.dir/CheckFunctionExists.c.o
/usr/bin/cc   -DCHECK_FUNCTION_EXISTS=zstd_compress -std=c11 -o CMakeFiles/cmTC_9c136.dir/CheckFunctionExists.c.o -c /usr/share/cmake/Modules/CheckFunctionExists.c
Linking C executable cmTC_9c136
/usr/bin/cmake -E cmake_link_script CMakeFiles/cmTC_9c136.dir/link.txt --verbose=1
/usr/bin/cc  -DCHECK_FUNCTION_EXISTS=zstd_compress CMakeFiles/cmTC_9c136.dir/CheckFunctionExists.c.o -o cmTC_9c136  -lzstd 
/usr/bin/ld: CMakeFiles/cmTC_9c136.dir/CheckFunctionExists.c.o: in function `main':
CheckFunctionExists.c:(.text+0x10): undefined reference to `zstd_compress'
collect2: error: ld returned 1 exit status
gmake[1]: *** [CMakeFiles/cmTC_9c136.dir/build.make:99: cmTC_9c136] Error 1
gmake[1]: Leaving directory '/home/ec2-user/s3/S3C++/build/CMakeFiles/CMakeTmp'
gmake: *** [Makefile:127: cmTC_9c136/fast] Error 2



Determining if the function malloc exists in the tcmalloc failed with the following output:
Change Dir: /home/ec2-user/s3/S3C++/build/CMakeFiles/CMakeTmp

Run Build Command(s):/usr/bin/gmake -f Makefile cmTC_44cd5/fast && /usr/bin/gmake  -f CMakeFiles/cmTC_44cd5.dir/build.make CMakeFiles/cmTC_44cd5.dir/build
gmake[1]: Entering directory '/home/ec2-user/s3/S3C++/build/CMakeFiles/CMakeTmp'
Building C object CMakeFiles/cmTC_44cd5.dir/CheckFunctionExists.c.o
/usr/bin/cc   -DCHECK_FUNCTION_EXISTS=malloc -std=c11 -o CMakeFiles/cmTC_44cd5.dir/CheckFunctionExists.c.o -c /usr/share/cmake/Modules/CheckFunctionExists.c
<command-line>: warning: conflicting types for built-in function ‘malloc’; expected ‘void *(long unsigned int)’ [-Wbuiltin-declaration-mismatch]
/usr/share/cmake/Modules/CheckFunctionExists.c:7:3: note: in expansion of macro ‘CHECK_FUNCTION_EXISTS’
    7 |   CHECK_FUNCTION_EXISTS(void);
      |   ^~~~~~~~~~~~~~~~~~~~~
/usr/share/cmake/Modules/CheckFunctionExists.c:1:1: note: ‘malloc’ is declared in header ‘<stdlib.h>’
  +++ |+#include <stdlib.h>
    1 | #ifdef CHECK_FUNCTION_EXISTS
Linking C executable cmTC_44cd5
/usr/bin/cmake -E cmake_link_script CMakeFiles/cmTC_44cd5.dir/link.txt --verbose=1
/usr/bin/cc  -DCHECK_FUNCTION_EXISTS=malloc CMakeFiles/cmTC_44cd5.dir/CheckFunctionExists.c.o -o cmTC_44cd5  -ltcmalloc 
/usr/bin/ld: cannot find -ltcmalloc: No such file or directory
collect2: error: ld returned 1 exit status
gmake[1]: *** [CMakeFiles/cmTC_44cd5.dir/build.make:99: cmTC_44cd5] Error 1
gmake[1]: Leaving directory '/home/ec2-user/s3/S3C++/build/CMakeFiles/CMakeTmp'
gmake: *** [Makefile:127: cmTC_44cd5/fast] Error 2



Determining if the F_FULLFSYNC exist failed with the following output:
Change Dir: /home/ec2-user/s3/S3C++/build/CMakeFiles/CMakeTmp

Run Build Command(s):/usr/bin/gmake -f Makefile cmTC_18ffa/fast && /usr/bin/gmake  -f CMakeFiles/cmTC_18ffa.dir/build.make CMakeFiles/cmTC_18ffa.dir/build
gmake[1]: Entering directory '/home/ec2-user/s3/S3C++/build/CMakeFiles/CMakeTmp'
Building CXX object CMakeFiles/cmTC_18ffa.dir/CheckSymbolExists.cxx.o
/usr/bin/c++   -std=gnu++17 -o CMakeFiles/cmTC_18ffa.dir/CheckSymbolExists.cxx.o -c /home/ec2-user/s3/S3C++/build/CMakeFiles/CMakeTmp/CheckSymbolExists.cxx
/home/ec2-user/s3/S3C++/build/CMakeFiles/CMakeTmp/CheckSymbolExists.cxx: In function ‘int main(int, char**)’:
/home/ec2-user/s3/S3C++/build/CMakeFiles/CMakeTmp/CheckSymbolExists.cxx:8:19: error: ‘F_FULLFSYNC’ was not declared in this scope
    8 |   return ((int*)(&F_FULLFSYNC))[argc];
      |                   ^~~~~~~~~~~
gmake[1]: *** [CMakeFiles/cmTC_18ffa.dir/build.make:78: CMakeFiles/cmTC_18ffa.dir/CheckSymbolExists.cxx.o] Error 1
gmake[1]: Leaving directory '/home/ec2-user/s3/S3C++/build/CMakeFiles/CMakeTmp'
gmake: *** [Makefile:127: cmTC_18ffa/fast] Error 2


File /home/ec2-user/s3/S3C++/build/CMakeFiles/CMakeTmp/CheckSymbolExists.cxx:
/* */
#include <fcntl.h>

int main(int argc, char** argv)
{
  (void)argv;
#ifndef F_FULLFSYNC
  return ((int*)(&F_FULLFSYNC))[argc];
#else
  (void)argc;
  return 0;
#endif
}
Performing C++ SOURCE FILE Test HAVE_CLANG_THREAD_SAFETY failed with the following output:
Change Dir: /home/ec2-user/s3/S3C++/build/CMakeFiles/CMakeTmp

Run Build Command(s):/usr/bin/gmake -f Makefile cmTC_cbe73/fast && /usr/bin/gmake  -f CMakeFiles/cmTC_cbe73.dir/build.make CMakeFiles/cmTC_cbe73.dir/build
gmake[1]: Entering directory '/home/ec2-user/s3/S3C++/build/CMakeFiles/CMakeTmp'
Building CXX object CMakeFiles/cmTC_cbe73.dir/src.cxx.o
/usr/bin/c++ -DHAVE_CLANG_THREAD_SAFETY  -fno-exceptions -fno-rtti    -Wthread-safety -std=gnu++17 -o CMakeFiles/cmTC_cbe73.dir/src.cxx.o -c /home/ec2-user/s3/S3C++/build/CMakeFiles/CMakeTmp/src.cxx
c++: error: unrecognized command-line option '-Wthread-safety'
gmake[1]: *** [CMakeFiles/cmTC_cbe73.dir/build.make:78: CMakeFiles/cmTC_cbe73.dir/src.cxx.o] Error 1
gmake[1]: Leaving directory '/home/ec2-user/s3/S3C++/build/CMakeFiles/CMakeTmp'
gmake: *** [Makefile:127: cmTC_cbe73/fast] Error 2


Source file was:
int main() { return 0; }
Performing C++ SOURCE FILE Test HAVE_CXX_FLAG_WSHORTEN_64_TO_32 failed with the following output:
Change Dir: /home/ec2-user/s3/S3C++/build/CMakeFiles/CMakeTmp

Run Build Command(s):/usr/bin/gmake -f Makefile cmTC_763f4/fast && /usr/bin/gmake  -f CMakeFiles/cmTC_763f4.dir/build.make CMakeFiles/cmTC_763f4.dir/build
gmake[1]: Entering directory '/home/ec2-user/s3/S3C++/build/CMakeFiles/CMakeTmp'
Building CXX object CMakeFiles/cmTC_763f4.dir/src.cxx.o
/usr/bin/c++ -DHAVE_CXX_FLAG_WSHORTEN_64_TO_32  -fno-exceptions -fno-rtti  -Wall  -Wextra  -Wshadow  -Wfloat-equal  -Werror  -Wsuggest-override  -pedantic  -pedantic-errors  -Wshorten-64-to-32   -Wshorten-64-to-32 -std=c++11 -o CMakeFiles/cmTC_763f4.dir/src.cxx.o -c /home/ec2-user/s3/S3C++/build/CMakeFiles/CMakeTmp/src.cxx
c++: error: unrecognized command-line option '-Wshorten-64-to-32'
c++: error: unrecognized command-line option '-Wshorten-64-to-32'
gmake[1]: *** [CMakeFiles/cmTC_763f4.dir/build.make:78: CMakeFiles/cmTC_763f4.dir/src.cxx.o] Error 1
gmake[1]: Leaving directory '/home/ec2-user/s3/S3C++/build/CMakeFiles/CMakeTmp'
gmake: *** [Makefile:127: cmTC_763f4/fast] Error 2


Source file was:
int main() { return 0; }
Performing C++ SOURCE FILE Test HAVE_CXX_FLAG_WD654 failed with the following output:
Change Dir: /home/ec2-user/s3/S3C++/build/CMakeFiles/CMakeTmp

Run Build Command(s):/usr/bin/gmake -f Makefile cmTC_7878d/fast && /usr/bin/gmake  -f CMakeFiles/cmTC_7878d.dir/build.make CMakeFiles/cmTC_7878d.dir/build
gmake[1]: Entering directory '/home/ec2-user/s3/S3C++/build/CMakeFiles/CMakeTmp'
Building CXX object CMakeFiles/cmTC_7878d.dir/src.cxx.o
/usr/bin/c++ -DHAVE_CXX_FLAG_WD654  -fno-exceptions -fno-rtti  -Wall  -Wextra  -Wshadow  -Wfloat-equal  -Werror  -Wsuggest-override  -pedantic  -pedantic-errors  -fstrict-aliasing  -Wno-deprecated-declarations  -Wno-deprecated  -fno-exceptions  -Wstrict-aliasing  -wd654   -wd654 -std=c++11 -o CMakeFiles/cmTC_7878d.dir/src.cxx.o -c /home/ec2-user/s3/S3C++/build/CMakeFiles/CMakeTmp/src.cxx
c++: error: unrecognized command-line option '-wd654'
c++: error: unrecognized command-line option '-wd654'
gmake[1]: *** [CMakeFiles/cmTC_7878d.dir/build.make:78: CMakeFiles/cmTC_7878d.dir/src.cxx.o] Error 1
gmake[1]: Leaving directory '/home/ec2-user/s3/S3C++/build/CMakeFiles/CMakeTmp'
gmake: *** [Makefile:127: cmTC_7878d/fast] Error 2


Source file was:
int main() { return 0; }
Performing C++ SOURCE FILE Test HAVE_CXX_FLAG_WTHREAD_SAFETY failed with the following output:
Change Dir: /home/ec2-user/s3/S3C++/build/CMakeFiles/CMakeTmp

Run Build Command(s):/usr/bin/gmake -f Makefile cmTC_df2c3/fast && /usr/bin/gmake  -f CMakeFiles/cmTC_df2c3.dir/build.make CMakeFiles/cmTC_df2c3.dir/build
gmake[1]: Entering directory '/home/ec2-user/s3/S3C++/build/CMakeFiles/CMakeTmp'
Building CXX object CMakeFiles/cmTC_df2c3.dir/src.cxx.o
/usr/bin/c++ -DHAVE_CXX_FLAG_WTHREAD_SAFETY  -fno-exceptions -fno-rtti  -Wall  -Wextra  -Wshadow  -Wfloat-equal  -Werror  -Wsuggest-override  -pedantic  -pedantic-errors  -fstrict-aliasing  -Wno-deprecated-declarations  -Wno-deprecated  -fno-exceptions  -Wstrict-aliasing  -Wthread-safety   -Wthread-safety -std=c++11 -o CMakeFiles/cmTC_df2c3.dir/src.cxx.o -c /home/ec2-user/s3/S3C++/build/CMakeFiles/CMakeTmp/src.cxx
c++: error: unrecognized command-line option '-Wthread-safety'
c++: error: unrecognized command-line option '-Wthread-safety'
gmake[1]: *** [CMakeFiles/cmTC_df2c3.dir/build.make:78: CMakeFiles/cmTC_df2c3.dir/src.cxx.o] Error 1
gmake[1]: Leaving directory '/home/ec2-user/s3/S3C++/build/CMakeFiles/CMakeTmp'
gmake: *** [Makefile:127: cmTC_df2c3/fast] Error 2


Source file was:
int main() { return 0; }
Determining if the function sqlite3_open exists in the sqlite3 failed with the following output:
Change Dir: /home/ec2-user/s3/S3C++/build/CMakeFiles/CMakeTmp

Run Build Command(s):/usr/bin/gmake -f Makefile cmTC_ba284/fast && /usr/bin/gmake  -f CMakeFiles/cmTC_ba284.dir/build.make CMakeFiles/cmTC_ba284.dir/build
gmake[1]: Entering directory '/home/ec2-user/s3/S3C++/build/CMakeFiles/CMakeTmp'
Building C object CMakeFiles/cmTC_ba284.dir/CheckFunctionExists.c.o
/usr/bin/cc   -Wstrict-prototypes -DCHECK_FUNCTION_EXISTS=sqlite3_open -std=c11 -o CMakeFiles/cmTC_ba284.dir/CheckFunctionExists.c.o -c /usr/share/cmake/Modules/CheckFunctionExists.c
Linking C executable cmTC_ba284
/usr/bin/cmake -E cmake_link_script CMakeFiles/cmTC_ba284.dir/link.txt --verbose=1
/usr/bin/cc  -Wstrict-prototypes -DCHECK_FUNCTION_EXISTS=sqlite3_open CMakeFiles/cmTC_ba284.dir/CheckFunctionExists.c.o -o cmTC_ba284  -lsqlite3 
/usr/bin/ld: cannot find -lsqlite3: No such file or directory
collect2: error: ld returned 1 exit status
gmake[1]: *** [CMakeFiles/cmTC_ba284.dir/build.make:99: cmTC_ba284] Error 1
gmake[1]: Leaving directory '/home/ec2-user/s3/S3C++/build/CMakeFiles/CMakeTmp'
gmake: *** [Makefile:127: cmTC_ba284/fast] Error 2



Performing C++ SOURCE FILE Test HAVE_KYOTOCABINET failed with the following output:
Change Dir: /home/ec2-user/s3/S3C++/build/CMakeFiles/CMakeTmp

Run Build Command(s):/usr/bin/gmake -f Makefile cmTC_0a2ab/fast && /usr/bin/gmake  -f CMakeFiles/cmTC_0a2ab.dir/build.make CMakeFiles/cmTC_0a2ab.dir/build
gmake[1]: Entering directory '/home/ec2-user/s3/S3C++/build/CMakeFiles/CMakeTmp'
Building CXX object CMakeFiles/cmTC_0a2ab.dir/src.cxx.o
/usr/bin/c++ -DHAVE_KYOTOCABINET  -fno-exceptions -fno-rtti  -std=gnu++17 -o CMakeFiles/cmTC_0a2ab.dir/src.cxx.o -c /home/ec2-user/s3/S3C++/build/CMakeFiles/CMakeTmp/src.cxx
/home/ec2-user/s3/S3C++/build/CMakeFiles/CMakeTmp/src.cxx:2:10: fatal error: kcpolydb.h: No such file or directory
    2 | #include <kcpolydb.h>
      |          ^~~~~~~~~~~~
compilation terminated.
gmake[1]: *** [CMakeFiles/cmTC_0a2ab.dir/build.make:78: CMakeFiles/cmTC_0a2ab.dir/src.cxx.o] Error 1
gmake[1]: Leaving directory '/home/ec2-user/s3/S3C++/build/CMakeFiles/CMakeTmp'
gmake: *** [Makefile:127: cmTC_0a2ab/fast] Error 2


Source file was:

#include <kcpolydb.h>

int main() {
  kyotocabinet::TreeDB* db = new kyotocabinet::TreeDB();
  delete db;
  return 0;
}
  
Determining if the function crc32c_value exists in the crc32c failed with the following output:
Change Dir: /home/ec2-user/s3/S3C++/build/CMakeFiles/CMakeTmp

Run Build Command(s):/usr/bin/gmake -f Makefile cmTC_18c51/fast && gmake[1]: Entering directory '/home/ec2-user/s3/S3C++/build/CMakeFiles/CMakeTmp'
/usr/bin/gmake  -f CMakeFiles/cmTC_18c51.dir/build.make CMakeFiles/cmTC_18c51.dir/build
gmake[2]: Entering directory '/home/ec2-user/s3/S3C++/build/CMakeFiles/CMakeTmp'
Building C object CMakeFiles/cmTC_18c51.dir/CheckFunctionExists.c.o
/usr/bin/cc   -DCHECK_FUNCTION_EXISTS=crc32c_value -std=c11 -o CMakeFiles/cmTC_18c51.dir/CheckFunctionExists.c.o -c /usr/share/cmake/Modules/CheckFunctionExists.c
Linking C executable cmTC_18c51
/usr/bin/cmake -E cmake_link_script CMakeFiles/cmTC_18c51.dir/link.txt --verbose=1
/usr/bin/cc  -DCHECK_FUNCTION_EXISTS=crc32c_value CMakeFiles/cmTC_18c51.dir/CheckFunctionExists.c.o -o cmTC_18c51  -lcrc32c 
/usr/bin/ld: cannot find -lcrc32c: No such file or directory
collect2: error: ld returned 1 exit status
gmake[2]: *** [CMakeFiles/cmTC_18c51.dir/build.make:99: cmTC_18c51] Error 1
gmake[2]: Leaving directory '/home/ec2-user/s3/S3C++/build/CMakeFiles/CMakeTmp'
gmake[1]: *** [Makefile:127: cmTC_18c51/fast] Error 2
gmake[1]: Leaving directory '/home/ec2-user/s3/S3C++/build/CMakeFiles/CMakeTmp'



Determining if the function snappy_compress exists in the snappy failed with the following output:
Change Dir: /home/ec2-user/s3/S3C++/build/CMakeFiles/CMakeTmp

Run Build Command(s):/usr/bin/gmake -f Makefile cmTC_cfad8/fast && gmake[1]: Entering directory '/home/ec2-user/s3/S3C++/build/CMakeFiles/CMakeTmp'
/usr/bin/gmake  -f CMakeFiles/cmTC_cfad8.dir/build.make CMakeFiles/cmTC_cfad8.dir/build
gmake[2]: Entering directory '/home/ec2-user/s3/S3C++/build/CMakeFiles/CMakeTmp'
Building C object CMakeFiles/cmTC_cfad8.dir/CheckFunctionExists.c.o
/usr/bin/cc   -DCHECK_FUNCTION_EXISTS=snappy_compress -std=c11 -o CMakeFiles/cmTC_cfad8.dir/CheckFunctionExists.c.o -c /usr/share/cmake/Modules/CheckFunctionExists.c
Linking C executable cmTC_cfad8
/usr/bin/cmake -E cmake_link_script CMakeFiles/cmTC_cfad8.dir/link.txt --verbose=1
/usr/bin/cc  -DCHECK_FUNCTION_EXISTS=snappy_compress CMakeFiles/cmTC_cfad8.dir/CheckFunctionExists.c.o -o cmTC_cfad8  -lsnappy 
/usr/bin/ld: cannot find -lsnappy: No such file or directory
collect2: error: ld returned 1 exit status
gmake[2]: *** [CMakeFiles/cmTC_cfad8.dir/build.make:99: cmTC_cfad8] Error 1
gmake[2]: Leaving directory '/home/ec2-user/s3/S3C++/build/CMakeFiles/CMakeTmp'
gmake[1]: *** [Makefile:127: cmTC_cfad8/fast] Error 2
gmake[1]: Leaving directory '/home/ec2-user/s3/S3C++/build/CMakeFiles/CMakeTmp'



Determining if the function zstd_compress exists in the zstd failed with the following output:
Change Dir: /home/ec2-user/s3/S3C++/build/CMakeFiles/CMakeTmp

Run Build Command(s):/usr/bin/gmake -f Makefile cmTC_26365/fast && gmake[1]: Entering directory '/home/ec2-user/s3/S3C++/build/CMakeFiles/CMakeTmp'
/usr/bin/gmake  -f CMakeFiles/cmTC_26365.dir/build.make CMakeFiles/cmTC_26365.dir/build
gmake[2]: Entering directory '/home/ec2-user/s3/S3C++/build/CMakeFiles/CMakeTmp'
Building C object CMakeFiles/cmTC_26365.dir/CheckFunctionExists.c.o
/usr/bin/cc   -DCHECK_FUNCTION_EXISTS=zstd_compress -std=c11 -o CMakeFiles/cmTC_26365.dir/CheckFunctionExists.c.o -c /usr/share/cmake/Modules/CheckFunctionExists.c
Linking C executable cmTC_26365
/usr/bin/cmake -E cmake_link_script CMakeFiles/cmTC_26365.dir/link.txt --verbose=1
/usr/bin/cc  -DCHECK_FUNCTION_EXISTS=zstd_compress CMakeFiles/cmTC_26365.dir/CheckFunctionExists.c.o -o cmTC_26365  -lzstd 
/usr/bin/ld: CMakeFiles/cmTC_26365.dir/CheckFunctionExists.c.o: in function `main':
CheckFunctionExists.c:(.text+0x10): undefined reference to `zstd_compress'
collect2: error: ld returned 1 exit status
gmake[2]: *** [CMakeFiles/cmTC_26365.dir/build.make:99: cmTC_26365] Error 1
gmake[2]: Leaving directory '/home/ec2-user/s3/S3C++/build/CMakeFiles/CMakeTmp'
gmake[1]: *** [Makefile:127: cmTC_26365/fast] Error 2
gmake[1]: Leaving directory '/home/ec2-user/s3/S3C++/build/CMakeFiles/CMakeTmp'



Determining if the function malloc exists in the tcmalloc failed with the following output:
Change Dir: /home/ec2-user/s3/S3C++/build/CMakeFiles/CMakeTmp

Run Build Command(s):/usr/bin/gmake -f Makefile cmTC_69166/fast && gmake[1]: Entering directory '/home/ec2-user/s3/S3C++/build/CMakeFiles/CMakeTmp'
/usr/bin/gmake  -f CMakeFiles/cmTC_69166.dir/build.make CMakeFiles/cmTC_69166.dir/build
gmake[2]: Entering directory '/home/ec2-user/s3/S3C++/build/CMakeFiles/CMakeTmp'
Building C object CMakeFiles/cmTC_69166.dir/CheckFunctionExists.c.o
/usr/bin/cc   -DCHECK_FUNCTION_EXISTS=malloc -std=c11 -o CMakeFiles/cmTC_69166.dir/CheckFunctionExists.c.o -c /usr/share/cmake/Modules/CheckFunctionExists.c
<command-line>: warning: conflicting types for built-in function ‘malloc’; expected ‘void *(long unsigned int)’ [-Wbuiltin-declaration-mismatch]
/usr/share/cmake/Modules/CheckFunctionExists.c:7:3: note: in expansion of macro ‘CHECK_FUNCTION_EXISTS’
    7 |   CHECK_FUNCTION_EXISTS(void);
      |   ^~~~~~~~~~~~~~~~~~~~~
/usr/share/cmake/Modules/CheckFunctionExists.c:1:1: note: ‘malloc’ is declared in header ‘<stdlib.h>’
  +++ |+#include <stdlib.h>
    1 | #ifdef CHECK_FUNCTION_EXISTS
Linking C executable cmTC_69166
/usr/bin/cmake -E cmake_link_script CMakeFiles/cmTC_69166.dir/link.txt --verbose=1
/usr/bin/cc  -DCHECK_FUNCTION_EXISTS=malloc CMakeFiles/cmTC_69166.dir/CheckFunctionExists.c.o -o cmTC_69166  -ltcmalloc 
/usr/bin/ld: cannot find -ltcmalloc: No such file or directory
collect2: error: ld returned 1 exit status
gmake[2]: *** [CMakeFiles/cmTC_69166.dir/build.make:99: cmTC_69166] Error 1
gmake[2]: Leaving directory '/home/ec2-user/s3/S3C++/build/CMakeFiles/CMakeTmp'
gmake[1]: *** [Makefile:127: cmTC_69166/fast] Error 2
gmake[1]: Leaving directory '/home/ec2-user/s3/S3C++/build/CMakeFiles/CMakeTmp'



Determining if the F_FULLFSYNC exist failed with the following output:
Change Dir: /home/ec2-user/s3/S3C++/build/CMakeFiles/CMakeTmp

Run Build Command(s):/usr/bin/gmake -f Makefile cmTC_71d4c/fast && gmake[1]: Entering directory '/home/ec2-user/s3/S3C++/build/CMakeFiles/CMakeTmp'
/usr/bin/gmake  -f CMakeFiles/cmTC_71d4c.dir/build.make CMakeFiles/cmTC_71d4c.dir/build
gmake[2]: Entering directory '/home/ec2-user/s3/S3C++/build/CMakeFiles/CMakeTmp'
Building CXX object CMakeFiles/cmTC_71d4c.dir/CheckSymbolExists.cxx.o
/usr/bin/c++   -std=gnu++17 -o CMakeFiles/cmTC_71d4c.dir/CheckSymbolExists.cxx.o -c /home/ec2-user/s3/S3C++/build/CMakeFiles/CMakeTmp/CheckSymbolExists.cxx
/home/ec2-user/s3/S3C++/build/CMakeFiles/CMakeTmp/CheckSymbolExists.cxx: In function ‘int main(int, char**)’:
/home/ec2-user/s3/S3C++/build/CMakeFiles/CMakeTmp/CheckSymbolExists.cxx:8:19: error: ‘F_FULLFSYNC’ was not declared in this scope
    8 |   return ((int*)(&F_FULLFSYNC))[argc];
      |                   ^~~~~~~~~~~
gmake[2]: *** [CMakeFiles/cmTC_71d4c.dir/build.make:78: CMakeFiles/cmTC_71d4c.dir/CheckSymbolExists.cxx.o] Error 1
gmake[2]: Leaving directory '/home/ec2-user/s3/S3C++/build/CMakeFiles/CMakeTmp'
gmake[1]: *** [Makefile:127: cmTC_71d4c/fast] Error 2
gmake[1]: Leaving directory '/home/ec2-user/s3/S3C++/build/CMakeFiles/CMakeTmp'


File /home/ec2-user/s3/S3C++/build/CMakeFiles/CMakeTmp/CheckSymbolExists.cxx:
/* */
#include <fcntl.h>

int main(int argc, char** argv)
{
  (void)argv;
#ifndef F_FULLFSYNC
  return ((int*)(&F_FULLFSYNC))[argc];
#else
  (void)argc;
  return 0;
#endif
}
Performing C++ SOURCE FILE Test HAVE_CLANG_THREAD_SAFETY failed with the following output:
Change Dir: /home/ec2-user/s3/S3C++/build/CMakeFiles/CMakeTmp

Run Build Command(s):/usr/bin/gmake -f Makefile cmTC_7a78c/fast && gmake[1]: Entering directory '/home/ec2-user/s3/S3C++/build/CMakeFiles/CMakeTmp'
/usr/bin/gmake  -f CMakeFiles/cmTC_7a78c.dir/build.make CMakeFiles/cmTC_7a78c.dir/build
gmake[2]: Entering directory '/home/ec2-user/s3/S3C++/build/CMakeFiles/CMakeTmp'
Building CXX object CMakeFiles/cmTC_7a78c.dir/src.cxx.o
/usr/bin/c++ -DHAVE_CLANG_THREAD_SAFETY  -fno-exceptions -fno-rtti    -Wthread-safety -std=gnu++17 -o CMakeFiles/cmTC_7a78c.dir/src.cxx.o -c /home/ec2-user/s3/S3C++/build/CMakeFiles/CMakeTmp/src.cxx
c++: error: unrecognized command-line option '-Wthread-safety'
gmake[2]: *** [CMakeFiles/cmTC_7a78c.dir/build.make:78: CMakeFiles/cmTC_7a78c.dir/src.cxx.o] Error 1
gmake[2]: Leaving directory '/home/ec2-user/s3/S3C++/build/CMakeFiles/CMakeTmp'
gmake[1]: *** [Makefile:127: cmTC_7a78c/fast] Error 2
gmake[1]: Leaving directory '/home/ec2-user/s3/S3C++/build/CMakeFiles/CMakeTmp'


Source file was:
int main() { return 0; }
Performing C++ SOURCE FILE Test HAVE_CXX_FLAG_WSHORTEN_64_TO_32 failed with the following output:
Change Dir: /home/ec2-user/s3/S3C++/build/CMakeFiles/CMakeTmp

Run Build Command(s):/usr/bin/gmake -f Makefile cmTC_4a5fb/fast && gmake[1]: Entering directory '/home/ec2-user/s3/S3C++/build/CMakeFiles/CMakeTmp'
/usr/bin/gmake  -f CMakeFiles/cmTC_4a5fb.dir/build.make CMakeFiles/cmTC_4a5fb.dir/build
gmake[2]: Entering directory '/home/ec2-user/s3/S3C++/build/CMakeFiles/CMakeTmp'
Building CXX object CMakeFiles/cmTC_4a5fb.dir/src.cxx.o
/usr/bin/c++ -DHAVE_CXX_FLAG_WSHORTEN_64_TO_32  -fno-exceptions -fno-rtti  -Wall  -Wextra  -Wshadow  -Wfloat-equal  -Werror  -Wsuggest-override  -pedantic  -pedantic-errors  -Wshorten-64-to-32   -Wshorten-64-to-32 -std=c++11 -o CMakeFiles/cmTC_4a5fb.dir/src.cxx.o -c /home/ec2-user/s3/S3C++/build/CMakeFiles/CMakeTmp/src.cxx
c++: error: unrecognized command-line option '-Wshorten-64-to-32'
c++: error: unrecognized command-line option '-Wshorten-64-to-32'
gmake[2]: *** [CMakeFiles/cmTC_4a5fb.dir/build.make:78: CMakeFiles/cmTC_4a5fb.dir/src.cxx.o] Error 1
gmake[2]: Leaving directory '/home/ec2-user/s3/S3C++/build/CMakeFiles/CMakeTmp'
gmake[1]: *** [Makefile:127: cmTC_4a5fb/fast] Error 2
gmake[1]: Leaving directory '/home/ec2-user/s3/S3C++/build/CMakeFiles/CMakeTmp'


Source file was:
int main() { return 0; }
Performing C++ SOURCE FILE Test HAVE_CXX_FLAG_WD654 failed with the following output:
Change Dir: /home/ec2-user/s3/S3C++/build/CMakeFiles/CMakeTmp

Run Build Command(s):/usr/bin/gmake -f Makefile cmTC_bcec3/fast && gmake[1]: Entering directory '/home/ec2-user/s3/S3C++/build/CMakeFiles/CMakeTmp'
/usr/bin/gmake  -f CMakeFiles/cmTC_bcec3.dir/build.make CMakeFiles/cmTC_bcec3.dir/build
gmake[2]: Entering directory '/home/ec2-user/s3/S3C++/build/CMakeFiles/CMakeTmp'
Building CXX object CMakeFiles/cmTC_bcec3.dir/src.cxx.o
/usr/bin/c++ -DHAVE_CXX_FLAG_WD654  -fno-exceptions -fno-rtti  -Wall  -Wextra  -Wshadow  -Wfloat-equal  -Werror  -Wsuggest-override  -pedantic  -pedantic-errors  -fstrict-aliasing  -Wno-deprecated-declarations  -Wno-deprecated  -fno-exceptions  -Wstrict-aliasing  -wd654   -wd654 -std=c++11 -o CMakeFiles/cmTC_bcec3.dir/src.cxx.o -c /home/ec2-user/s3/S3C++/build/CMakeFiles/CMakeTmp/src.cxx
c++: error: unrecognized command-line option '-wd654'
c++: error: unrecognized command-line option '-wd654'
gmake[2]: *** [CMakeFiles/cmTC_bcec3.dir/build.make:78: CMakeFiles/cmTC_bcec3.dir/src.cxx.o] Error 1
gmake[2]: Leaving directory '/home/ec2-user/s3/S3C++/build/CMakeFiles/CMakeTmp'
gmake[1]: *** [Makefile:127: cmTC_bcec3/fast] Error 2
gmake[1]: Leaving directory '/home/ec2-user/s3/S3C++/build/CMakeFiles/CMakeTmp'


Source file was:
int main() { return 0; }
Performing C++ SOURCE FILE Test HAVE_CXX_FLAG_WTHREAD_SAFETY failed with the following output:
Change Dir: /home/ec2-user/s3/S3C++/build/CMakeFiles/CMakeTmp

Run Build Command(s):/usr/bin/gmake -f Makefile cmTC_2fa12/fast && gmake[1]: Entering directory '/home/ec2-user/s3/S3C++/build/CMakeFiles/CMakeTmp'
/usr/bin/gmake  -f CMakeFiles/cmTC_2fa12.dir/build.make CMakeFiles/cmTC_2fa12.dir/build
gmake[2]: Entering directory '/home/ec2-user/s3/S3C++/build/CMakeFiles/CMakeTmp'
Building CXX object CMakeFiles/cmTC_2fa12.dir/src.cxx.o
/usr/bin/c++ -DHAVE_CXX_FLAG_WTHREAD_SAFETY  -fno-exceptions -fno-rtti  -Wall  -Wextra  -Wshadow  -Wfloat-equal  -Werror  -Wsuggest-override  -pedantic  -pedantic-errors  -fstrict-aliasing  -Wno-deprecated-declarations  -Wno-deprecated  -fno-exceptions  -Wstrict-aliasing  -Wthread-safety   -Wthread-safety -std=c++11 -o CMakeFiles/cmTC_2fa12.dir/src.cxx.o -c /home/ec2-user/s3/S3C++/build/CMakeFiles/CMakeTmp/src.cxx
c++: error: unrecognized command-line option '-Wthread-safety'
c++: error: unrecognized command-line option '-Wthread-safety'
gmake[2]: *** [CMakeFiles/cmTC_2fa12.dir/build.make:78: CMakeFiles/cmTC_2fa12.dir/src.cxx.o] Error 1
gmake[2]: Leaving directory '/home/ec2-user/s3/S3C++/build/CMakeFiles/CMakeTmp'
gmake[1]: *** [Makefile:127: cmTC_2fa12/fast] Error 2
gmake[1]: Leaving directory '/home/ec2-user/s3/S3C++/build/CMakeFiles/CMakeTmp'


Source file was:
int main() { return 0; }
Determining if the function sqlite3_open exists in the sqlite3 failed with the following output:
Change Dir: /home/ec2-user/s3/S3C++/build/CMakeFiles/CMakeTmp

Run Build Command(s):/usr/bin/gmake -f Makefile cmTC_74af1/fast && gmake[1]: Entering directory '/home/ec2-user/s3/S3C++/build/CMakeFiles/CMakeTmp'
/usr/bin/gmake  -f CMakeFiles/cmTC_74af1.dir/build.make CMakeFiles/cmTC_74af1.dir/build
gmake[2]: Entering directory '/home/ec2-user/s3/S3C++/build/CMakeFiles/CMakeTmp'
Building C object CMakeFiles/cmTC_74af1.dir/CheckFunctionExists.c.o
/usr/bin/cc   -Wstrict-prototypes -DCHECK_FUNCTION_EXISTS=sqlite3_open -std=c11 -o CMakeFiles/cmTC_74af1.dir/CheckFunctionExists.c.o -c /usr/share/cmake/Modules/CheckFunctionExists.c
Linking C executable cmTC_74af1
/usr/bin/cmake -E cmake_link_script CMakeFiles/cmTC_74af1.dir/link.txt --verbose=1
/usr/bin/cc  -Wstrict-prototypes -DCHECK_FUNCTION_EXISTS=sqlite3_open CMakeFiles/cmTC_74af1.dir/CheckFunctionExists.c.o -o cmTC_74af1  -lsqlite3 
/usr/bin/ld: cannot find -lsqlite3: No such file or directory
collect2: error: ld returned 1 exit status
gmake[2]: *** [CMakeFiles/cmTC_74af1.dir/build.make:99: cmTC_74af1] Error 1
gmake[2]: Leaving directory '/home/ec2-user/s3/S3C++/build/CMakeFiles/CMakeTmp'
gmake[1]: *** [Makefile:127: cmTC_74af1/fast] Error 2
gmake[1]: Leaving directory '/home/ec2-user/s3/S3C++/build/CMakeFiles/CMakeTmp'



Performing C++ SOURCE FILE Test HAVE_KYOTOCABINET failed with the following output:
Change Dir: /home/ec2-user/s3/S3C++/build/CMakeFiles/CMakeTmp

Run Build Command(s):/usr/bin/gmake -f Makefile cmTC_edbce/fast && gmake[1]: Entering directory '/home/ec2-user/s3/S3C++/build/CMakeFiles/CMakeTmp'
/usr/bin/gmake  -f CMakeFiles/cmTC_edbce.dir/build.make CMakeFiles/cmTC_edbce.dir/build
gmake[2]: Entering directory '/home/ec2-user/s3/S3C++/build/CMakeFiles/CMakeTmp'
Building CXX object CMakeFiles/cmTC_edbce.dir/src.cxx.o
/usr/bin/c++ -DHAVE_KYOTOCABINET  -fno-exceptions -fno-rtti  -std=gnu++17 -o CMakeFiles/cmTC_edbce.dir/src.cxx.o -c /home/ec2-user/s3/S3C++/build/CMakeFiles/CMakeTmp/src.cxx
/home/ec2-user/s3/S3C++/build/CMakeFiles/CMakeTmp/src.cxx:2:10: fatal error: kcpolydb.h: No such file or directory
    2 | #include <kcpolydb.h>
      |          ^~~~~~~~~~~~
compilation terminated.
gmake[2]: *** [CMakeFiles/cmTC_edbce.dir/build.make:78: CMakeFiles/cmTC_edbce.dir/src.cxx.o] Error 1
gmake[2]: Leaving directory '/home/ec2-user/s3/S3C++/build/CMakeFiles/CMakeTmp'
gmake[1]: *** [Makefile:127: cmTC_edbce/fast] Error 2
gmake[1]: Leaving directory '/home/ec2-user/s3/S3C++/build/CMakeFiles/CMakeTmp'


Source file was:

#include <kcpolydb.h>

int main() {
  kyotocabinet::TreeDB* db = new kyotocabinet::TreeDB();
  delete db;
  return 0;
}
  
Determining if the function crc32c_value exists in the crc32c failed with the following output:
Change Dir: /home/ec2-user/s3/S3C++/build/CMakeFiles/CMakeTmp

Run Build Command(s):/usr/bin/gmake -f Makefile cmTC_fe37d/fast && /usr/bin/gmake  -f CMakeFiles/cmTC_fe37d.dir/build.make CMakeFiles/cmTC_fe37d.dir/build
gmake[1]: Entering directory '/home/ec2-user/s3/S3C++/build/CMakeFiles/CMakeTmp'
Building C object CMakeFiles/cmTC_fe37d.dir/CheckFunctionExists.c.o
/usr/bin/cc   -DCHECK_FUNCTION_EXISTS=crc32c_value -std=c11 -o CMakeFiles/cmTC_fe37d.dir/CheckFunctionExists.c.o -c /usr/share/cmake/Modules/CheckFunctionExists.c
Linking C executable cmTC_fe37d
/usr/bin/cmake -E cmake_link_script CMakeFiles/cmTC_fe37d.dir/link.txt --verbose=1
/usr/bin/cc  -DCHECK_FUNCTION_EXISTS=crc32c_value CMakeFiles/cmTC_fe37d.dir/CheckFunctionExists.c.o -o cmTC_fe37d  -lcrc32c 
/usr/bin/ld: cannot find -lcrc32c: No such file or directory
collect2: error: ld returned 1 exit status
gmake[1]: *** [CMakeFiles/cmTC_fe37d.dir/build.make:99: cmTC_fe37d] Error 1
gmake[1]: Leaving directory '/home/ec2-user/s3/S3C++/build/CMakeFiles/CMakeTmp'
gmake: *** [Makefile:127: cmTC_fe37d/fast] Error 2



Determining if the function snappy_compress exists in the snappy failed with the following output:
Change Dir: /home/ec2-user/s3/S3C++/build/CMakeFiles/CMakeTmp

Run Build Command(s):/usr/bin/gmake -f Makefile cmTC_f8586/fast && /usr/bin/gmake  -f CMakeFiles/cmTC_f8586.dir/build.make CMakeFiles/cmTC_f8586.dir/build
gmake[1]: Entering directory '/home/ec2-user/s3/S3C++/build/CMakeFiles/CMakeTmp'
Building C object CMakeFiles/cmTC_f8586.dir/CheckFunctionExists.c.o
/usr/bin/cc   -DCHECK_FUNCTION_EXISTS=snappy_compress -std=c11 -o CMakeFiles/cmTC_f8586.dir/CheckFunctionExists.c.o -c /usr/share/cmake/Modules/CheckFunctionExists.c
Linking C executable cmTC_f8586
/usr/bin/cmake -E cmake_link_script CMakeFiles/cmTC_f8586.dir/link.txt --verbose=1
/usr/bin/cc  -DCHECK_FUNCTION_EXISTS=snappy_compress CMakeFiles/cmTC_f8586.dir/CheckFunctionExists.c.o -o cmTC_f8586  -lsnappy 
/usr/bin/ld: cannot find -lsnappy: No such file or directory
collect2: error: ld returned 1 exit status
gmake[1]: *** [CMakeFiles/cmTC_f8586.dir/build.make:99: cmTC_f8586] Error 1
gmake[1]: Leaving directory '/home/ec2-user/s3/S3C++/build/CMakeFiles/CMakeTmp'
gmake: *** [Makefile:127: cmTC_f8586/fast] Error 2



Determining if the function zstd_compress exists in the zstd failed with the following output:
Change Dir: /home/ec2-user/s3/S3C++/build/CMakeFiles/CMakeTmp

Run Build Command(s):/usr/bin/gmake -f Makefile cmTC_c3e54/fast && /usr/bin/gmake  -f CMakeFiles/cmTC_c3e54.dir/build.make CMakeFiles/cmTC_c3e54.dir/build
gmake[1]: Entering directory '/home/ec2-user/s3/S3C++/build/CMakeFiles/CMakeTmp'
Building C object CMakeFiles/cmTC_c3e54.dir/CheckFunctionExists.c.o
/usr/bin/cc   -DCHECK_FUNCTION_EXISTS=zstd_compress -std=c11 -o CMakeFiles/cmTC_c3e54.dir/CheckFunctionExists.c.o -c /usr/share/cmake/Modules/CheckFunctionExists.c
Linking C executable cmTC_c3e54
/usr/bin/cmake -E cmake_link_script CMakeFiles/cmTC_c3e54.dir/link.txt --verbose=1
/usr/bin/cc  -DCHECK_FUNCTION_EXISTS=zstd_compress CMakeFiles/cmTC_c3e54.dir/CheckFunctionExists.c.o -o cmTC_c3e54  -lzstd 
/usr/bin/ld: CMakeFiles/cmTC_c3e54.dir/CheckFunctionExists.c.o: in function `main':
CheckFunctionExists.c:(.text+0x10): undefined reference to `zstd_compress'
collect2: error: ld returned 1 exit status
gmake[1]: *** [CMakeFiles/cmTC_c3e54.dir/build.make:99: cmTC_c3e54] Error 1
gmake[1]: Leaving directory '/home/ec2-user/s3/S3C++/build/CMakeFiles/CMakeTmp'
gmake: *** [Makefile:127: cmTC_c3e54/fast] Error 2



Determining if the function malloc exists in the tcmalloc failed with the following output:
Change Dir: /home/ec2-user/s3/S3C++/build/CMakeFiles/CMakeTmp

Run Build Command(s):/usr/bin/gmake -f Makefile cmTC_af695/fast && /usr/bin/gmake  -f CMakeFiles/cmTC_af695.dir/build.make CMakeFiles/cmTC_af695.dir/build
gmake[1]: Entering directory '/home/ec2-user/s3/S3C++/build/CMakeFiles/CMakeTmp'
Building C object CMakeFiles/cmTC_af695.dir/CheckFunctionExists.c.o
/usr/bin/cc   -DCHECK_FUNCTION_EXISTS=malloc -std=c11 -o CMakeFiles/cmTC_af695.dir/CheckFunctionExists.c.o -c /usr/share/cmake/Modules/CheckFunctionExists.c
<command-line>: warning: conflicting types for built-in function ‘malloc’; expected ‘void *(long unsigned int)’ [-Wbuiltin-declaration-mismatch]
/usr/share/cmake/Modules/CheckFunctionExists.c:7:3: note: in expansion of macro ‘CHECK_FUNCTION_EXISTS’
    7 |   CHECK_FUNCTION_EXISTS(void);
      |   ^~~~~~~~~~~~~~~~~~~~~
/usr/share/cmake/Modules/CheckFunctionExists.c:1:1: note: ‘malloc’ is declared in header ‘<stdlib.h>’
  +++ |+#include <stdlib.h>
    1 | #ifdef CHECK_FUNCTION_EXISTS
Linking C executable cmTC_af695
/usr/bin/cmake -E cmake_link_script CMakeFiles/cmTC_af695.dir/link.txt --verbose=1
/usr/bin/cc  -DCHECK_FUNCTION_EXISTS=malloc CMakeFiles/cmTC_af695.dir/CheckFunctionExists.c.o -o cmTC_af695  -ltcmalloc 
/usr/bin/ld: cannot find -ltcmalloc: No such file or directory
collect2: error: ld returned 1 exit status
gmake[1]: *** [CMakeFiles/cmTC_af695.dir/build.make:99: cmTC_af695] Error 1
gmake[1]: Leaving directory '/home/ec2-user/s3/S3C++/build/CMakeFiles/CMakeTmp'
gmake: *** [Makefile:127: cmTC_af695/fast] Error 2



Determining if the F_FULLFSYNC exist failed with the following output:
Change Dir: /home/ec2-user/s3/S3C++/build/CMakeFiles/CMakeTmp

Run Build Command(s):/usr/bin/gmake -f Makefile cmTC_6f8a1/fast && /usr/bin/gmake  -f CMakeFiles/cmTC_6f8a1.dir/build.make CMakeFiles/cmTC_6f8a1.dir/build
gmake[1]: Entering directory '/home/ec2-user/s3/S3C++/build/CMakeFiles/CMakeTmp'
Building CXX object CMakeFiles/cmTC_6f8a1.dir/CheckSymbolExists.cxx.o
/usr/bin/c++   -std=gnu++17 -o CMakeFiles/cmTC_6f8a1.dir/CheckSymbolExists.cxx.o -c /home/ec2-user/s3/S3C++/build/CMakeFiles/CMakeTmp/CheckSymbolExists.cxx
/home/ec2-user/s3/S3C++/build/CMakeFiles/CMakeTmp/CheckSymbolExists.cxx: In function ‘int main(int, char**)’:
/home/ec2-user/s3/S3C++/build/CMakeFiles/CMakeTmp/CheckSymbolExists.cxx:8:19: error: ‘F_FULLFSYNC’ was not declared in this scope
    8 |   return ((int*)(&F_FULLFSYNC))[argc];
      |                   ^~~~~~~~~~~
gmake[1]: *** [CMakeFiles/cmTC_6f8a1.dir/build.make:78: CMakeFiles/cmTC_6f8a1.dir/CheckSymbolExists.cxx.o] Error 1
gmake[1]: Leaving directory '/home/ec2-user/s3/S3C++/build/CMakeFiles/CMakeTmp'
gmake: *** [Makefile:127: cmTC_6f8a1/fast] Error 2


File /home/ec2-user/s3/S3C++/build/CMakeFiles/CMakeTmp/CheckSymbolExists.cxx:
/* */
#include <fcntl.h>

int main(int argc, char** argv)
{
  (void)argv;
#ifndef F_FULLFSYNC
  return ((int*)(&F_FULLFSYNC))[argc];
#else
  (void)argc;
  return 0;
#endif
}
Performing C++ SOURCE FILE Test HAVE_CLANG_THREAD_SAFETY failed with the following output:
Change Dir: /home/ec2-user/s3/S3C++/build/CMakeFiles/CMakeTmp

Run Build Command(s):/usr/bin/gmake -f Makefile cmTC_56b22/fast && /usr/bin/gmake  -f CMakeFiles/cmTC_56b22.dir/build.make CMakeFiles/cmTC_56b22.dir/build
gmake[1]: Entering directory '/home/ec2-user/s3/S3C++/build/CMakeFiles/CMakeTmp'
Building CXX object CMakeFiles/cmTC_56b22.dir/src.cxx.o
/usr/bin/c++ -DHAVE_CLANG_THREAD_SAFETY  -fno-exceptions -fno-rtti    -Wthread-safety -std=gnu++17 -o CMakeFiles/cmTC_56b22.dir/src.cxx.o -c /home/ec2-user/s3/S3C++/build/CMakeFiles/CMakeTmp/src.cxx
c++: error: unrecognized command-line option '-Wthread-safety'
gmake[1]: *** [CMakeFiles/cmTC_56b22.dir/build.make:78: CMakeFiles/cmTC_56b22.dir/src.cxx.o] Error 1
gmake[1]: Leaving directory '/home/ec2-user/s3/S3C++/build/CMakeFiles/CMakeTmp'
gmake: *** [Makefile:127: cmTC_56b22/fast] Error 2


Source file was:
int main() { return 0; }
Performing C++ SOURCE FILE Test HAVE_CXX_FLAG_WSHORTEN_64_TO_32 failed with the following output:
Change Dir: /home/ec2-user/s3/S3C++/build/CMakeFiles/CMakeTmp

Run Build Command(s):/usr/bin/gmake -f Makefile cmTC_7916a/fast && /usr/bin/gmake  -f CMakeFiles/cmTC_7916a.dir/build.make CMakeFiles/cmTC_7916a.dir/build
gmake[1]: Entering directory '/home/ec2-user/s3/S3C++/build/CMakeFiles/CMakeTmp'
Building CXX object CMakeFiles/cmTC_7916a.dir/src.cxx.o
/usr/bin/c++ -DHAVE_CXX_FLAG_WSHORTEN_64_TO_32  -fno-exceptions -fno-rtti  -Wall  -Wextra  -Wshadow  -Wfloat-equal  -Werror  -Wsuggest-override  -pedantic  -pedantic-errors  -Wshorten-64-to-32   -Wshorten-64-to-32 -std=c++11 -o CMakeFiles/cmTC_7916a.dir/src.cxx.o -c /home/ec2-user/s3/S3C++/build/CMakeFiles/CMakeTmp/src.cxx
c++: error: unrecognized command-line option '-Wshorten-64-to-32'
c++: error: unrecognized command-line option '-Wshorten-64-to-32'
gmake[1]: *** [CMakeFiles/cmTC_7916a.dir/build.make:78: CMakeFiles/cmTC_7916a.dir/src.cxx.o] Error 1
gmake[1]: Leaving directory '/home/ec2-user/s3/S3C++/build/CMakeFiles/CMakeTmp'
gmake: *** [Makefile:127: cmTC_7916a/fast] Error 2


Source file was:
int main() { return 0; }
Performing C++ SOURCE FILE Test HAVE_CXX_FLAG_WD654 failed with the following output:
Change Dir: /home/ec2-user/s3/S3C++/build/CMakeFiles/CMakeTmp

Run Build Command(s):/usr/bin/gmake -f Makefile cmTC_2c147/fast && /usr/bin/gmake  -f CMakeFiles/cmTC_2c147.dir/build.make CMakeFiles/cmTC_2c147.dir/build
gmake[1]: Entering directory '/home/ec2-user/s3/S3C++/build/CMakeFiles/CMakeTmp'
Building CXX object CMakeFiles/cmTC_2c147.dir/src.cxx.o
/usr/bin/c++ -DHAVE_CXX_FLAG_WD654  -fno-exceptions -fno-rtti  -Wall  -Wextra  -Wshadow  -Wfloat-equal  -Werror  -Wsuggest-override  -pedantic  -pedantic-errors  -fstrict-aliasing  -Wno-deprecated-declarations  -Wno-deprecated  -fno-exceptions  -Wstrict-aliasing  -wd654   -wd654 -std=c++11 -o CMakeFiles/cmTC_2c147.dir/src.cxx.o -c /home/ec2-user/s3/S3C++/build/CMakeFiles/CMakeTmp/src.cxx
c++: error: unrecognized command-line option '-wd654'
c++: error: unrecognized command-line option '-wd654'
gmake[1]: *** [CMakeFiles/cmTC_2c147.dir/build.make:78: CMakeFiles/cmTC_2c147.dir/src.cxx.o] Error 1
gmake[1]: Leaving directory '/home/ec2-user/s3/S3C++/build/CMakeFiles/CMakeTmp'
gmake: *** [Makefile:127: cmTC_2c147/fast] Error 2


Source file was:
int main() { return 0; }
Performing C++ SOURCE FILE Test HAVE_CXX_FLAG_WTHREAD_SAFETY failed with the following output:
Change Dir: /home/ec2-user/s3/S3C++/build/CMakeFiles/CMakeTmp

Run Build Command(s):/usr/bin/gmake -f Makefile cmTC_0c51b/fast && /usr/bin/gmake  -f CMakeFiles/cmTC_0c51b.dir/build.make CMakeFiles/cmTC_0c51b.dir/build
gmake[1]: Entering directory '/home/ec2-user/s3/S3C++/build/CMakeFiles/CMakeTmp'
Building CXX object CMakeFiles/cmTC_0c51b.dir/src.cxx.o
/usr/bin/c++ -DHAVE_CXX_FLAG_WTHREAD_SAFETY  -fno-exceptions -fno-rtti  -Wall  -Wextra  -Wshadow  -Wfloat-equal  -Werror  -Wsuggest-override  -pedantic  -pedantic-errors  -fstrict-aliasing  -Wno-deprecated-declarations  -Wno-deprecated  -fno-exceptions  -Wstrict-aliasing  -Wthread-safety   -Wthread-safety -std=c++11 -o CMakeFiles/cmTC_0c51b.dir/src.cxx.o -c /home/ec2-user/s3/S3C++/build/CMakeFiles/CMakeTmp/src.cxx
c++: error: unrecognized command-line option '-Wthread-safety'
c++: error: unrecognized command-line option '-Wthread-safety'
gmake[1]: *** [CMakeFiles/cmTC_0c51b.dir/build.make:78: CMakeFiles/cmTC_0c51b.dir/src.cxx.o] Error 1
gmake[1]: Leaving directory '/home/ec2-user/s3/S3C++/build/CMakeFiles/CMakeTmp'
gmake: *** [Makefile:127: cmTC_0c51b/fast] Error 2


Source file was:
int main() { return 0; }
Determining if the function sqlite3_open exists in the sqlite3 failed with the following output:
Change Dir: /home/ec2-user/s3/S3C++/build/CMakeFiles/CMakeTmp

Run Build Command(s):/usr/bin/gmake -f Makefile cmTC_5958e/fast && /usr/bin/gmake  -f CMakeFiles/cmTC_5958e.dir/build.make CMakeFiles/cmTC_5958e.dir/build
gmake[1]: Entering directory '/home/ec2-user/s3/S3C++/build/CMakeFiles/CMakeTmp'
Building C object CMakeFiles/cmTC_5958e.dir/CheckFunctionExists.c.o
/usr/bin/cc   -Wstrict-prototypes -DCHECK_FUNCTION_EXISTS=sqlite3_open -std=c11 -o CMakeFiles/cmTC_5958e.dir/CheckFunctionExists.c.o -c /usr/share/cmake/Modules/CheckFunctionExists.c
Linking C executable cmTC_5958e
/usr/bin/cmake -E cmake_link_script CMakeFiles/cmTC_5958e.dir/link.txt --verbose=1
/usr/bin/cc  -Wstrict-prototypes -DCHECK_FUNCTION_EXISTS=sqlite3_open CMakeFiles/cmTC_5958e.dir/CheckFunctionExists.c.o -o cmTC_5958e  -lsqlite3 
/usr/bin/ld: cannot find -lsqlite3: No such file or directory
collect2: error: ld returned 1 exit status
gmake[1]: *** [CMakeFiles/cmTC_5958e.dir/build.make:99: cmTC_5958e] Error 1
gmake[1]: Leaving directory '/home/ec2-user/s3/S3C++/build/CMakeFiles/CMakeTmp'
gmake: *** [Makefile:127: cmTC_5958e/fast] Error 2



Performing C++ SOURCE FILE Test HAVE_KYOTOCABINET failed with the following output:
Change Dir: /home/ec2-user/s3/S3C++/build/CMakeFiles/CMakeTmp

Run Build Command(s):/usr/bin/gmake -f Makefile cmTC_65c9f/fast && /usr/bin/gmake  -f CMakeFiles/cmTC_65c9f.dir/build.make CMakeFiles/cmTC_65c9f.dir/build
gmake[1]: Entering directory '/home/ec2-user/s3/S3C++/build/CMakeFiles/CMakeTmp'
Building CXX object CMakeFiles/cmTC_65c9f.dir/src.cxx.o
/usr/bin/c++ -DHAVE_KYOTOCABINET  -fno-exceptions -fno-rtti  -std=gnu++17 -o CMakeFiles/cmTC_65c9f.dir/src.cxx.o -c /home/ec2-user/s3/S3C++/build/CMakeFiles/CMakeTmp/src.cxx
/home/ec2-user/s3/S3C++/build/CMakeFiles/CMakeTmp/src.cxx:2:10: fatal error: kcpolydb.h: No such file or directory
    2 | #include <kcpolydb.h>
      |          ^~~~~~~~~~~~
compilation terminated.
gmake[1]: *** [CMakeFiles/cmTC_65c9f.dir/build.make:78: CMakeFiles/cmTC_65c9f.dir/src.cxx.o] Error 1
gmake[1]: Leaving directory '/home/ec2-user/s3/S3C++/build/CMakeFiles/CMakeTmp'
gmake: *** [Makefile:127: cmTC_65c9f/fast] Error 2


Source file was:

#include <kcpolydb.h>

int main() {
  kyotocabinet::TreeDB* db = new kyotocabinet::TreeDB();
  delete db;
  return 0;
}
  
Determining if the function crc32c_value exists in the crc32c failed with the following output:
Change Dir: /home/ec2-user/s3/S3C++/build/CMakeFiles/CMakeTmp

Run Build Command(s):/usr/bin/gmake -f Makefile cmTC_c5e77/fast && /usr/bin/gmake  -f CMakeFiles/cmTC_c5e77.dir/build.make CMakeFiles/cmTC_c5e77.dir/build
gmake[1]: Entering directory '/home/ec2-user/s3/S3C++/build/CMakeFiles/CMakeTmp'
Building C object CMakeFiles/cmTC_c5e77.dir/CheckFunctionExists.c.o
/usr/bin/cc   -DCHECK_FUNCTION_EXISTS=crc32c_value -std=c11 -o CMakeFiles/cmTC_c5e77.dir/CheckFunctionExists.c.o -c /usr/share/cmake/Modules/CheckFunctionExists.c
Linking C executable cmTC_c5e77
/usr/bin/cmake -E cmake_link_script CMakeFiles/cmTC_c5e77.dir/link.txt --verbose=1
/usr/bin/cc  -DCHECK_FUNCTION_EXISTS=crc32c_value CMakeFiles/cmTC_c5e77.dir/CheckFunctionExists.c.o -o cmTC_c5e77  -lcrc32c 
/usr/bin/ld: cannot find -lcrc32c: No such file or directory
collect2: error: ld returned 1 exit status
gmake[1]: *** [CMakeFiles/cmTC_c5e77.dir/build.make:99: cmTC_c5e77] Error 1
gmake[1]: Leaving directory '/home/ec2-user/s3/S3C++/build/CMakeFiles/CMakeTmp'
gmake: *** [Makefile:127: cmTC_c5e77/fast] Error 2



Determining if the function snappy_compress exists in the snappy failed with the following output:
Change Dir: /home/ec2-user/s3/S3C++/build/CMakeFiles/CMakeTmp

Run Build Command(s):/usr/bin/gmake -f Makefile cmTC_8bc5c/fast && /usr/bin/gmake  -f CMakeFiles/cmTC_8bc5c.dir/build.make CMakeFiles/cmTC_8bc5c.dir/build
gmake[1]: Entering directory '/home/ec2-user/s3/S3C++/build/CMakeFiles/CMakeTmp'
Building C object CMakeFiles/cmTC_8bc5c.dir/CheckFunctionExists.c.o
/usr/bin/cc   -DCHECK_FUNCTION_EXISTS=snappy_compress -std=c11 -o CMakeFiles/cmTC_8bc5c.dir/CheckFunctionExists.c.o -c /usr/share/cmake/Modules/CheckFunctionExists.c
Linking C executable cmTC_8bc5c
/usr/bin/cmake -E cmake_link_script CMakeFiles/cmTC_8bc5c.dir/link.txt --verbose=1
/usr/bin/cc  -DCHECK_FUNCTION_EXISTS=snappy_compress CMakeFiles/cmTC_8bc5c.dir/CheckFunctionExists.c.o -o cmTC_8bc5c  -lsnappy 
/usr/bin/ld: cannot find -lsnappy: No such file or directory
collect2: error: ld returned 1 exit status
gmake[1]: *** [CMakeFiles/cmTC_8bc5c.dir/build.make:99: cmTC_8bc5c] Error 1
gmake[1]: Leaving directory '/home/ec2-user/s3/S3C++/build/CMakeFiles/CMakeTmp'
gmake: *** [Makefile:127: cmTC_8bc5c/fast] Error 2



Determining if the function zstd_compress exists in the zstd failed with the following output:
Change Dir: /home/ec2-user/s3/S3C++/build/CMakeFiles/CMakeTmp

Run Build Command(s):/usr/bin/gmake -f Makefile cmTC_27574/fast && /usr/bin/gmake  -f CMakeFiles/cmTC_27574.dir/build.make CMakeFiles/cmTC_27574.dir/build
gmake[1]: Entering directory '/home/ec2-user/s3/S3C++/build/CMakeFiles/CMakeTmp'
Building C object CMakeFiles/cmTC_27574.dir/CheckFunctionExists.c.o
/usr/bin/cc   -DCHECK_FUNCTION_EXISTS=zstd_compress -std=c11 -o CMakeFiles/cmTC_27574.dir/CheckFunctionExists.c.o -c /usr/share/cmake/Modules/CheckFunctionExists.c
Linking C executable cmTC_27574
/usr/bin/cmake -E cmake_link_script CMakeFiles/cmTC_27574.dir/link.txt --verbose=1
/usr/bin/cc  -DCHECK_FUNCTION_EXISTS=zstd_compress CMakeFiles/cmTC_27574.dir/CheckFunctionExists.c.o -o cmTC_27574  -lzstd 
/usr/bin/ld: CMakeFiles/cmTC_27574.dir/CheckFunctionExists.c.o: in function `main':
CheckFunctionExists.c:(.text+0x10): undefined reference to `zstd_compress'
collect2: error: ld returned 1 exit status
gmake[1]: *** [CMakeFiles/cmTC_27574.dir/build.make:99: cmTC_27574] Error 1
gmake[1]: Leaving directory '/home/ec2-user/s3/S3C++/build/CMakeFiles/CMakeTmp'
gmake: *** [Makefile:127: cmTC_27574/fast] Error 2



Determining if the function malloc exists in the tcmalloc failed with the following output:
Change Dir: /home/ec2-user/s3/S3C++/build/CMakeFiles/CMakeTmp

Run Build Command(s):/usr/bin/gmake -f Makefile cmTC_e9d4c/fast && /usr/bin/gmake  -f CMakeFiles/cmTC_e9d4c.dir/build.make CMakeFiles/cmTC_e9d4c.dir/build
gmake[1]: Entering directory '/home/ec2-user/s3/S3C++/build/CMakeFiles/CMakeTmp'
Building C object CMakeFiles/cmTC_e9d4c.dir/CheckFunctionExists.c.o
/usr/bin/cc   -DCHECK_FUNCTION_EXISTS=malloc -std=c11 -o CMakeFiles/cmTC_e9d4c.dir/CheckFunctionExists.c.o -c /usr/share/cmake/Modules/CheckFunctionExists.c
<command-line>: warning: conflicting types for built-in function ‘malloc’; expected ‘void *(long unsigned int)’ [-Wbuiltin-declaration-mismatch]
/usr/share/cmake/Modules/CheckFunctionExists.c:7:3: note: in expansion of macro ‘CHECK_FUNCTION_EXISTS’
    7 |   CHECK_FUNCTION_EXISTS(void);
      |   ^~~~~~~~~~~~~~~~~~~~~
/usr/share/cmake/Modules/CheckFunctionExists.c:1:1: note: ‘malloc’ is declared in header ‘<stdlib.h>’
  +++ |+#include <stdlib.h>
    1 | #ifdef CHECK_FUNCTION_EXISTS
Linking C executable cmTC_e9d4c
/usr/bin/cmake -E cmake_link_script CMakeFiles/cmTC_e9d4c.dir/link.txt --verbose=1
/usr/bin/cc  -DCHECK_FUNCTION_EXISTS=malloc CMakeFiles/cmTC_e9d4c.dir/CheckFunctionExists.c.o -o cmTC_e9d4c  -ltcmalloc 
/usr/bin/ld: cannot find -ltcmalloc: No such file or directory
collect2: error: ld returned 1 exit status
gmake[1]: *** [CMakeFiles/cmTC_e9d4c.dir/build.make:99: cmTC_e9d4c] Error 1
gmake[1]: Leaving directory '/home/ec2-user/s3/S3C++/build/CMakeFiles/CMakeTmp'
gmake: *** [Makefile:127: cmTC_e9d4c/fast] Error 2



Determining if the F_FULLFSYNC exist failed with the following output:
Change Dir: /home/ec2-user/s3/S3C++/build/CMakeFiles/CMakeTmp

Run Build Command(s):/usr/bin/gmake -f Makefile cmTC_0fdf2/fast && /usr/bin/gmake  -f CMakeFiles/cmTC_0fdf2.dir/build.make CMakeFiles/cmTC_0fdf2.dir/build
gmake[1]: Entering directory '/home/ec2-user/s3/S3C++/build/CMakeFiles/CMakeTmp'
Building CXX object CMakeFiles/cmTC_0fdf2.dir/CheckSymbolExists.cxx.o
/usr/bin/c++   -std=gnu++17 -o CMakeFiles/cmTC_0fdf2.dir/CheckSymbolExists.cxx.o -c /home/ec2-user/s3/S3C++/build/CMakeFiles/CMakeTmp/CheckSymbolExists.cxx
/home/ec2-user/s3/S3C++/build/CMakeFiles/CMakeTmp/CheckSymbolExists.cxx: In function ‘int main(int, char**)’:
/home/ec2-user/s3/S3C++/build/CMakeFiles/CMakeTmp/CheckSymbolExists.cxx:8:19: error: ‘F_FULLFSYNC’ was not declared in this scope
    8 |   return ((int*)(&F_FULLFSYNC))[argc];
      |                   ^~~~~~~~~~~
gmake[1]: *** [CMakeFiles/cmTC_0fdf2.dir/build.make:78: CMakeFiles/cmTC_0fdf2.dir/CheckSymbolExists.cxx.o] Error 1
gmake[1]: Leaving directory '/home/ec2-user/s3/S3C++/build/CMakeFiles/CMakeTmp'
gmake: *** [Makefile:127: cmTC_0fdf2/fast] Error 2


File /home/ec2-user/s3/S3C++/build/CMakeFiles/CMakeTmp/CheckSymbolExists.cxx:
/* */
#include <fcntl.h>

int main(int argc, char** argv)
{
  (void)argv;
#ifndef F_FULLFSYNC
  return ((int*)(&F_FULLFSYNC))[argc];
#else
  (void)argc;
  return 0;
#endif
}
Performing C++ SOURCE FILE Test HAVE_CLANG_THREAD_SAFETY failed with the following output:
Change Dir: /home/ec2-user/s3/S3C++/build/CMakeFiles/CMakeTmp

Run Build Command(s):/usr/bin/gmake -f Makefile cmTC_445b1/fast && /usr/bin/gmake  -f CMakeFiles/cmTC_445b1.dir/build.make CMakeFiles/cmTC_445b1.dir/build
gmake[1]: Entering directory '/home/ec2-user/s3/S3C++/build/CMakeFiles/CMakeTmp'
Building CXX object CMakeFiles/cmTC_445b1.dir/src.cxx.o
/usr/bin/c++ -DHAVE_CLANG_THREAD_SAFETY  -fno-exceptions -fno-rtti    -Wthread-safety -std=gnu++17 -o CMakeFiles/cmTC_445b1.dir/src.cxx.o -c /home/ec2-user/s3/S3C++/build/CMakeFiles/CMakeTmp/src.cxx
c++: error: unrecognized command-line option '-Wthread-safety'
gmake[1]: *** [CMakeFiles/cmTC_445b1.dir/build.make:78: CMakeFiles/cmTC_445b1.dir/src.cxx.o] Error 1
gmake[1]: Leaving directory '/home/ec2-user/s3/S3C++/build/CMakeFiles/CMakeTmp'
gmake: *** [Makefile:127: cmTC_445b1/fast] Error 2


Source file was:
int main() { return 0; }
Performing C++ SOURCE FILE Test HAVE_CXX_FLAG_WSHORTEN_64_TO_32 failed with the following output:
Change Dir: /home/ec2-user/s3/S3C++/build/CMakeFiles/CMakeTmp

Run Build Command(s):/usr/bin/gmake -f Makefile cmTC_89973/fast && /usr/bin/gmake  -f CMakeFiles/cmTC_89973.dir/build.make CMakeFiles/cmTC_89973.dir/build
gmake[1]: Entering directory '/home/ec2-user/s3/S3C++/build/CMakeFiles/CMakeTmp'
Building CXX object CMakeFiles/cmTC_89973.dir/src.cxx.o
/usr/bin/c++ -DHAVE_CXX_FLAG_WSHORTEN_64_TO_32  -fno-exceptions -fno-rtti  -Wall  -Wextra  -Wshadow  -Wfloat-equal  -Werror  -Wsuggest-override  -pedantic  -pedantic-errors  -Wshorten-64-to-32   -Wshorten-64-to-32 -std=c++11 -o CMakeFiles/cmTC_89973.dir/src.cxx.o -c /home/ec2-user/s3/S3C++/build/CMakeFiles/CMakeTmp/src.cxx
c++: error: unrecognized command-line option '-Wshorten-64-to-32'
c++: error: unrecognized command-line option '-Wshorten-64-to-32'
gmake[1]: *** [CMakeFiles/cmTC_89973.dir/build.make:78: CMakeFiles/cmTC_89973.dir/src.cxx.o] Error 1
gmake[1]: Leaving directory '/home/ec2-user/s3/S3C++/build/CMakeFiles/CMakeTmp'
gmake: *** [Makefile:127: cmTC_89973/fast] Error 2


Source file was:
int main() { return 0; }
Performing C++ SOURCE FILE Test HAVE_CXX_FLAG_WD654 failed with the following output:
Change Dir: /home/ec2-user/s3/S3C++/build/CMakeFiles/CMakeTmp

Run Build Command(s):/usr/bin/gmake -f Makefile cmTC_04009/fast && /usr/bin/gmake  -f CMakeFiles/cmTC_04009.dir/build.make CMakeFiles/cmTC_04009.dir/build
gmake[1]: Entering directory '/home/ec2-user/s3/S3C++/build/CMakeFiles/CMakeTmp'
Building CXX object CMakeFiles/cmTC_04009.dir/src.cxx.o
/usr/bin/c++ -DHAVE_CXX_FLAG_WD654  -fno-exceptions -fno-rtti  -Wall  -Wextra  -Wshadow  -Wfloat-equal  -Werror  -Wsuggest-override  -pedantic  -pedantic-errors  -fstrict-aliasing  -Wno-deprecated-declarations  -Wno-deprecated  -fno-exceptions  -Wstrict-aliasing  -wd654   -wd654 -std=c++11 -o CMakeFiles/cmTC_04009.dir/src.cxx.o -c /home/ec2-user/s3/S3C++/build/CMakeFiles/CMakeTmp/src.cxx
c++: error: unrecognized command-line option '-wd654'
c++: error: unrecognized command-line option '-wd654'
gmake[1]: *** [CMakeFiles/cmTC_04009.dir/build.make:78: CMakeFiles/cmTC_04009.dir/src.cxx.o] Error 1
gmake[1]: Leaving directory '/home/ec2-user/s3/S3C++/build/CMakeFiles/CMakeTmp'
gmake: *** [Makefile:127: cmTC_04009/fast] Error 2


Source file was:
int main() { return 0; }
Performing C++ SOURCE FILE Test HAVE_CXX_FLAG_WTHREAD_SAFETY failed with the following output:
Change Dir: /home/ec2-user/s3/S3C++/build/CMakeFiles/CMakeTmp

Run Build Command(s):/usr/bin/gmake -f Makefile cmTC_b49ba/fast && /usr/bin/gmake  -f CMakeFiles/cmTC_b49ba.dir/build.make CMakeFiles/cmTC_b49ba.dir/build
gmake[1]: Entering directory '/home/ec2-user/s3/S3C++/build/CMakeFiles/CMakeTmp'
Building CXX object CMakeFiles/cmTC_b49ba.dir/src.cxx.o
/usr/bin/c++ -DHAVE_CXX_FLAG_WTHREAD_SAFETY  -fno-exceptions -fno-rtti  -Wall  -Wextra  -Wshadow  -Wfloat-equal  -Werror  -Wsuggest-override  -pedantic  -pedantic-errors  -fstrict-aliasing  -Wno-deprecated-declarations  -Wno-deprecated  -fno-exceptions  -Wstrict-aliasing  -Wthread-safety   -Wthread-safety -std=c++11 -o CMakeFiles/cmTC_b49ba.dir/src.cxx.o -c /home/ec2-user/s3/S3C++/build/CMakeFiles/CMakeTmp/src.cxx
c++: error: unrecognized command-line option '-Wthread-safety'
c++: error: unrecognized command-line option '-Wthread-safety'
gmake[1]: *** [CMakeFiles/cmTC_b49ba.dir/build.make:78: CMakeFiles/cmTC_b49ba.dir/src.cxx.o] Error 1
gmake[1]: Leaving directory '/home/ec2-user/s3/S3C++/build/CMakeFiles/CMakeTmp'
gmake: *** [Makefile:127: cmTC_b49ba/fast] Error 2


Source file was:
int main() { return 0; }
Determining if the function sqlite3_open exists in the sqlite3 failed with the following output:
Change Dir: /home/ec2-user/s3/S3C++/build/CMakeFiles/CMakeTmp

Run Build Command(s):/usr/bin/gmake -f Makefile cmTC_660ae/fast && /usr/bin/gmake  -f CMakeFiles/cmTC_660ae.dir/build.make CMakeFiles/cmTC_660ae.dir/build
gmake[1]: Entering directory '/home/ec2-user/s3/S3C++/build/CMakeFiles/CMakeTmp'
Building C object CMakeFiles/cmTC_660ae.dir/CheckFunctionExists.c.o
/usr/bin/cc   -Wstrict-prototypes -DCHECK_FUNCTION_EXISTS=sqlite3_open -std=c11 -o CMakeFiles/cmTC_660ae.dir/CheckFunctionExists.c.o -c /usr/share/cmake/Modules/CheckFunctionExists.c
Linking C executable cmTC_660ae
/usr/bin/cmake -E cmake_link_script CMakeFiles/cmTC_660ae.dir/link.txt --verbose=1
/usr/bin/cc  -Wstrict-prototypes -DCHECK_FUNCTION_EXISTS=sqlite3_open CMakeFiles/cmTC_660ae.dir/CheckFunctionExists.c.o -o cmTC_660ae  -lsqlite3 
/usr/bin/ld: cannot find -lsqlite3: No such file or directory
collect2: error: ld returned 1 exit status
gmake[1]: *** [CMakeFiles/cmTC_660ae.dir/build.make:99: cmTC_660ae] Error 1
gmake[1]: Leaving directory '/home/ec2-user/s3/S3C++/build/CMakeFiles/CMakeTmp'
gmake: *** [Makefile:127: cmTC_660ae/fast] Error 2



Performing C++ SOURCE FILE Test HAVE_KYOTOCABINET failed with the following output:
Change Dir: /home/ec2-user/s3/S3C++/build/CMakeFiles/CMakeTmp

Run Build Command(s):/usr/bin/gmake -f Makefile cmTC_e98e6/fast && /usr/bin/gmake  -f CMakeFiles/cmTC_e98e6.dir/build.make CMakeFiles/cmTC_e98e6.dir/build
gmake[1]: Entering directory '/home/ec2-user/s3/S3C++/build/CMakeFiles/CMakeTmp'
Building CXX object CMakeFiles/cmTC_e98e6.dir/src.cxx.o
/usr/bin/c++ -DHAVE_KYOTOCABINET  -fno-exceptions -fno-rtti  -std=gnu++17 -o CMakeFiles/cmTC_e98e6.dir/src.cxx.o -c /home/ec2-user/s3/S3C++/build/CMakeFiles/CMakeTmp/src.cxx
/home/ec2-user/s3/S3C++/build/CMakeFiles/CMakeTmp/src.cxx:2:10: fatal error: kcpolydb.h: No such file or directory
    2 | #include <kcpolydb.h>
      |          ^~~~~~~~~~~~
compilation terminated.
gmake[1]: *** [CMakeFiles/cmTC_e98e6.dir/build.make:78: CMakeFiles/cmTC_e98e6.dir/src.cxx.o] Error 1
gmake[1]: Leaving directory '/home/ec2-user/s3/S3C++/build/CMakeFiles/CMakeTmp'
gmake: *** [Makefile:127: cmTC_e98e6/fast] Error 2


Source file was:

#include <kcpolydb.h>

int main() {
  kyotocabinet::TreeDB* db = new kyotocabinet::TreeDB();
  delete db;
  return 0;
}
  
Determining if the function crc32c_value exists in the crc32c failed with the following output:
Change Dir: /home/ec2-user/s3/S3C++/build/CMakeFiles/CMakeTmp

Run Build Command(s):/usr/bin/gmake -f Makefile cmTC_8b0a7/fast && /usr/bin/gmake  -f CMakeFiles/cmTC_8b0a7.dir/build.make CMakeFiles/cmTC_8b0a7.dir/build
gmake[1]: Entering directory '/home/ec2-user/s3/S3C++/build/CMakeFiles/CMakeTmp'
Building C object CMakeFiles/cmTC_8b0a7.dir/CheckFunctionExists.c.o
/usr/bin/cc   -DCHECK_FUNCTION_EXISTS=crc32c_value -std=c11 -o CMakeFiles/cmTC_8b0a7.dir/CheckFunctionExists.c.o -c /usr/share/cmake/Modules/CheckFunctionExists.c
Linking C executable cmTC_8b0a7
/usr/bin/cmake -E cmake_link_script CMakeFiles/cmTC_8b0a7.dir/link.txt --verbose=1
/usr/bin/cc  -DCHECK_FUNCTION_EXISTS=crc32c_value CMakeFiles/cmTC_8b0a7.dir/CheckFunctionExists.c.o -o cmTC_8b0a7  -lcrc32c 
/usr/bin/ld: cannot find -lcrc32c: No such file or directory
collect2: error: ld returned 1 exit status
gmake[1]: *** [CMakeFiles/cmTC_8b0a7.dir/build.make:99: cmTC_8b0a7] Error 1
gmake[1]: Leaving directory '/home/ec2-user/s3/S3C++/build/CMakeFiles/CMakeTmp'
gmake: *** [Makefile:127: cmTC_8b0a7/fast] Error 2



Determining if the function snappy_compress exists in the snappy failed with the following output:
Change Dir: /home/ec2-user/s3/S3C++/build/CMakeFiles/CMakeTmp

Run Build Command(s):/usr/bin/gmake -f Makefile cmTC_ccefe/fast && /usr/bin/gmake  -f CMakeFiles/cmTC_ccefe.dir/build.make CMakeFiles/cmTC_ccefe.dir/build
gmake[1]: Entering directory '/home/ec2-user/s3/S3C++/build/CMakeFiles/CMakeTmp'
Building C object CMakeFiles/cmTC_ccefe.dir/CheckFunctionExists.c.o
/usr/bin/cc   -DCHECK_FUNCTION_EXISTS=snappy_compress -std=c11 -o CMakeFiles/cmTC_ccefe.dir/CheckFunctionExists.c.o -c /usr/share/cmake/Modules/CheckFunctionExists.c
Linking C executable cmTC_ccefe
/usr/bin/cmake -E cmake_link_script CMakeFiles/cmTC_ccefe.dir/link.txt --verbose=1
/usr/bin/cc  -DCHECK_FUNCTION_EXISTS=snappy_compress CMakeFiles/cmTC_ccefe.dir/CheckFunctionExists.c.o -o cmTC_ccefe  -lsnappy 
/usr/bin/ld: cannot find -lsnappy: No such file or directory
collect2: error: ld returned 1 exit status
gmake[1]: *** [CMakeFiles/cmTC_ccefe.dir/build.make:99: cmTC_ccefe] Error 1
gmake[1]: Leaving directory '/home/ec2-user/s3/S3C++/build/CMakeFiles/CMakeTmp'
gmake: *** [Makefile:127: cmTC_ccefe/fast] Error 2



Determining if the function zstd_compress exists in the zstd failed with the following output:
Change Dir: /home/ec2-user/s3/S3C++/build/CMakeFiles/CMakeTmp

Run Build Command(s):/usr/bin/gmake -f Makefile cmTC_eb37a/fast && /usr/bin/gmake  -f CMakeFiles/cmTC_eb37a.dir/build.make CMakeFiles/cmTC_eb37a.dir/build
gmake[1]: Entering directory '/home/ec2-user/s3/S3C++/build/CMakeFiles/CMakeTmp'
Building C object CMakeFiles/cmTC_eb37a.dir/CheckFunctionExists.c.o
/usr/bin/cc   -DCHECK_FUNCTION_EXISTS=zstd_compress -std=c11 -o CMakeFiles/cmTC_eb37a.dir/CheckFunctionExists.c.o -c /usr/share/cmake/Modules/CheckFunctionExists.c
Linking C executable cmTC_eb37a
/usr/bin/cmake -E cmake_link_script CMakeFiles/cmTC_eb37a.dir/link.txt --verbose=1
/usr/bin/cc  -DCHECK_FUNCTION_EXISTS=zstd_compress CMakeFiles/cmTC_eb37a.dir/CheckFunctionExists.c.o -o cmTC_eb37a  -lzstd 
/usr/bin/ld: CMakeFiles/cmTC_eb37a.dir/CheckFunctionExists.c.o: in function `main':
CheckFunctionExists.c:(.text+0x10): undefined reference to `zstd_compress'
collect2: error: ld returned 1 exit status
gmake[1]: *** [CMakeFiles/cmTC_eb37a.dir/build.make:99: cmTC_eb37a] Error 1
gmake[1]: Leaving directory '/home/ec2-user/s3/S3C++/build/CMakeFiles/CMakeTmp'
gmake: *** [Makefile:127: cmTC_eb37a/fast] Error 2



Determining if the function malloc exists in the tcmalloc failed with the following output:
Change Dir: /home/ec2-user/s3/S3C++/build/CMakeFiles/CMakeTmp

Run Build Command(s):/usr/bin/gmake -f Makefile cmTC_9ff44/fast && /usr/bin/gmake  -f CMakeFiles/cmTC_9ff44.dir/build.make CMakeFiles/cmTC_9ff44.dir/build
gmake[1]: Entering directory '/home/ec2-user/s3/S3C++/build/CMakeFiles/CMakeTmp'
Building C object CMakeFiles/cmTC_9ff44.dir/CheckFunctionExists.c.o
/usr/bin/cc   -DCHECK_FUNCTION_EXISTS=malloc -std=c11 -o CMakeFiles/cmTC_9ff44.dir/CheckFunctionExists.c.o -c /usr/share/cmake/Modules/CheckFunctionExists.c
<command-line>: warning: conflicting types for built-in function ‘malloc’; expected ‘void *(long unsigned int)’ [-Wbuiltin-declaration-mismatch]
/usr/share/cmake/Modules/CheckFunctionExists.c:7:3: note: in expansion of macro ‘CHECK_FUNCTION_EXISTS’
    7 |   CHECK_FUNCTION_EXISTS(void);
      |   ^~~~~~~~~~~~~~~~~~~~~
/usr/share/cmake/Modules/CheckFunctionExists.c:1:1: note: ‘malloc’ is declared in header ‘<stdlib.h>’
  +++ |+#include <stdlib.h>
    1 | #ifdef CHECK_FUNCTION_EXISTS
Linking C executable cmTC_9ff44
/usr/bin/cmake -E cmake_link_script CMakeFiles/cmTC_9ff44.dir/link.txt --verbose=1
/usr/bin/cc  -DCHECK_FUNCTION_EXISTS=malloc CMakeFiles/cmTC_9ff44.dir/CheckFunctionExists.c.o -o cmTC_9ff44  -ltcmalloc 
/usr/bin/ld: cannot find -ltcmalloc: No such file or directory
collect2: error: ld returned 1 exit status
gmake[1]: *** [CMakeFiles/cmTC_9ff44.dir/build.make:99: cmTC_9ff44] Error 1
gmake[1]: Leaving directory '/home/ec2-user/s3/S3C++/build/CMakeFiles/CMakeTmp'
gmake: *** [Makefile:127: cmTC_9ff44/fast] Error 2



Determining if the F_FULLFSYNC exist failed with the following output:
Change Dir: /home/ec2-user/s3/S3C++/build/CMakeFiles/CMakeTmp

Run Build Command(s):/usr/bin/gmake -f Makefile cmTC_a28ba/fast && /usr/bin/gmake  -f CMakeFiles/cmTC_a28ba.dir/build.make CMakeFiles/cmTC_a28ba.dir/build
gmake[1]: Entering directory '/home/ec2-user/s3/S3C++/build/CMakeFiles/CMakeTmp'
Building CXX object CMakeFiles/cmTC_a28ba.dir/CheckSymbolExists.cxx.o
/usr/bin/c++   -std=gnu++17 -o CMakeFiles/cmTC_a28ba.dir/CheckSymbolExists.cxx.o -c /home/ec2-user/s3/S3C++/build/CMakeFiles/CMakeTmp/CheckSymbolExists.cxx
/home/ec2-user/s3/S3C++/build/CMakeFiles/CMakeTmp/CheckSymbolExists.cxx: In function ‘int main(int, char**)’:
/home/ec2-user/s3/S3C++/build/CMakeFiles/CMakeTmp/CheckSymbolExists.cxx:8:19: error: ‘F_FULLFSYNC’ was not declared in this scope
    8 |   return ((int*)(&F_FULLFSYNC))[argc];
      |                   ^~~~~~~~~~~
gmake[1]: *** [CMakeFiles/cmTC_a28ba.dir/build.make:78: CMakeFiles/cmTC_a28ba.dir/CheckSymbolExists.cxx.o] Error 1
gmake[1]: Leaving directory '/home/ec2-user/s3/S3C++/build/CMakeFiles/CMakeTmp'
gmake: *** [Makefile:127: cmTC_a28ba/fast] Error 2


File /home/ec2-user/s3/S3C++/build/CMakeFiles/CMakeTmp/CheckSymbolExists.cxx:
/* */
#include <fcntl.h>

int main(int argc, char** argv)
{
  (void)argv;
#ifndef F_FULLFSYNC
  return ((int*)(&F_FULLFSYNC))[argc];
#else
  (void)argc;
  return 0;
#endif
}
Performing C++ SOURCE FILE Test HAVE_CLANG_THREAD_SAFETY failed with the following output:
Change Dir: /home/ec2-user/s3/S3C++/build/CMakeFiles/CMakeTmp

Run Build Command(s):/usr/bin/gmake -f Makefile cmTC_c2fc6/fast && /usr/bin/gmake  -f CMakeFiles/cmTC_c2fc6.dir/build.make CMakeFiles/cmTC_c2fc6.dir/build
gmake[1]: Entering directory '/home/ec2-user/s3/S3C++/build/CMakeFiles/CMakeTmp'
Building CXX object CMakeFiles/cmTC_c2fc6.dir/src.cxx.o
/usr/bin/c++ -DHAVE_CLANG_THREAD_SAFETY  -fno-exceptions -fno-rtti    -Wthread-safety -std=gnu++17 -o CMakeFiles/cmTC_c2fc6.dir/src.cxx.o -c /home/ec2-user/s3/S3C++/build/CMakeFiles/CMakeTmp/src.cxx
c++: error: unrecognized command-line option '-Wthread-safety'
gmake[1]: *** [CMakeFiles/cmTC_c2fc6.dir/build.make:78: CMakeFiles/cmTC_c2fc6.dir/src.cxx.o] Error 1
gmake[1]: Leaving directory '/home/ec2-user/s3/S3C++/build/CMakeFiles/CMakeTmp'
gmake: *** [Makefile:127: cmTC_c2fc6/fast] Error 2


Source file was:
int main() { return 0; }
Determining if the function crc32c_value exists in the crc32c failed with the following output:
Change Dir: /home/ec2-user/s3/S3C++/build/CMakeFiles/CMakeTmp

Run Build Command(s):/usr/bin/gmake -f Makefile cmTC_ce6cc/fast && /usr/bin/gmake  -f CMakeFiles/cmTC_ce6cc.dir/build.make CMakeFiles/cmTC_ce6cc.dir/build
gmake[1]: Entering directory '/home/ec2-user/s3/S3C++/build/CMakeFiles/CMakeTmp'
Building C object CMakeFiles/cmTC_ce6cc.dir/CheckFunctionExists.c.o
/usr/bin/cc   -DCHECK_FUNCTION_EXISTS=crc32c_value -std=c11 -o CMakeFiles/cmTC_ce6cc.dir/CheckFunctionExists.c.o -c /usr/share/cmake/Modules/CheckFunctionExists.c
Linking C executable cmTC_ce6cc
/usr/bin/cmake -E cmake_link_script CMakeFiles/cmTC_ce6cc.dir/link.txt --verbose=1
/usr/bin/cc  -DCHECK_FUNCTION_EXISTS=crc32c_value CMakeFiles/cmTC_ce6cc.dir/CheckFunctionExists.c.o -o cmTC_ce6cc  -lcrc32c 
/usr/bin/ld: cannot find -lcrc32c: No such file or directory
collect2: error: ld returned 1 exit status
gmake[1]: *** [CMakeFiles/cmTC_ce6cc.dir/build.make:99: cmTC_ce6cc] Error 1
gmake[1]: Leaving directory '/home/ec2-user/s3/S3C++/build/CMakeFiles/CMakeTmp'
gmake: *** [Makefile:127: cmTC_ce6cc/fast] Error 2



Determining if the function snappy_compress exists in the snappy failed with the following output:
Change Dir: /home/ec2-user/s3/S3C++/build/CMakeFiles/CMakeTmp

Run Build Command(s):/usr/bin/gmake -f Makefile cmTC_fd0d0/fast && /usr/bin/gmake  -f CMakeFiles/cmTC_fd0d0.dir/build.make CMakeFiles/cmTC_fd0d0.dir/build
gmake[1]: Entering directory '/home/ec2-user/s3/S3C++/build/CMakeFiles/CMakeTmp'
Building C object CMakeFiles/cmTC_fd0d0.dir/CheckFunctionExists.c.o
/usr/bin/cc   -DCHECK_FUNCTION_EXISTS=snappy_compress -std=c11 -o CMakeFiles/cmTC_fd0d0.dir/CheckFunctionExists.c.o -c /usr/share/cmake/Modules/CheckFunctionExists.c
Linking C executable cmTC_fd0d0
/usr/bin/cmake -E cmake_link_script CMakeFiles/cmTC_fd0d0.dir/link.txt --verbose=1
/usr/bin/cc  -DCHECK_FUNCTION_EXISTS=snappy_compress CMakeFiles/cmTC_fd0d0.dir/CheckFunctionExists.c.o -o cmTC_fd0d0  -lsnappy 
/usr/bin/ld: cannot find -lsnappy: No such file or directory
collect2: error: ld returned 1 exit status
gmake[1]: *** [CMakeFiles/cmTC_fd0d0.dir/build.make:99: cmTC_fd0d0] Error 1
gmake[1]: Leaving directory '/home/ec2-user/s3/S3C++/build/CMakeFiles/CMakeTmp'
gmake: *** [Makefile:127: cmTC_fd0d0/fast] Error 2



Determining if the function zstd_compress exists in the zstd failed with the following output:
Change Dir: /home/ec2-user/s3/S3C++/build/CMakeFiles/CMakeTmp

Run Build Command(s):/usr/bin/gmake -f Makefile cmTC_2227b/fast && /usr/bin/gmake  -f CMakeFiles/cmTC_2227b.dir/build.make CMakeFiles/cmTC_2227b.dir/build
gmake[1]: Entering directory '/home/ec2-user/s3/S3C++/build/CMakeFiles/CMakeTmp'
Building C object CMakeFiles/cmTC_2227b.dir/CheckFunctionExists.c.o
/usr/bin/cc   -DCHECK_FUNCTION_EXISTS=zstd_compress -std=c11 -o CMakeFiles/cmTC_2227b.dir/CheckFunctionExists.c.o -c /usr/share/cmake/Modules/CheckFunctionExists.c
Linking C executable cmTC_2227b
/usr/bin/cmake -E cmake_link_script CMakeFiles/cmTC_2227b.dir/link.txt --verbose=1
/usr/bin/cc  -DCHECK_FUNCTION_EXISTS=zstd_compress CMakeFiles/cmTC_2227b.dir/CheckFunctionExists.c.o -o cmTC_2227b  -lzstd 
/usr/bin/ld: CMakeFiles/cmTC_2227b.dir/CheckFunctionExists.c.o: in function `main':
CheckFunctionExists.c:(.text+0x10): undefined reference to `zstd_compress'
collect2: error: ld returned 1 exit status
gmake[1]: *** [CMakeFiles/cmTC_2227b.dir/build.make:99: cmTC_2227b] Error 1
gmake[1]: Leaving directory '/home/ec2-user/s3/S3C++/build/CMakeFiles/CMakeTmp'
gmake: *** [Makefile:127: cmTC_2227b/fast] Error 2



Determining if the function malloc exists in the tcmalloc failed with the following output:
Change Dir: /home/ec2-user/s3/S3C++/build/CMakeFiles/CMakeTmp

Run Build Command(s):/usr/bin/gmake -f Makefile cmTC_80b3e/fast && /usr/bin/gmake  -f CMakeFiles/cmTC_80b3e.dir/build.make CMakeFiles/cmTC_80b3e.dir/build
gmake[1]: Entering directory '/home/ec2-user/s3/S3C++/build/CMakeFiles/CMakeTmp'
Building C object CMakeFiles/cmTC_80b3e.dir/CheckFunctionExists.c.o
/usr/bin/cc   -DCHECK_FUNCTION_EXISTS=malloc -std=c11 -o CMakeFiles/cmTC_80b3e.dir/CheckFunctionExists.c.o -c /usr/share/cmake/Modules/CheckFunctionExists.c
<command-line>: warning: conflicting types for built-in function ‘malloc’; expected ‘void *(long unsigned int)’ [-Wbuiltin-declaration-mismatch]
/usr/share/cmake/Modules/CheckFunctionExists.c:7:3: note: in expansion of macro ‘CHECK_FUNCTION_EXISTS’
    7 |   CHECK_FUNCTION_EXISTS(void);
      |   ^~~~~~~~~~~~~~~~~~~~~
/usr/share/cmake/Modules/CheckFunctionExists.c:1:1: note: ‘malloc’ is declared in header ‘<stdlib.h>’
  +++ |+#include <stdlib.h>
    1 | #ifdef CHECK_FUNCTION_EXISTS
Linking C executable cmTC_80b3e
/usr/bin/cmake -E cmake_link_script CMakeFiles/cmTC_80b3e.dir/link.txt --verbose=1
/usr/bin/cc  -DCHECK_FUNCTION_EXISTS=malloc CMakeFiles/cmTC_80b3e.dir/CheckFunctionExists.c.o -o cmTC_80b3e  -ltcmalloc 
/usr/bin/ld: cannot find -ltcmalloc: No such file or directory
collect2: error: ld returned 1 exit status
gmake[1]: *** [CMakeFiles/cmTC_80b3e.dir/build.make:99: cmTC_80b3e] Error 1
gmake[1]: Leaving directory '/home/ec2-user/s3/S3C++/build/CMakeFiles/CMakeTmp'
gmake: *** [Makefile:127: cmTC_80b3e/fast] Error 2



Determining if the F_FULLFSYNC exist failed with the following output:
Change Dir: /home/ec2-user/s3/S3C++/build/CMakeFiles/CMakeTmp

Run Build Command(s):/usr/bin/gmake -f Makefile cmTC_878ff/fast && /usr/bin/gmake  -f CMakeFiles/cmTC_878ff.dir/build.make CMakeFiles/cmTC_878ff.dir/build
gmake[1]: Entering directory '/home/ec2-user/s3/S3C++/build/CMakeFiles/CMakeTmp'
Building CXX object CMakeFiles/cmTC_878ff.dir/CheckSymbolExists.cxx.o
/usr/bin/c++   -std=gnu++17 -o CMakeFiles/cmTC_878ff.dir/CheckSymbolExists.cxx.o -c /home/ec2-user/s3/S3C++/build/CMakeFiles/CMakeTmp/CheckSymbolExists.cxx
/home/ec2-user/s3/S3C++/build/CMakeFiles/CMakeTmp/CheckSymbolExists.cxx: In function ‘int main(int, char**)’:
/home/ec2-user/s3/S3C++/build/CMakeFiles/CMakeTmp/CheckSymbolExists.cxx:8:19: error: ‘F_FULLFSYNC’ was not declared in this scope
    8 |   return ((int*)(&F_FULLFSYNC))[argc];
      |                   ^~~~~~~~~~~
gmake[1]: *** [CMakeFiles/cmTC_878ff.dir/build.make:78: CMakeFiles/cmTC_878ff.dir/CheckSymbolExists.cxx.o] Error 1
gmake[1]: Leaving directory '/home/ec2-user/s3/S3C++/build/CMakeFiles/CMakeTmp'
gmake: *** [Makefile:127: cmTC_878ff/fast] Error 2


File /home/ec2-user/s3/S3C++/build/CMakeFiles/CMakeTmp/CheckSymbolExists.cxx:
/* */
#include <fcntl.h>

int main(int argc, char** argv)
{
  (void)argv;
#ifndef F_FULLFSYNC
  return ((int*)(&F_FULLFSYNC))[argc];
#else
  (void)argc;
  return 0;
#endif
}
Performing C++ SOURCE FILE Test HAVE_CLANG_THREAD_SAFETY failed with the following output:
Change Dir: /home/ec2-user/s3/S3C++/build/CMakeFiles/CMakeTmp

Run Build Command(s):/usr/bin/gmake -f Makefile cmTC_1ca09/fast && /usr/bin/gmake  -f CMakeFiles/cmTC_1ca09.dir/build.make CMakeFiles/cmTC_1ca09.dir/build
gmake[1]: Entering directory '/home/ec2-user/s3/S3C++/build/CMakeFiles/CMakeTmp'
Building CXX object CMakeFiles/cmTC_1ca09.dir/src.cxx.o
/usr/bin/c++ -DHAVE_CLANG_THREAD_SAFETY  -fno-exceptions -fno-rtti    -Wthread-safety -std=gnu++17 -o CMakeFiles/cmTC_1ca09.dir/src.cxx.o -c /home/ec2-user/s3/S3C++/build/CMakeFiles/CMakeTmp/src.cxx
c++: error: unrecognized command-line option '-Wthread-safety'
gmake[1]: *** [CMakeFiles/cmTC_1ca09.dir/build.make:78: CMakeFiles/cmTC_1ca09.dir/src.cxx.o] Error 1
gmake[1]: Leaving directory '/home/ec2-user/s3/S3C++/build/CMakeFiles/CMakeTmp'
gmake: *** [Makefile:127: cmTC_1ca09/fast] Error 2


Source file was:
int main() { return 0; }
Performing C++ SOURCE FILE Test HAVE_CXX_FLAG_WSHORTEN_64_TO_32 failed with the following output:
Change Dir: /home/ec2-user/s3/S3C++/build/CMakeFiles/CMakeTmp

Run Build Command(s):/usr/bin/gmake -f Makefile cmTC_3a79a/fast && /usr/bin/gmake  -f CMakeFiles/cmTC_3a79a.dir/build.make CMakeFiles/cmTC_3a79a.dir/build
gmake[1]: Entering directory '/home/ec2-user/s3/S3C++/build/CMakeFiles/CMakeTmp'
Building CXX object CMakeFiles/cmTC_3a79a.dir/src.cxx.o
/usr/bin/c++ -DHAVE_CXX_FLAG_WSHORTEN_64_TO_32  -fno-exceptions -fno-rtti  -Wall  -Wextra  -Wshadow  -Wfloat-equal  -Werror  -Wsuggest-override  -pedantic  -pedantic-errors  -Wshorten-64-to-32   -Wshorten-64-to-32 -std=c++11 -o CMakeFiles/cmTC_3a79a.dir/src.cxx.o -c /home/ec2-user/s3/S3C++/build/CMakeFiles/CMakeTmp/src.cxx
c++: error: unrecognized command-line option '-Wshorten-64-to-32'
c++: error: unrecognized command-line option '-Wshorten-64-to-32'
gmake[1]: *** [CMakeFiles/cmTC_3a79a.dir/build.make:78: CMakeFiles/cmTC_3a79a.dir/src.cxx.o] Error 1
gmake[1]: Leaving directory '/home/ec2-user/s3/S3C++/build/CMakeFiles/CMakeTmp'
gmake: *** [Makefile:127: cmTC_3a79a/fast] Error 2


Source file was:
int main() { return 0; }
Performing C++ SOURCE FILE Test HAVE_CXX_FLAG_WD654 failed with the following output:
Change Dir: /home/ec2-user/s3/S3C++/build/CMakeFiles/CMakeTmp

Run Build Command(s):/usr/bin/gmake -f Makefile cmTC_adab4/fast && /usr/bin/gmake  -f CMakeFiles/cmTC_adab4.dir/build.make CMakeFiles/cmTC_adab4.dir/build
gmake[1]: Entering directory '/home/ec2-user/s3/S3C++/build/CMakeFiles/CMakeTmp'
Building CXX object CMakeFiles/cmTC_adab4.dir/src.cxx.o
/usr/bin/c++ -DHAVE_CXX_FLAG_WD654  -fno-exceptions -fno-rtti  -Wall  -Wextra  -Wshadow  -Wfloat-equal  -Werror  -Wsuggest-override  -pedantic  -pedantic-errors  -fstrict-aliasing  -Wno-deprecated-declarations  -Wno-deprecated  -fno-exceptions  -Wstrict-aliasing  -wd654   -wd654 -std=c++11 -o CMakeFiles/cmTC_adab4.dir/src.cxx.o -c /home/ec2-user/s3/S3C++/build/CMakeFiles/CMakeTmp/src.cxx
c++: error: unrecognized command-line option '-wd654'
c++: error: unrecognized command-line option '-wd654'
gmake[1]: *** [CMakeFiles/cmTC_adab4.dir/build.make:78: CMakeFiles/cmTC_adab4.dir/src.cxx.o] Error 1
gmake[1]: Leaving directory '/home/ec2-user/s3/S3C++/build/CMakeFiles/CMakeTmp'
gmake: *** [Makefile:127: cmTC_adab4/fast] Error 2


Source file was:
int main() { return 0; }
Performing C++ SOURCE FILE Test HAVE_CXX_FLAG_WTHREAD_SAFETY failed with the following output:
Change Dir: /home/ec2-user/s3/S3C++/build/CMakeFiles/CMakeTmp

Run Build Command(s):/usr/bin/gmake -f Makefile cmTC_126b6/fast && /usr/bin/gmake  -f CMakeFiles/cmTC_126b6.dir/build.make CMakeFiles/cmTC_126b6.dir/build
gmake[1]: Entering directory '/home/ec2-user/s3/S3C++/build/CMakeFiles/CMakeTmp'
Building CXX object CMakeFiles/cmTC_126b6.dir/src.cxx.o
/usr/bin/c++ -DHAVE_CXX_FLAG_WTHREAD_SAFETY  -fno-exceptions -fno-rtti  -Wall  -Wextra  -Wshadow  -Wfloat-equal  -Werror  -Wsuggest-override  -pedantic  -pedantic-errors  -fstrict-aliasing  -Wno-deprecated-declarations  -Wno-deprecated  -fno-exceptions  -Wstrict-aliasing  -Wthread-safety   -Wthread-safety -std=c++11 -o CMakeFiles/cmTC_126b6.dir/src.cxx.o -c /home/ec2-user/s3/S3C++/build/CMakeFiles/CMakeTmp/src.cxx
c++: error: unrecognized command-line option '-Wthread-safety'
c++: error: unrecognized command-line option '-Wthread-safety'
gmake[1]: *** [CMakeFiles/cmTC_126b6.dir/build.make:78: CMakeFiles/cmTC_126b6.dir/src.cxx.o] Error 1
gmake[1]: Leaving directory '/home/ec2-user/s3/S3C++/build/CMakeFiles/CMakeTmp'
gmake: *** [Makefile:127: cmTC_126b6/fast] Error 2


Source file was:
int main() { return 0; }
Determining if the function sqlite3_open exists in the sqlite3 failed with the following output:
Change Dir: /home/ec2-user/s3/S3C++/build/CMakeFiles/CMakeTmp

Run Build Command(s):/usr/bin/gmake -f Makefile cmTC_e8c91/fast && /usr/bin/gmake  -f CMakeFiles/cmTC_e8c91.dir/build.make CMakeFiles/cmTC_e8c91.dir/build
gmake[1]: Entering directory '/home/ec2-user/s3/S3C++/build/CMakeFiles/CMakeTmp'
Building C object CMakeFiles/cmTC_e8c91.dir/CheckFunctionExists.c.o
/usr/bin/cc   -Wstrict-prototypes -DCHECK_FUNCTION_EXISTS=sqlite3_open -std=c11 -o CMakeFiles/cmTC_e8c91.dir/CheckFunctionExists.c.o -c /usr/share/cmake/Modules/CheckFunctionExists.c
Linking C executable cmTC_e8c91
/usr/bin/cmake -E cmake_link_script CMakeFiles/cmTC_e8c91.dir/link.txt --verbose=1
/usr/bin/cc  -Wstrict-prototypes -DCHECK_FUNCTION_EXISTS=sqlite3_open CMakeFiles/cmTC_e8c91.dir/CheckFunctionExists.c.o -o cmTC_e8c91  -lsqlite3 
/usr/bin/ld: cannot find -lsqlite3: No such file or directory
collect2: error: ld returned 1 exit status
gmake[1]: *** [CMakeFiles/cmTC_e8c91.dir/build.make:99: cmTC_e8c91] Error 1
gmake[1]: Leaving directory '/home/ec2-user/s3/S3C++/build/CMakeFiles/CMakeTmp'
gmake: *** [Makefile:127: cmTC_e8c91/fast] Error 2



Performing C++ SOURCE FILE Test HAVE_KYOTOCABINET failed with the following output:
Change Dir: /home/ec2-user/s3/S3C++/build/CMakeFiles/CMakeTmp

Run Build Command(s):/usr/bin/gmake -f Makefile cmTC_d9a60/fast && /usr/bin/gmake  -f CMakeFiles/cmTC_d9a60.dir/build.make CMakeFiles/cmTC_d9a60.dir/build
gmake[1]: Entering directory '/home/ec2-user/s3/S3C++/build/CMakeFiles/CMakeTmp'
Building CXX object CMakeFiles/cmTC_d9a60.dir/src.cxx.o
/usr/bin/c++ -DHAVE_KYOTOCABINET  -fno-exceptions -fno-rtti  -std=gnu++17 -o CMakeFiles/cmTC_d9a60.dir/src.cxx.o -c /home/ec2-user/s3/S3C++/build/CMakeFiles/CMakeTmp/src.cxx
/home/ec2-user/s3/S3C++/build/CMakeFiles/CMakeTmp/src.cxx:2:10: fatal error: kcpolydb.h: No such file or directory
    2 | #include <kcpolydb.h>
      |          ^~~~~~~~~~~~
compilation terminated.
gmake[1]: *** [CMakeFiles/cmTC_d9a60.dir/build.make:78: CMakeFiles/cmTC_d9a60.dir/src.cxx.o] Error 1
gmake[1]: Leaving directory '/home/ec2-user/s3/S3C++/build/CMakeFiles/CMakeTmp'
gmake: *** [Makefile:127: cmTC_d9a60/fast] Error 2


Source file was:

#include <kcpolydb.h>

int main() {
  kyotocabinet::TreeDB* db = new kyotocabinet::TreeDB();
  delete db;
  return 0;
}
  
Determining if the function crc32c_value exists in the crc32c failed with the following output:
Change Dir: /home/ec2-user/s3/S3C++/build/CMakeFiles/CMakeTmp

Run Build Command(s):/usr/bin/gmake -f Makefile cmTC_46849/fast && /usr/bin/gmake  -f CMakeFiles/cmTC_46849.dir/build.make CMakeFiles/cmTC_46849.dir/build
gmake[1]: Entering directory '/home/ec2-user/s3/S3C++/build/CMakeFiles/CMakeTmp'
Building C object CMakeFiles/cmTC_46849.dir/CheckFunctionExists.c.o
/usr/bin/cc   -DCHECK_FUNCTION_EXISTS=crc32c_value -std=c11 -o CMakeFiles/cmTC_46849.dir/CheckFunctionExists.c.o -c /usr/share/cmake/Modules/CheckFunctionExists.c
Linking C executable cmTC_46849
/usr/bin/cmake -E cmake_link_script CMakeFiles/cmTC_46849.dir/link.txt --verbose=1
/usr/bin/cc  -DCHECK_FUNCTION_EXISTS=crc32c_value CMakeFiles/cmTC_46849.dir/CheckFunctionExists.c.o -o cmTC_46849  -lcrc32c 
/usr/bin/ld: cannot find -lcrc32c: No such file or directory
collect2: error: ld returned 1 exit status
gmake[1]: *** [CMakeFiles/cmTC_46849.dir/build.make:99: cmTC_46849] Error 1
gmake[1]: Leaving directory '/home/ec2-user/s3/S3C++/build/CMakeFiles/CMakeTmp'
gmake: *** [Makefile:127: cmTC_46849/fast] Error 2



Determining if the function snappy_compress exists in the snappy failed with the following output:
Change Dir: /home/ec2-user/s3/S3C++/build/CMakeFiles/CMakeTmp

Run Build Command(s):/usr/bin/gmake -f Makefile cmTC_9d232/fast && /usr/bin/gmake  -f CMakeFiles/cmTC_9d232.dir/build.make CMakeFiles/cmTC_9d232.dir/build
gmake[1]: Entering directory '/home/ec2-user/s3/S3C++/build/CMakeFiles/CMakeTmp'
Building C object CMakeFiles/cmTC_9d232.dir/CheckFunctionExists.c.o
/usr/bin/cc   -DCHECK_FUNCTION_EXISTS=snappy_compress -std=c11 -o CMakeFiles/cmTC_9d232.dir/CheckFunctionExists.c.o -c /usr/share/cmake/Modules/CheckFunctionExists.c
Linking C executable cmTC_9d232
/usr/bin/cmake -E cmake_link_script CMakeFiles/cmTC_9d232.dir/link.txt --verbose=1
/usr/bin/cc  -DCHECK_FUNCTION_EXISTS=snappy_compress CMakeFiles/cmTC_9d232.dir/CheckFunctionExists.c.o -o cmTC_9d232  -lsnappy 
/usr/bin/ld: cannot find -lsnappy: No such file or directory
collect2: error: ld returned 1 exit status
gmake[1]: *** [CMakeFiles/cmTC_9d232.dir/build.make:99: cmTC_9d232] Error 1
gmake[1]: Leaving directory '/home/ec2-user/s3/S3C++/build/CMakeFiles/CMakeTmp'
gmake: *** [Makefile:127: cmTC_9d232/fast] Error 2



Determining if the function zstd_compress exists in the zstd failed with the following output:
Change Dir: /home/ec2-user/s3/S3C++/build/CMakeFiles/CMakeTmp

Run Build Command(s):/usr/bin/gmake -f Makefile cmTC_64932/fast && /usr/bin/gmake  -f CMakeFiles/cmTC_64932.dir/build.make CMakeFiles/cmTC_64932.dir/build
gmake[1]: Entering directory '/home/ec2-user/s3/S3C++/build/CMakeFiles/CMakeTmp'
Building C object CMakeFiles/cmTC_64932.dir/CheckFunctionExists.c.o
/usr/bin/cc   -DCHECK_FUNCTION_EXISTS=zstd_compress -std=c11 -o CMakeFiles/cmTC_64932.dir/CheckFunctionExists.c.o -c /usr/share/cmake/Modules/CheckFunctionExists.c
Linking C executable cmTC_64932
/usr/bin/cmake -E cmake_link_script CMakeFiles/cmTC_64932.dir/link.txt --verbose=1
/usr/bin/cc  -DCHECK_FUNCTION_EXISTS=zstd_compress CMakeFiles/cmTC_64932.dir/CheckFunctionExists.c.o -o cmTC_64932  -lzstd 
/usr/bin/ld: CMakeFiles/cmTC_64932.dir/CheckFunctionExists.c.o: in function `main':
CheckFunctionExists.c:(.text+0x10): undefined reference to `zstd_compress'
collect2: error: ld returned 1 exit status
gmake[1]: *** [CMakeFiles/cmTC_64932.dir/build.make:99: cmTC_64932] Error 1
gmake[1]: Leaving directory '/home/ec2-user/s3/S3C++/build/CMakeFiles/CMakeTmp'
gmake: *** [Makefile:127: cmTC_64932/fast] Error 2



Determining if the function malloc exists in the tcmalloc failed with the following output:
Change Dir: /home/ec2-user/s3/S3C++/build/CMakeFiles/CMakeTmp

Run Build Command(s):/usr/bin/gmake -f Makefile cmTC_d25d6/fast && /usr/bin/gmake  -f CMakeFiles/cmTC_d25d6.dir/build.make CMakeFiles/cmTC_d25d6.dir/build
gmake[1]: Entering directory '/home/ec2-user/s3/S3C++/build/CMakeFiles/CMakeTmp'
Building C object CMakeFiles/cmTC_d25d6.dir/CheckFunctionExists.c.o
/usr/bin/cc   -DCHECK_FUNCTION_EXISTS=malloc -std=c11 -o CMakeFiles/cmTC_d25d6.dir/CheckFunctionExists.c.o -c /usr/share/cmake/Modules/CheckFunctionExists.c
<command-line>: warning: conflicting types for built-in function ‘malloc’; expected ‘void *(long unsigned int)’ [-Wbuiltin-declaration-mismatch]
/usr/share/cmake/Modules/CheckFunctionExists.c:7:3: note: in expansion of macro ‘CHECK_FUNCTION_EXISTS’
    7 |   CHECK_FUNCTION_EXISTS(void);
      |   ^~~~~~~~~~~~~~~~~~~~~
/usr/share/cmake/Modules/CheckFunctionExists.c:1:1: note: ‘malloc’ is declared in header ‘<stdlib.h>’
  +++ |+#include <stdlib.h>
    1 | #ifdef CHECK_FUNCTION_EXISTS
Linking C executable cmTC_d25d6
/usr/bin/cmake -E cmake_link_script CMakeFiles/cmTC_d25d6.dir/link.txt --verbose=1
/usr/bin/cc  -DCHECK_FUNCTION_EXISTS=malloc CMakeFiles/cmTC_d25d6.dir/CheckFunctionExists.c.o -o cmTC_d25d6  -ltcmalloc 
/usr/bin/ld: cannot find -ltcmalloc: No such file or directory
collect2: error: ld returned 1 exit status
gmake[1]: *** [CMakeFiles/cmTC_d25d6.dir/build.make:99: cmTC_d25d6] Error 1
gmake[1]: Leaving directory '/home/ec2-user/s3/S3C++/build/CMakeFiles/CMakeTmp'
gmake: *** [Makefile:127: cmTC_d25d6/fast] Error 2



Determining if the F_FULLFSYNC exist failed with the following output:
Change Dir: /home/ec2-user/s3/S3C++/build/CMakeFiles/CMakeTmp

Run Build Command(s):/usr/bin/gmake -f Makefile cmTC_e2b3f/fast && /usr/bin/gmake  -f CMakeFiles/cmTC_e2b3f.dir/build.make CMakeFiles/cmTC_e2b3f.dir/build
gmake[1]: Entering directory '/home/ec2-user/s3/S3C++/build/CMakeFiles/CMakeTmp'
Building CXX object CMakeFiles/cmTC_e2b3f.dir/CheckSymbolExists.cxx.o
/usr/bin/c++   -std=gnu++17 -o CMakeFiles/cmTC_e2b3f.dir/CheckSymbolExists.cxx.o -c /home/ec2-user/s3/S3C++/build/CMakeFiles/CMakeTmp/CheckSymbolExists.cxx
/home/ec2-user/s3/S3C++/build/CMakeFiles/CMakeTmp/CheckSymbolExists.cxx: In function ‘int main(int, char**)’:
/home/ec2-user/s3/S3C++/build/CMakeFiles/CMakeTmp/CheckSymbolExists.cxx:8:19: error: ‘F_FULLFSYNC’ was not declared in this scope
    8 |   return ((int*)(&F_FULLFSYNC))[argc];
      |                   ^~~~~~~~~~~
gmake[1]: *** [CMakeFiles/cmTC_e2b3f.dir/build.make:78: CMakeFiles/cmTC_e2b3f.dir/CheckSymbolExists.cxx.o] Error 1
gmake[1]: Leaving directory '/home/ec2-user/s3/S3C++/build/CMakeFiles/CMakeTmp'
gmake: *** [Makefile:127: cmTC_e2b3f/fast] Error 2


File /home/ec2-user/s3/S3C++/build/CMakeFiles/CMakeTmp/CheckSymbolExists.cxx:
/* */
#include <fcntl.h>

int main(int argc, char** argv)
{
  (void)argv;
#ifndef F_FULLFSYNC
  return ((int*)(&F_FULLFSYNC))[argc];
#else
  (void)argc;
  return 0;
#endif
}
Performing C++ SOURCE FILE Test HAVE_CLANG_THREAD_SAFETY failed with the following output:
Change Dir: /home/ec2-user/s3/S3C++/build/CMakeFiles/CMakeTmp

Run Build Command(s):/usr/bin/gmake -f Makefile cmTC_90522/fast && /usr/bin/gmake  -f CMakeFiles/cmTC_90522.dir/build.make CMakeFiles/cmTC_90522.dir/build
gmake[1]: Entering directory '/home/ec2-user/s3/S3C++/build/CMakeFiles/CMakeTmp'
Building CXX object CMakeFiles/cmTC_90522.dir/src.cxx.o
/usr/bin/c++ -DHAVE_CLANG_THREAD_SAFETY  -fno-exceptions -fno-rtti    -Wthread-safety -std=gnu++17 -o CMakeFiles/cmTC_90522.dir/src.cxx.o -c /home/ec2-user/s3/S3C++/build/CMakeFiles/CMakeTmp/src.cxx
c++: error: unrecognized command-line option '-Wthread-safety'
gmake[1]: *** [CMakeFiles/cmTC_90522.dir/build.make:78: CMakeFiles/cmTC_90522.dir/src.cxx.o] Error 1
gmake[1]: Leaving directory '/home/ec2-user/s3/S3C++/build/CMakeFiles/CMakeTmp'
gmake: *** [Makefile:127: cmTC_90522/fast] Error 2


Source file was:
int main() { return 0; }
Performing C++ SOURCE FILE Test HAVE_CXX_FLAG_WSHORTEN_64_TO_32 failed with the following output:
Change Dir: /home/ec2-user/s3/S3C++/build/CMakeFiles/CMakeTmp

Run Build Command(s):/usr/bin/gmake -f Makefile cmTC_00a19/fast && /usr/bin/gmake  -f CMakeFiles/cmTC_00a19.dir/build.make CMakeFiles/cmTC_00a19.dir/build
gmake[1]: Entering directory '/home/ec2-user/s3/S3C++/build/CMakeFiles/CMakeTmp'
Building CXX object CMakeFiles/cmTC_00a19.dir/src.cxx.o
/usr/bin/c++ -DHAVE_CXX_FLAG_WSHORTEN_64_TO_32  -fno-exceptions -fno-rtti  -Wall  -Wextra  -Wshadow  -Wfloat-equal  -Werror  -Wsuggest-override  -pedantic  -pedantic-errors  -Wshorten-64-to-32   -Wshorten-64-to-32 -std=c++11 -o CMakeFiles/cmTC_00a19.dir/src.cxx.o -c /home/ec2-user/s3/S3C++/build/CMakeFiles/CMakeTmp/src.cxx
c++: error: unrecognized command-line option '-Wshorten-64-to-32'
c++: error: unrecognized command-line option '-Wshorten-64-to-32'
gmake[1]: *** [CMakeFiles/cmTC_00a19.dir/build.make:78: CMakeFiles/cmTC_00a19.dir/src.cxx.o] Error 1
gmake[1]: Leaving directory '/home/ec2-user/s3/S3C++/build/CMakeFiles/CMakeTmp'
gmake: *** [Makefile:127: cmTC_00a19/fast] Error 2


Source file was:
int main() { return 0; }
Performing C++ SOURCE FILE Test HAVE_CXX_FLAG_WD654 failed with the following output:
Change Dir: /home/ec2-user/s3/S3C++/build/CMakeFiles/CMakeTmp

Run Build Command(s):/usr/bin/gmake -f Makefile cmTC_5664e/fast && /usr/bin/gmake  -f CMakeFiles/cmTC_5664e.dir/build.make CMakeFiles/cmTC_5664e.dir/build
gmake[1]: Entering directory '/home/ec2-user/s3/S3C++/build/CMakeFiles/CMakeTmp'
Building CXX object CMakeFiles/cmTC_5664e.dir/src.cxx.o
/usr/bin/c++ -DHAVE_CXX_FLAG_WD654  -fno-exceptions -fno-rtti  -Wall  -Wextra  -Wshadow  -Wfloat-equal  -Werror  -Wsuggest-override  -pedantic  -pedantic-errors  -fstrict-aliasing  -Wno-deprecated-declarations  -Wno-deprecated  -fno-exceptions  -Wstrict-aliasing  -wd654   -wd654 -std=c++11 -o CMakeFiles/cmTC_5664e.dir/src.cxx.o -c /home/ec2-user/s3/S3C++/build/CMakeFiles/CMakeTmp/src.cxx
c++: error: unrecognized command-line option '-wd654'
c++: error: unrecognized command-line option '-wd654'
gmake[1]: *** [CMakeFiles/cmTC_5664e.dir/build.make:78: CMakeFiles/cmTC_5664e.dir/src.cxx.o] Error 1
gmake[1]: Leaving directory '/home/ec2-user/s3/S3C++/build/CMakeFiles/CMakeTmp'
gmake: *** [Makefile:127: cmTC_5664e/fast] Error 2


Source file was:
int main() { return 0; }
Performing C++ SOURCE FILE Test HAVE_CXX_FLAG_WTHREAD_SAFETY failed with the following output:
Change Dir: /home/ec2-user/s3/S3C++/build/CMakeFiles/CMakeTmp

Run Build Command(s):/usr/bin/gmake -f Makefile cmTC_84d11/fast && /usr/bin/gmake  -f CMakeFiles/cmTC_84d11.dir/build.make CMakeFiles/cmTC_84d11.dir/build
gmake[1]: Entering directory '/home/ec2-user/s3/S3C++/build/CMakeFiles/CMakeTmp'
Building CXX object CMakeFiles/cmTC_84d11.dir/src.cxx.o
/usr/bin/c++ -DHAVE_CXX_FLAG_WTHREAD_SAFETY  -fno-exceptions -fno-rtti  -Wall  -Wextra  -Wshadow  -Wfloat-equal  -Werror  -Wsuggest-override  -pedantic  -pedantic-errors  -fstrict-aliasing  -Wno-deprecated-declarations  -Wno-deprecated  -fno-exceptions  -Wstrict-aliasing  -Wthread-safety   -Wthread-safety -std=c++11 -o CMakeFiles/cmTC_84d11.dir/src.cxx.o -c /home/ec2-user/s3/S3C++/build/CMakeFiles/CMakeTmp/src.cxx
c++: error: unrecognized command-line option '-Wthread-safety'
c++: error: unrecognized command-line option '-Wthread-safety'
gmake[1]: *** [CMakeFiles/cmTC_84d11.dir/build.make:78: CMakeFiles/cmTC_84d11.dir/src.cxx.o] Error 1
gmake[1]: Leaving directory '/home/ec2-user/s3/S3C++/build/CMakeFiles/CMakeTmp'
gmake: *** [Makefile:127: cmTC_84d11/fast] Error 2


Source file was:
int main() { return 0; }
Determining if the function sqlite3_open exists in the sqlite3 failed with the following output:
Change Dir: /home/ec2-user/s3/S3C++/build/CMakeFiles/CMakeTmp

Run Build Command(s):/usr/bin/gmake -f Makefile cmTC_e6722/fast && /usr/bin/gmake  -f CMakeFiles/cmTC_e6722.dir/build.make CMakeFiles/cmTC_e6722.dir/build
gmake[1]: Entering directory '/home/ec2-user/s3/S3C++/build/CMakeFiles/CMakeTmp'
Building C object CMakeFiles/cmTC_e6722.dir/CheckFunctionExists.c.o
/usr/bin/cc   -Wstrict-prototypes -DCHECK_FUNCTION_EXISTS=sqlite3_open -std=c11 -o CMakeFiles/cmTC_e6722.dir/CheckFunctionExists.c.o -c /usr/share/cmake/Modules/CheckFunctionExists.c
Linking C executable cmTC_e6722
/usr/bin/cmake -E cmake_link_script CMakeFiles/cmTC_e6722.dir/link.txt --verbose=1
/usr/bin/cc  -Wstrict-prototypes -DCHECK_FUNCTION_EXISTS=sqlite3_open CMakeFiles/cmTC_e6722.dir/CheckFunctionExists.c.o -o cmTC_e6722  -lsqlite3 
/usr/bin/ld: cannot find -lsqlite3: No such file or directory
collect2: error: ld returned 1 exit status
gmake[1]: *** [CMakeFiles/cmTC_e6722.dir/build.make:99: cmTC_e6722] Error 1
gmake[1]: Leaving directory '/home/ec2-user/s3/S3C++/build/CMakeFiles/CMakeTmp'
gmake: *** [Makefile:127: cmTC_e6722/fast] Error 2



Performing C++ SOURCE FILE Test HAVE_KYOTOCABINET failed with the following output:
Change Dir: /home/ec2-user/s3/S3C++/build/CMakeFiles/CMakeTmp

Run Build Command(s):/usr/bin/gmake -f Makefile cmTC_c4f11/fast && /usr/bin/gmake  -f CMakeFiles/cmTC_c4f11.dir/build.make CMakeFiles/cmTC_c4f11.dir/build
gmake[1]: Entering directory '/home/ec2-user/s3/S3C++/build/CMakeFiles/CMakeTmp'
Building CXX object CMakeFiles/cmTC_c4f11.dir/src.cxx.o
/usr/bin/c++ -DHAVE_KYOTOCABINET  -fno-exceptions -fno-rtti  -std=gnu++17 -o CMakeFiles/cmTC_c4f11.dir/src.cxx.o -c /home/ec2-user/s3/S3C++/build/CMakeFiles/CMakeTmp/src.cxx
/home/ec2-user/s3/S3C++/build/CMakeFiles/CMakeTmp/src.cxx:2:10: fatal error: kcpolydb.h: No such file or directory
    2 | #include <kcpolydb.h>
      |          ^~~~~~~~~~~~
compilation terminated.
gmake[1]: *** [CMakeFiles/cmTC_c4f11.dir/build.make:78: CMakeFiles/cmTC_c4f11.dir/src.cxx.o] Error 1
gmake[1]: Leaving directory '/home/ec2-user/s3/S3C++/build/CMakeFiles/CMakeTmp'
gmake: *** [Makefile:127: cmTC_c4f11/fast] Error 2


Source file was:

#include <kcpolydb.h>

int main() {
  kyotocabinet::TreeDB* db = new kyotocabinet::TreeDB();
  delete db;
  return 0;
}
  
Determining if the function crc32c_value exists in the crc32c failed with the following output:
Change Dir: /home/ec2-user/s3/S3C++/build/CMakeFiles/CMakeTmp

Run Build Command(s):/usr/bin/gmake -f Makefile cmTC_b8d8d/fast && /usr/bin/gmake  -f CMakeFiles/cmTC_b8d8d.dir/build.make CMakeFiles/cmTC_b8d8d.dir/build
gmake[1]: Entering directory '/home/ec2-user/s3/S3C++/build/CMakeFiles/CMakeTmp'
Building C object CMakeFiles/cmTC_b8d8d.dir/CheckFunctionExists.c.o
/usr/bin/cc   -DCHECK_FUNCTION_EXISTS=crc32c_value -std=c11 -o CMakeFiles/cmTC_b8d8d.dir/CheckFunctionExists.c.o -c /usr/share/cmake/Modules/CheckFunctionExists.c
Linking C executable cmTC_b8d8d
/usr/bin/cmake -E cmake_link_script CMakeFiles/cmTC_b8d8d.dir/link.txt --verbose=1
/usr/bin/cc  -DCHECK_FUNCTION_EXISTS=crc32c_value CMakeFiles/cmTC_b8d8d.dir/CheckFunctionExists.c.o -o cmTC_b8d8d  -lcrc32c 
/usr/bin/ld: cannot find -lcrc32c: No such file or directory
collect2: error: ld returned 1 exit status
gmake[1]: *** [CMakeFiles/cmTC_b8d8d.dir/build.make:99: cmTC_b8d8d] Error 1
gmake[1]: Leaving directory '/home/ec2-user/s3/S3C++/build/CMakeFiles/CMakeTmp'
gmake: *** [Makefile:127: cmTC_b8d8d/fast] Error 2



Determining if the function snappy_compress exists in the snappy failed with the following output:
Change Dir: /home/ec2-user/s3/S3C++/build/CMakeFiles/CMakeTmp

Run Build Command(s):/usr/bin/gmake -f Makefile cmTC_a09da/fast && /usr/bin/gmake  -f CMakeFiles/cmTC_a09da.dir/build.make CMakeFiles/cmTC_a09da.dir/build
gmake[1]: Entering directory '/home/ec2-user/s3/S3C++/build/CMakeFiles/CMakeTmp'
Building C object CMakeFiles/cmTC_a09da.dir/CheckFunctionExists.c.o
/usr/bin/cc   -DCHECK_FUNCTION_EXISTS=snappy_compress -std=c11 -o CMakeFiles/cmTC_a09da.dir/CheckFunctionExists.c.o -c /usr/share/cmake/Modules/CheckFunctionExists.c
Linking C executable cmTC_a09da
/usr/bin/cmake -E cmake_link_script CMakeFiles/cmTC_a09da.dir/link.txt --verbose=1
/usr/bin/cc  -DCHECK_FUNCTION_EXISTS=snappy_compress CMakeFiles/cmTC_a09da.dir/CheckFunctionExists.c.o -o cmTC_a09da  -lsnappy 
/usr/bin/ld: cannot find -lsnappy: No such file or directory
collect2: error: ld returned 1 exit status
gmake[1]: *** [CMakeFiles/cmTC_a09da.dir/build.make:99: cmTC_a09da] Error 1
gmake[1]: Leaving directory '/home/ec2-user/s3/S3C++/build/CMakeFiles/CMakeTmp'
gmake: *** [Makefile:127: cmTC_a09da/fast] Error 2



Determining if the function zstd_compress exists in the zstd failed with the following output:
Change Dir: /home/ec2-user/s3/S3C++/build/CMakeFiles/CMakeTmp

Run Build Command(s):/usr/bin/gmake -f Makefile cmTC_4c013/fast && /usr/bin/gmake  -f CMakeFiles/cmTC_4c013.dir/build.make CMakeFiles/cmTC_4c013.dir/build
gmake[1]: Entering directory '/home/ec2-user/s3/S3C++/build/CMakeFiles/CMakeTmp'
Building C object CMakeFiles/cmTC_4c013.dir/CheckFunctionExists.c.o
/usr/bin/cc   -DCHECK_FUNCTION_EXISTS=zstd_compress -std=c11 -o CMakeFiles/cmTC_4c013.dir/CheckFunctionExists.c.o -c /usr/share/cmake/Modules/CheckFunctionExists.c
Linking C executable cmTC_4c013
/usr/bin/cmake -E cmake_link_script CMakeFiles/cmTC_4c013.dir/link.txt --verbose=1
/usr/bin/cc  -DCHECK_FUNCTION_EXISTS=zstd_compress CMakeFiles/cmTC_4c013.dir/CheckFunctionExists.c.o -o cmTC_4c013  -lzstd 
/usr/bin/ld: CMakeFiles/cmTC_4c013.dir/CheckFunctionExists.c.o: in function `main':
CheckFunctionExists.c:(.text+0x10): undefined reference to `zstd_compress'
collect2: error: ld returned 1 exit status
gmake[1]: *** [CMakeFiles/cmTC_4c013.dir/build.make:99: cmTC_4c013] Error 1
gmake[1]: Leaving directory '/home/ec2-user/s3/S3C++/build/CMakeFiles/CMakeTmp'
gmake: *** [Makefile:127: cmTC_4c013/fast] Error 2



Determining if the function malloc exists in the tcmalloc failed with the following output:
Change Dir: /home/ec2-user/s3/S3C++/build/CMakeFiles/CMakeTmp

Run Build Command(s):/usr/bin/gmake -f Makefile cmTC_f9436/fast && /usr/bin/gmake  -f CMakeFiles/cmTC_f9436.dir/build.make CMakeFiles/cmTC_f9436.dir/build
gmake[1]: Entering directory '/home/ec2-user/s3/S3C++/build/CMakeFiles/CMakeTmp'
Building C object CMakeFiles/cmTC_f9436.dir/CheckFunctionExists.c.o
/usr/bin/cc   -DCHECK_FUNCTION_EXISTS=malloc -std=c11 -o CMakeFiles/cmTC_f9436.dir/CheckFunctionExists.c.o -c /usr/share/cmake/Modules/CheckFunctionExists.c
<command-line>: warning: conflicting types for built-in function ‘malloc’; expected ‘void *(long unsigned int)’ [-Wbuiltin-declaration-mismatch]
/usr/share/cmake/Modules/CheckFunctionExists.c:7:3: note: in expansion of macro ‘CHECK_FUNCTION_EXISTS’
    7 |   CHECK_FUNCTION_EXISTS(void);
      |   ^~~~~~~~~~~~~~~~~~~~~
/usr/share/cmake/Modules/CheckFunctionExists.c:1:1: note: ‘malloc’ is declared in header ‘<stdlib.h>’
  +++ |+#include <stdlib.h>
    1 | #ifdef CHECK_FUNCTION_EXISTS
Linking C executable cmTC_f9436
/usr/bin/cmake -E cmake_link_script CMakeFiles/cmTC_f9436.dir/link.txt --verbose=1
/usr/bin/cc  -DCHECK_FUNCTION_EXISTS=malloc CMakeFiles/cmTC_f9436.dir/CheckFunctionExists.c.o -o cmTC_f9436  -ltcmalloc 
/usr/bin/ld: cannot find -ltcmalloc: No such file or directory
collect2: error: ld returned 1 exit status
gmake[1]: *** [CMakeFiles/cmTC_f9436.dir/build.make:99: cmTC_f9436] Error 1
gmake[1]: Leaving directory '/home/ec2-user/s3/S3C++/build/CMakeFiles/CMakeTmp'
gmake: *** [Makefile:127: cmTC_f9436/fast] Error 2



Determining if the F_FULLFSYNC exist failed with the following output:
Change Dir: /home/ec2-user/s3/S3C++/build/CMakeFiles/CMakeTmp

Run Build Command(s):/usr/bin/gmake -f Makefile cmTC_3e12f/fast && /usr/bin/gmake  -f CMakeFiles/cmTC_3e12f.dir/build.make CMakeFiles/cmTC_3e12f.dir/build
gmake[1]: Entering directory '/home/ec2-user/s3/S3C++/build/CMakeFiles/CMakeTmp'
Building CXX object CMakeFiles/cmTC_3e12f.dir/CheckSymbolExists.cxx.o
/usr/bin/c++   -std=gnu++17 -o CMakeFiles/cmTC_3e12f.dir/CheckSymbolExists.cxx.o -c /home/ec2-user/s3/S3C++/build/CMakeFiles/CMakeTmp/CheckSymbolExists.cxx
/home/ec2-user/s3/S3C++/build/CMakeFiles/CMakeTmp/CheckSymbolExists.cxx: In function ‘int main(int, char**)’:
/home/ec2-user/s3/S3C++/build/CMakeFiles/CMakeTmp/CheckSymbolExists.cxx:8:19: error: ‘F_FULLFSYNC’ was not declared in this scope
    8 |   return ((int*)(&F_FULLFSYNC))[argc];
      |                   ^~~~~~~~~~~
gmake[1]: *** [CMakeFiles/cmTC_3e12f.dir/build.make:78: CMakeFiles/cmTC_3e12f.dir/CheckSymbolExists.cxx.o] Error 1
gmake[1]: Leaving directory '/home/ec2-user/s3/S3C++/build/CMakeFiles/CMakeTmp'
gmake: *** [Makefile:127: cmTC_3e12f/fast] Error 2


File /home/ec2-user/s3/S3C++/build/CMakeFiles/CMakeTmp/CheckSymbolExists.cxx:
/* */
#include <fcntl.h>

int main(int argc, char** argv)
{
  (void)argv;
#ifndef F_FULLFSYNC
  return ((int*)(&F_FULLFSYNC))[argc];
#else
  (void)argc;
  return 0;
#endif
}
Performing C++ SOURCE FILE Test HAVE_CLANG_THREAD_SAFETY failed with the following output:
Change Dir: /home/ec2-user/s3/S3C++/build/CMakeFiles/CMakeTmp

Run Build Command(s):/usr/bin/gmake -f Makefile cmTC_3a7c2/fast && /usr/bin/gmake  -f CMakeFiles/cmTC_3a7c2.dir/build.make CMakeFiles/cmTC_3a7c2.dir/build
gmake[1]: Entering directory '/home/ec2-user/s3/S3C++/build/CMakeFiles/CMakeTmp'
Building CXX object CMakeFiles/cmTC_3a7c2.dir/src.cxx.o
/usr/bin/c++ -DHAVE_CLANG_THREAD_SAFETY  -fno-exceptions -fno-rtti    -Wthread-safety -std=gnu++17 -o CMakeFiles/cmTC_3a7c2.dir/src.cxx.o -c /home/ec2-user/s3/S3C++/build/CMakeFiles/CMakeTmp/src.cxx
c++: error: unrecognized command-line option '-Wthread-safety'
gmake[1]: *** [CMakeFiles/cmTC_3a7c2.dir/build.make:78: CMakeFiles/cmTC_3a7c2.dir/src.cxx.o] Error 1
gmake[1]: Leaving directory '/home/ec2-user/s3/S3C++/build/CMakeFiles/CMakeTmp'
gmake: *** [Makefile:127: cmTC_3a7c2/fast] Error 2


Source file was:
int main() { return 0; }
Performing C++ SOURCE FILE Test HAVE_CXX_FLAG_WSHORTEN_64_TO_32 failed with the following output:
Change Dir: /home/ec2-user/s3/S3C++/build/CMakeFiles/CMakeTmp

Run Build Command(s):/usr/bin/gmake -f Makefile cmTC_b5084/fast && /usr/bin/gmake  -f CMakeFiles/cmTC_b5084.dir/build.make CMakeFiles/cmTC_b5084.dir/build
gmake[1]: Entering directory '/home/ec2-user/s3/S3C++/build/CMakeFiles/CMakeTmp'
Building CXX object CMakeFiles/cmTC_b5084.dir/src.cxx.o
/usr/bin/c++ -DHAVE_CXX_FLAG_WSHORTEN_64_TO_32  -fno-exceptions -fno-rtti  -Wall  -Wextra  -Wshadow  -Wfloat-equal  -Werror  -Wsuggest-override  -pedantic  -pedantic-errors  -Wshorten-64-to-32   -Wshorten-64-to-32 -std=c++11 -o CMakeFiles/cmTC_b5084.dir/src.cxx.o -c /home/ec2-user/s3/S3C++/build/CMakeFiles/CMakeTmp/src.cxx
c++: error: unrecognized command-line option '-Wshorten-64-to-32'
c++: error: unrecognized command-line option '-Wshorten-64-to-32'
gmake[1]: *** [CMakeFiles/cmTC_b5084.dir/build.make:78: CMakeFiles/cmTC_b5084.dir/src.cxx.o] Error 1
gmake[1]: Leaving directory '/home/ec2-user/s3/S3C++/build/CMakeFiles/CMakeTmp'
gmake: *** [Makefile:127: cmTC_b5084/fast] Error 2


Source file was:
int main() { return 0; }
Performing C++ SOURCE FILE Test HAVE_CXX_FLAG_WD654 failed with the following output:
Change Dir: /home/ec2-user/s3/S3C++/build/CMakeFiles/CMakeTmp

Run Build Command(s):/usr/bin/gmake -f Makefile cmTC_df725/fast && /usr/bin/gmake  -f CMakeFiles/cmTC_df725.dir/build.make CMakeFiles/cmTC_df725.dir/build
gmake[1]: Entering directory '/home/ec2-user/s3/S3C++/build/CMakeFiles/CMakeTmp'
Building CXX object CMakeFiles/cmTC_df725.dir/src.cxx.o
/usr/bin/c++ -DHAVE_CXX_FLAG_WD654  -fno-exceptions -fno-rtti  -Wall  -Wextra  -Wshadow  -Wfloat-equal  -Werror  -Wsuggest-override  -pedantic  -pedantic-errors  -fstrict-aliasing  -Wno-deprecated-declarations  -Wno-deprecated  -fno-exceptions  -Wstrict-aliasing  -wd654   -wd654 -std=c++11 -o CMakeFiles/cmTC_df725.dir/src.cxx.o -c /home/ec2-user/s3/S3C++/build/CMakeFiles/CMakeTmp/src.cxx
c++: error: unrecognized command-line option '-wd654'
c++: error: unrecognized command-line option '-wd654'
gmake[1]: *** [CMakeFiles/cmTC_df725.dir/build.make:78: CMakeFiles/cmTC_df725.dir/src.cxx.o] Error 1
gmake[1]: Leaving directory '/home/ec2-user/s3/S3C++/build/CMakeFiles/CMakeTmp'
gmake: *** [Makefile:127: cmTC_df725/fast] Error 2


Source file was:
int main() { return 0; }
Performing C++ SOURCE FILE Test HAVE_CXX_FLAG_WTHREAD_SAFETY failed with the following output:
Change Dir: /home/ec2-user/s3/S3C++/build/CMakeFiles/CMakeTmp

Run Build Command(s):/usr/bin/gmake -f Makefile cmTC_d51fc/fast && /usr/bin/gmake  -f CMakeFiles/cmTC_d51fc.dir/build.make CMakeFiles/cmTC_d51fc.dir/build
gmake[1]: Entering directory '/home/ec2-user/s3/S3C++/build/CMakeFiles/CMakeTmp'
Building CXX object CMakeFiles/cmTC_d51fc.dir/src.cxx.o
/usr/bin/c++ -DHAVE_CXX_FLAG_WTHREAD_SAFETY  -fno-exceptions -fno-rtti  -Wall  -Wextra  -Wshadow  -Wfloat-equal  -Werror  -Wsuggest-override  -pedantic  -pedantic-errors  -fstrict-aliasing  -Wno-deprecated-declarations  -Wno-deprecated  -fno-exceptions  -Wstrict-aliasing  -Wthread-safety   -Wthread-safety -std=c++11 -o CMakeFiles/cmTC_d51fc.dir/src.cxx.o -c /home/ec2-user/s3/S3C++/build/CMakeFiles/CMakeTmp/src.cxx
c++: error: unrecognized command-line option '-Wthread-safety'
c++: error: unrecognized command-line option '-Wthread-safety'
gmake[1]: *** [CMakeFiles/cmTC_d51fc.dir/build.make:78: CMakeFiles/cmTC_d51fc.dir/src.cxx.o] Error 1
gmake[1]: Leaving directory '/home/ec2-user/s3/S3C++/build/CMakeFiles/CMakeTmp'
gmake: *** [Makefile:127: cmTC_d51fc/fast] Error 2


Source file was:
int main() { return 0; }
Determining if the function sqlite3_open exists in the sqlite3 failed with the following output:
Change Dir: /home/ec2-user/s3/S3C++/build/CMakeFiles/CMakeTmp

Run Build Command(s):/usr/bin/gmake -f Makefile cmTC_b82ec/fast && /usr/bin/gmake  -f CMakeFiles/cmTC_b82ec.dir/build.make CMakeFiles/cmTC_b82ec.dir/build
gmake[1]: Entering directory '/home/ec2-user/s3/S3C++/build/CMakeFiles/CMakeTmp'
Building C object CMakeFiles/cmTC_b82ec.dir/CheckFunctionExists.c.o
/usr/bin/cc   -Wstrict-prototypes -DCHECK_FUNCTION_EXISTS=sqlite3_open -std=c11 -o CMakeFiles/cmTC_b82ec.dir/CheckFunctionExists.c.o -c /usr/share/cmake/Modules/CheckFunctionExists.c
Linking C executable cmTC_b82ec
/usr/bin/cmake -E cmake_link_script CMakeFiles/cmTC_b82ec.dir/link.txt --verbose=1
/usr/bin/cc  -Wstrict-prototypes -DCHECK_FUNCTION_EXISTS=sqlite3_open CMakeFiles/cmTC_b82ec.dir/CheckFunctionExists.c.o -o cmTC_b82ec  -lsqlite3 
/usr/bin/ld: cannot find -lsqlite3: No such file or directory
collect2: error: ld returned 1 exit status
gmake[1]: *** [CMakeFiles/cmTC_b82ec.dir/build.make:99: cmTC_b82ec] Error 1
gmake[1]: Leaving directory '/home/ec2-user/s3/S3C++/build/CMakeFiles/CMakeTmp'
gmake: *** [Makefile:127: cmTC_b82ec/fast] Error 2



Performing C++ SOURCE FILE Test HAVE_KYOTOCABINET failed with the following output:
Change Dir: /home/ec2-user/s3/S3C++/build/CMakeFiles/CMakeTmp

Run Build Command(s):/usr/bin/gmake -f Makefile cmTC_a5f74/fast && /usr/bin/gmake  -f CMakeFiles/cmTC_a5f74.dir/build.make CMakeFiles/cmTC_a5f74.dir/build
gmake[1]: Entering directory '/home/ec2-user/s3/S3C++/build/CMakeFiles/CMakeTmp'
Building CXX object CMakeFiles/cmTC_a5f74.dir/src.cxx.o
/usr/bin/c++ -DHAVE_KYOTOCABINET  -fno-exceptions -fno-rtti  -std=gnu++17 -o CMakeFiles/cmTC_a5f74.dir/src.cxx.o -c /home/ec2-user/s3/S3C++/build/CMakeFiles/CMakeTmp/src.cxx
/home/ec2-user/s3/S3C++/build/CMakeFiles/CMakeTmp/src.cxx:2:10: fatal error: kcpolydb.h: No such file or directory
    2 | #include <kcpolydb.h>
      |          ^~~~~~~~~~~~
compilation terminated.
gmake[1]: *** [CMakeFiles/cmTC_a5f74.dir/build.make:78: CMakeFiles/cmTC_a5f74.dir/src.cxx.o] Error 1
gmake[1]: Leaving directory '/home/ec2-user/s3/S3C++/build/CMakeFiles/CMakeTmp'
gmake: *** [Makefile:127: cmTC_a5f74/fast] Error 2


Source file was:

#include <kcpolydb.h>

int main() {
  kyotocabinet::TreeDB* db = new kyotocabinet::TreeDB();
  delete db;
  return 0;
}
  
Determining if the function crc32c_value exists in the crc32c failed with the following output:
Change Dir: /home/ec2-user/s3/S3C++/build/CMakeFiles/CMakeTmp

Run Build Command(s):/usr/bin/gmake -f Makefile cmTC_812e4/fast && /usr/bin/gmake  -f CMakeFiles/cmTC_812e4.dir/build.make CMakeFiles/cmTC_812e4.dir/build
gmake[1]: Entering directory '/home/ec2-user/s3/S3C++/build/CMakeFiles/CMakeTmp'
Building C object CMakeFiles/cmTC_812e4.dir/CheckFunctionExists.c.o
/usr/bin/cc   -DCHECK_FUNCTION_EXISTS=crc32c_value -std=c11 -o CMakeFiles/cmTC_812e4.dir/CheckFunctionExists.c.o -c /usr/share/cmake/Modules/CheckFunctionExists.c
Linking C executable cmTC_812e4
/usr/bin/cmake -E cmake_link_script CMakeFiles/cmTC_812e4.dir/link.txt --verbose=1
/usr/bin/cc  -DCHECK_FUNCTION_EXISTS=crc32c_value CMakeFiles/cmTC_812e4.dir/CheckFunctionExists.c.o -o cmTC_812e4  -lcrc32c 
/usr/bin/ld: cannot find -lcrc32c: No such file or directory
collect2: error: ld returned 1 exit status
gmake[1]: *** [CMakeFiles/cmTC_812e4.dir/build.make:99: cmTC_812e4] Error 1
gmake[1]: Leaving directory '/home/ec2-user/s3/S3C++/build/CMakeFiles/CMakeTmp'
gmake: *** [Makefile:127: cmTC_812e4/fast] Error 2



Determining if the function snappy_compress exists in the snappy failed with the following output:
Change Dir: /home/ec2-user/s3/S3C++/build/CMakeFiles/CMakeTmp

Run Build Command(s):/usr/bin/gmake -f Makefile cmTC_bc4b0/fast && /usr/bin/gmake  -f CMakeFiles/cmTC_bc4b0.dir/build.make CMakeFiles/cmTC_bc4b0.dir/build
gmake[1]: Entering directory '/home/ec2-user/s3/S3C++/build/CMakeFiles/CMakeTmp'
Building C object CMakeFiles/cmTC_bc4b0.dir/CheckFunctionExists.c.o
/usr/bin/cc   -DCHECK_FUNCTION_EXISTS=snappy_compress -std=c11 -o CMakeFiles/cmTC_bc4b0.dir/CheckFunctionExists.c.o -c /usr/share/cmake/Modules/CheckFunctionExists.c
Linking C executable cmTC_bc4b0
/usr/bin/cmake -E cmake_link_script CMakeFiles/cmTC_bc4b0.dir/link.txt --verbose=1
/usr/bin/cc  -DCHECK_FUNCTION_EXISTS=snappy_compress CMakeFiles/cmTC_bc4b0.dir/CheckFunctionExists.c.o -o cmTC_bc4b0  -lsnappy 
/usr/bin/ld: cannot find -lsnappy: No such file or directory
collect2: error: ld returned 1 exit status
gmake[1]: *** [CMakeFiles/cmTC_bc4b0.dir/build.make:99: cmTC_bc4b0] Error 1
gmake[1]: Leaving directory '/home/ec2-user/s3/S3C++/build/CMakeFiles/CMakeTmp'
gmake: *** [Makefile:127: cmTC_bc4b0/fast] Error 2



Determining if the function zstd_compress exists in the zstd failed with the following output:
Change Dir: /home/ec2-user/s3/S3C++/build/CMakeFiles/CMakeTmp

Run Build Command(s):/usr/bin/gmake -f Makefile cmTC_a2065/fast && /usr/bin/gmake  -f CMakeFiles/cmTC_a2065.dir/build.make CMakeFiles/cmTC_a2065.dir/build
gmake[1]: Entering directory '/home/ec2-user/s3/S3C++/build/CMakeFiles/CMakeTmp'
Building C object CMakeFiles/cmTC_a2065.dir/CheckFunctionExists.c.o
/usr/bin/cc   -DCHECK_FUNCTION_EXISTS=zstd_compress -std=c11 -o CMakeFiles/cmTC_a2065.dir/CheckFunctionExists.c.o -c /usr/share/cmake/Modules/CheckFunctionExists.c
Linking C executable cmTC_a2065
/usr/bin/cmake -E cmake_link_script CMakeFiles/cmTC_a2065.dir/link.txt --verbose=1
/usr/bin/cc  -DCHECK_FUNCTION_EXISTS=zstd_compress CMakeFiles/cmTC_a2065.dir/CheckFunctionExists.c.o -o cmTC_a2065  -lzstd 
/usr/bin/ld: CMakeFiles/cmTC_a2065.dir/CheckFunctionExists.c.o: in function `main':
CheckFunctionExists.c:(.text+0x10): undefined reference to `zstd_compress'
collect2: error: ld returned 1 exit status
gmake[1]: *** [CMakeFiles/cmTC_a2065.dir/build.make:99: cmTC_a2065] Error 1
gmake[1]: Leaving directory '/home/ec2-user/s3/S3C++/build/CMakeFiles/CMakeTmp'
gmake: *** [Makefile:127: cmTC_a2065/fast] Error 2



Determining if the function malloc exists in the tcmalloc failed with the following output:
Change Dir: /home/ec2-user/s3/S3C++/build/CMakeFiles/CMakeTmp

Run Build Command(s):/usr/bin/gmake -f Makefile cmTC_b5c1b/fast && /usr/bin/gmake  -f CMakeFiles/cmTC_b5c1b.dir/build.make CMakeFiles/cmTC_b5c1b.dir/build
gmake[1]: Entering directory '/home/ec2-user/s3/S3C++/build/CMakeFiles/CMakeTmp'
Building C object CMakeFiles/cmTC_b5c1b.dir/CheckFunctionExists.c.o
/usr/bin/cc   -DCHECK_FUNCTION_EXISTS=malloc -std=c11 -o CMakeFiles/cmTC_b5c1b.dir/CheckFunctionExists.c.o -c /usr/share/cmake/Modules/CheckFunctionExists.c
<command-line>: warning: conflicting types for built-in function ‘malloc’; expected ‘void *(long unsigned int)’ [-Wbuiltin-declaration-mismatch]
/usr/share/cmake/Modules/CheckFunctionExists.c:7:3: note: in expansion of macro ‘CHECK_FUNCTION_EXISTS’
    7 |   CHECK_FUNCTION_EXISTS(void);
      |   ^~~~~~~~~~~~~~~~~~~~~
/usr/share/cmake/Modules/CheckFunctionExists.c:1:1: note: ‘malloc’ is declared in header ‘<stdlib.h>’
  +++ |+#include <stdlib.h>
    1 | #ifdef CHECK_FUNCTION_EXISTS
Linking C executable cmTC_b5c1b
/usr/bin/cmake -E cmake_link_script CMakeFiles/cmTC_b5c1b.dir/link.txt --verbose=1
/usr/bin/cc  -DCHECK_FUNCTION_EXISTS=malloc CMakeFiles/cmTC_b5c1b.dir/CheckFunctionExists.c.o -o cmTC_b5c1b  -ltcmalloc 
/usr/bin/ld: cannot find -ltcmalloc: No such file or directory
collect2: error: ld returned 1 exit status
gmake[1]: *** [CMakeFiles/cmTC_b5c1b.dir/build.make:99: cmTC_b5c1b] Error 1
gmake[1]: Leaving directory '/home/ec2-user/s3/S3C++/build/CMakeFiles/CMakeTmp'
gmake: *** [Makefile:127: cmTC_b5c1b/fast] Error 2



Determining if the F_FULLFSYNC exist failed with the following output:
Change Dir: /home/ec2-user/s3/S3C++/build/CMakeFiles/CMakeTmp

Run Build Command(s):/usr/bin/gmake -f Makefile cmTC_1363a/fast && /usr/bin/gmake  -f CMakeFiles/cmTC_1363a.dir/build.make CMakeFiles/cmTC_1363a.dir/build
gmake[1]: Entering directory '/home/ec2-user/s3/S3C++/build/CMakeFiles/CMakeTmp'
Building CXX object CMakeFiles/cmTC_1363a.dir/CheckSymbolExists.cxx.o
/usr/bin/c++   -std=gnu++17 -o CMakeFiles/cmTC_1363a.dir/CheckSymbolExists.cxx.o -c /home/ec2-user/s3/S3C++/build/CMakeFiles/CMakeTmp/CheckSymbolExists.cxx
/home/ec2-user/s3/S3C++/build/CMakeFiles/CMakeTmp/CheckSymbolExists.cxx: In function ‘int main(int, char**)’:
/home/ec2-user/s3/S3C++/build/CMakeFiles/CMakeTmp/CheckSymbolExists.cxx:8:19: error: ‘F_FULLFSYNC’ was not declared in this scope
    8 |   return ((int*)(&F_FULLFSYNC))[argc];
      |                   ^~~~~~~~~~~
gmake[1]: *** [CMakeFiles/cmTC_1363a.dir/build.make:78: CMakeFiles/cmTC_1363a.dir/CheckSymbolExists.cxx.o] Error 1
gmake[1]: Leaving directory '/home/ec2-user/s3/S3C++/build/CMakeFiles/CMakeTmp'
gmake: *** [Makefile:127: cmTC_1363a/fast] Error 2


File /home/ec2-user/s3/S3C++/build/CMakeFiles/CMakeTmp/CheckSymbolExists.cxx:
/* */
#include <fcntl.h>

int main(int argc, char** argv)
{
  (void)argv;
#ifndef F_FULLFSYNC
  return ((int*)(&F_FULLFSYNC))[argc];
#else
  (void)argc;
  return 0;
#endif
}
Performing C++ SOURCE FILE Test HAVE_CLANG_THREAD_SAFETY failed with the following output:
Change Dir: /home/ec2-user/s3/S3C++/build/CMakeFiles/CMakeTmp

Run Build Command(s):/usr/bin/gmake -f Makefile cmTC_2646f/fast && /usr/bin/gmake  -f CMakeFiles/cmTC_2646f.dir/build.make CMakeFiles/cmTC_2646f.dir/build
gmake[1]: Entering directory '/home/ec2-user/s3/S3C++/build/CMakeFiles/CMakeTmp'
Building CXX object CMakeFiles/cmTC_2646f.dir/src.cxx.o
/usr/bin/c++ -DHAVE_CLANG_THREAD_SAFETY  -fno-exceptions -fno-rtti    -Wthread-safety -std=gnu++17 -o CMakeFiles/cmTC_2646f.dir/src.cxx.o -c /home/ec2-user/s3/S3C++/build/CMakeFiles/CMakeTmp/src.cxx
c++: error: unrecognized command-line option '-Wthread-safety'
gmake[1]: *** [CMakeFiles/cmTC_2646f.dir/build.make:78: CMakeFiles/cmTC_2646f.dir/src.cxx.o] Error 1
gmake[1]: Leaving directory '/home/ec2-user/s3/S3C++/build/CMakeFiles/CMakeTmp'
gmake: *** [Makefile:127: cmTC_2646f/fast] Error 2


Source file was:
int main() { return 0; }
Performing C++ SOURCE FILE Test HAVE_CXX_FLAG_WSHORTEN_64_TO_32 failed with the following output:
Change Dir: /home/ec2-user/s3/S3C++/build/CMakeFiles/CMakeTmp

Run Build Command(s):/usr/bin/gmake -f Makefile cmTC_d59ce/fast && /usr/bin/gmake  -f CMakeFiles/cmTC_d59ce.dir/build.make CMakeFiles/cmTC_d59ce.dir/build
gmake[1]: Entering directory '/home/ec2-user/s3/S3C++/build/CMakeFiles/CMakeTmp'
Building CXX object CMakeFiles/cmTC_d59ce.dir/src.cxx.o
/usr/bin/c++ -DHAVE_CXX_FLAG_WSHORTEN_64_TO_32  -fno-exceptions -fno-rtti  -Wall  -Wextra  -Wshadow  -Wfloat-equal  -Werror  -Wsuggest-override  -pedantic  -pedantic-errors  -Wshorten-64-to-32   -Wshorten-64-to-32 -std=c++11 -o CMakeFiles/cmTC_d59ce.dir/src.cxx.o -c /home/ec2-user/s3/S3C++/build/CMakeFiles/CMakeTmp/src.cxx
c++: error: unrecognized command-line option '-Wshorten-64-to-32'
c++: error: unrecognized command-line option '-Wshorten-64-to-32'
gmake[1]: *** [CMakeFiles/cmTC_d59ce.dir/build.make:78: CMakeFiles/cmTC_d59ce.dir/src.cxx.o] Error 1
gmake[1]: Leaving directory '/home/ec2-user/s3/S3C++/build/CMakeFiles/CMakeTmp'
gmake: *** [Makefile:127: cmTC_d59ce/fast] Error 2


Source file was:
int main() { return 0; }
Performing C++ SOURCE FILE Test HAVE_CXX_FLAG_WD654 failed with the following output:
Change Dir: /home/ec2-user/s3/S3C++/build/CMakeFiles/CMakeTmp

Run Build Command(s):/usr/bin/gmake -f Makefile cmTC_cde91/fast && /usr/bin/gmake  -f CMakeFiles/cmTC_cde91.dir/build.make CMakeFiles/cmTC_cde91.dir/build
gmake[1]: Entering directory '/home/ec2-user/s3/S3C++/build/CMakeFiles/CMakeTmp'
Building CXX object CMakeFiles/cmTC_cde91.dir/src.cxx.o
/usr/bin/c++ -DHAVE_CXX_FLAG_WD654  -fno-exceptions -fno-rtti  -Wall  -Wextra  -Wshadow  -Wfloat-equal  -Werror  -Wsuggest-override  -pedantic  -pedantic-errors  -fstrict-aliasing  -Wno-deprecated-declarations  -Wno-deprecated  -fno-exceptions  -Wstrict-aliasing  -wd654   -wd654 -std=c++11 -o CMakeFiles/cmTC_cde91.dir/src.cxx.o -c /home/ec2-user/s3/S3C++/build/CMakeFiles/CMakeTmp/src.cxx
c++: error: unrecognized command-line option '-wd654'
c++: error: unrecognized command-line option '-wd654'
gmake[1]: *** [CMakeFiles/cmTC_cde91.dir/build.make:78: CMakeFiles/cmTC_cde91.dir/src.cxx.o] Error 1
gmake[1]: Leaving directory '/home/ec2-user/s3/S3C++/build/CMakeFiles/CMakeTmp'
gmake: *** [Makefile:127: cmTC_cde91/fast] Error 2


Source file was:
int main() { return 0; }
Performing C++ SOURCE FILE Test HAVE_CXX_FLAG_WTHREAD_SAFETY failed with the following output:
Change Dir: /home/ec2-user/s3/S3C++/build/CMakeFiles/CMakeTmp

Run Build Command(s):/usr/bin/gmake -f Makefile cmTC_f9728/fast && /usr/bin/gmake  -f CMakeFiles/cmTC_f9728.dir/build.make CMakeFiles/cmTC_f9728.dir/build
gmake[1]: Entering directory '/home/ec2-user/s3/S3C++/build/CMakeFiles/CMakeTmp'
Building CXX object CMakeFiles/cmTC_f9728.dir/src.cxx.o
/usr/bin/c++ -DHAVE_CXX_FLAG_WTHREAD_SAFETY  -fno-exceptions -fno-rtti  -Wall  -Wextra  -Wshadow  -Wfloat-equal  -Werror  -Wsuggest-override  -pedantic  -pedantic-errors  -fstrict-aliasing  -Wno-deprecated-declarations  -Wno-deprecated  -fno-exceptions  -Wstrict-aliasing  -Wthread-safety   -Wthread-safety -std=c++11 -o CMakeFiles/cmTC_f9728.dir/src.cxx.o -c /home/ec2-user/s3/S3C++/build/CMakeFiles/CMakeTmp/src.cxx
c++: error: unrecognized command-line option '-Wthread-safety'
c++: error: unrecognized command-line option '-Wthread-safety'
gmake[1]: *** [CMakeFiles/cmTC_f9728.dir/build.make:78: CMakeFiles/cmTC_f9728.dir/src.cxx.o] Error 1
gmake[1]: Leaving directory '/home/ec2-user/s3/S3C++/build/CMakeFiles/CMakeTmp'
gmake: *** [Makefile:127: cmTC_f9728/fast] Error 2


Source file was:
int main() { return 0; }
Determining if the function sqlite3_open exists in the sqlite3 failed with the following output:
Change Dir: /home/ec2-user/s3/S3C++/build/CMakeFiles/CMakeTmp

Run Build Command(s):/usr/bin/gmake -f Makefile cmTC_e4af6/fast && /usr/bin/gmake  -f CMakeFiles/cmTC_e4af6.dir/build.make CMakeFiles/cmTC_e4af6.dir/build
gmake[1]: Entering directory '/home/ec2-user/s3/S3C++/build/CMakeFiles/CMakeTmp'
Building C object CMakeFiles/cmTC_e4af6.dir/CheckFunctionExists.c.o
/usr/bin/cc   -Wstrict-prototypes -DCHECK_FUNCTION_EXISTS=sqlite3_open -std=c11 -o CMakeFiles/cmTC_e4af6.dir/CheckFunctionExists.c.o -c /usr/share/cmake/Modules/CheckFunctionExists.c
Linking C executable cmTC_e4af6
/usr/bin/cmake -E cmake_link_script CMakeFiles/cmTC_e4af6.dir/link.txt --verbose=1
/usr/bin/cc  -Wstrict-prototypes -DCHECK_FUNCTION_EXISTS=sqlite3_open CMakeFiles/cmTC_e4af6.dir/CheckFunctionExists.c.o -o cmTC_e4af6  -lsqlite3 
/usr/bin/ld: cannot find -lsqlite3: No such file or directory
collect2: error: ld returned 1 exit status
gmake[1]: *** [CMakeFiles/cmTC_e4af6.dir/build.make:99: cmTC_e4af6] Error 1
gmake[1]: Leaving directory '/home/ec2-user/s3/S3C++/build/CMakeFiles/CMakeTmp'
gmake: *** [Makefile:127: cmTC_e4af6/fast] Error 2



Performing C++ SOURCE FILE Test HAVE_KYOTOCABINET failed with the following output:
Change Dir: /home/ec2-user/s3/S3C++/build/CMakeFiles/CMakeTmp

Run Build Command(s):/usr/bin/gmake -f Makefile cmTC_00716/fast && /usr/bin/gmake  -f CMakeFiles/cmTC_00716.dir/build.make CMakeFiles/cmTC_00716.dir/build
gmake[1]: Entering directory '/home/ec2-user/s3/S3C++/build/CMakeFiles/CMakeTmp'
Building CXX object CMakeFiles/cmTC_00716.dir/src.cxx.o
/usr/bin/c++ -DHAVE_KYOTOCABINET  -fno-exceptions -fno-rtti  -std=gnu++17 -o CMakeFiles/cmTC_00716.dir/src.cxx.o -c /home/ec2-user/s3/S3C++/build/CMakeFiles/CMakeTmp/src.cxx
/home/ec2-user/s3/S3C++/build/CMakeFiles/CMakeTmp/src.cxx:2:10: fatal error: kcpolydb.h: No such file or directory
    2 | #include <kcpolydb.h>
      |          ^~~~~~~~~~~~
compilation terminated.
gmake[1]: *** [CMakeFiles/cmTC_00716.dir/build.make:78: CMakeFiles/cmTC_00716.dir/src.cxx.o] Error 1
gmake[1]: Leaving directory '/home/ec2-user/s3/S3C++/build/CMakeFiles/CMakeTmp'
gmake: *** [Makefile:127: cmTC_00716/fast] Error 2


Source file was:

#include <kcpolydb.h>

int main() {
  kyotocabinet::TreeDB* db = new kyotocabinet::TreeDB();
  delete db;
  return 0;
}
  
